#
# A fatal error has been detected by the Java Runtime Environment:
#
#  EXCEPTION_ACCESS_VIOLATION (0xc0000005) at pc=0x00007ff89bd226c4, pid=25808, tid=29684
#
# JRE version: OpenJDK Runtime Environment (24.0.1+9) (build 24.0.1+9-30)
# Java VM: OpenJDK 64-Bit Server VM (24.0.1+9-30, mixed mode, sharing, tiered, compressed oops, compressed class ptrs, g1 gc, windows-amd64)
# Problematic frame:
# C  [libasyncProfiler.dll+0x926c4]
#
# No core dump will be written. Minidumps are not enabled by default on client versions of Windows
#
# JFR recording file will be written. Location: C:\Users\Sami Elshariff\IdeaProjects\D2IP\hs_err_pid25808.jfr
#
# If you would like to submit a bug report, please visit:
#   https://bugreport.java.com/bugreport/crash.jsp
# The crash happened outside the Java Virtual Machine in native code.
# See problematic frame for where to report the bug.
#

---------------  S U M M A R Y ------------

Command Line: -javaagent:C:\Program Files\JetBrains\IntelliJ IDEA 2025.1.1.1\lib\idea_rt.jar=62210 -agentpath:C:\Users\SAMIEL~1\AppData\Local\Temp\idea_libasyncProfiler_dll_temp_folder5\libasyncProfiler.dll=start,jfr,event=wall,interval=10ms,jfrsync=profile,cstack=no,file=C:\Users\Sami Elshariff\IdeaSnapshots\Main_2025_06_24_103234.jfr,dbghelppath=C:\Users\SAMIEL~1\AppData\Local\Temp\idea_dbghelp_dll_temp_folder4\dbghelp.dll,log=C:\Users\SAMIEL~1\AppData\Local\Temp\Main_2025_06_24_103234.jfr.log.txt,logLevel=DEBUG -Dfile.encoding=UTF-8 -Dsun.stdout.encoding=UTF-8 -Dsun.stderr.encoding=UTF-8 org.example.Main

Host: AMD Ryzen 7 Microsoft Surface (R) Edition, 16 cores, 7G,  Windows 11 , 64 bit Build 26100 (10.0.26100.4202)
Time: Tue Jun 24 10:32:36 2025 Mitteleuropäische Sommerzeit elapsed time: 1.413706 seconds (0d 0h 0m 1s)

---------------  T H R E A D  ---------------

Current thread (0x000001fe240fe3d0):  JavaThread "main"             [_thread_in_native, id=29684, stack(0x000000ef48b00000,0x000000ef48c00000) (1024K)]

Stack: [0x000000ef48b00000,0x000000ef48c00000],  sp=0x000000ef48bfe670,  free space=1017k
Native frames: (J=compiled Java code, j=interpreted, Vv=VM code, C=native code)
C  [libasyncProfiler.dll+0x926c4]  (no source info available)
C  [libasyncProfiler.dll+0x92b9b]  (no source info available)
C  [libasyncProfiler.dll+0x917f4]  (no source info available)
C  [libasyncProfiler.dll+0x9206a]  (no source info available)
C  [libasyncProfiler.dll+0x8cc21]  (no source info available)
C  [libasyncProfiler.dll+0x7e5e1]  (no source info available)
C  [libasyncProfiler.dll+0x7d2f8]  (no source info available)
C  [libasyncProfiler.dll+0x7d1e0]  (no source info available)
C  [libasyncProfiler.dll+0x832fc]  (no source info available)
V  [jvm.dll+0x5e38de]  (no source info available)
V  [jvm.dll+0x886056]  (no source info available)
V  [jvm.dll+0x495f3e]  (no source info available)
V  [jvm.dll+0x497d11]  (no source info available)
C  [jli.dll+0x52a1]  (no source info available)
C  [ucrtbase.dll+0x37b0]  (no source info available)
C  [KERNEL32.DLL+0x2e8d7]  (no source info available)
C  [ntdll.dll+0x3c34c]  (no source info available)


siginfo: EXCEPTION_ACCESS_VIOLATION (0xc0000005), reading address 0xffffffffffffffff


Registers:
RAX=0x0000000000000010, RBX=0x0000000000000000, RCX=0xffffffffffffffff, RDX=0x007fffea0f300010
RSP=0x000000ef48bfe670, RBP=0x000001fe88051ec8, RSI=0x000000ef48bfe7e0, RDI=0x000001fe88051ec8
R8 =0x0000000000000042, R9 =0x0000000090301ed8, R10=0x00007fffea369fb0, R11=0x0000000000000002
R12=0x000000ef48bfe7e0, R13=0x000001fe225b94a0, R14=0x000001fe240fe798, R15=0x000001fe240fe798
RIP=0x00007ff89bd226c4, EFLAGS=0x0000000000010202

XMM[0]=0x0000000000000000 0x0000000000000000
XMM[1]=0x0000000000000000 0x0000000000000000
XMM[2]=0x0000000000000000 0x0000000000000000
XMM[3]=0x0000000000000000 0x0000000000000000
XMM[4]=0x0000000000000000 0x0000000000000000
XMM[5]=0x0000000000000000 0x0000000000000000
XMM[6]=0x0000000000000000 0x0000000000000000
XMM[7]=0x0000000000000000 0x0000000000000000
XMM[8]=0x0000000000000000 0x0000000000000000
XMM[9]=0x0000000000000000 0x0000000000000000
XMM[10]=0x0000000000000000 0x0000000000000000
XMM[11]=0x0000000000000000 0x0000000000000000
XMM[12]=0x0000000000000000 0x0000000000000000
XMM[13]=0x0000000000000000 0x0000000000000000
XMM[14]=0x0000000000000000 0x0000000000000000
XMM[15]=0x0000000000000000 0x0000000000000000
  MXCSR=0x00001fa0


Register to memory mapping:

RAX=0x0000000000000010 is an unknown value
RBX=0x0 is null
RCX=0xffffffffffffffff is an unknown value
RDX=0x007fffea0f300010 is an unknown value
RSP=0x000000ef48bfe670 is pointing into the stack for thread: 0x000001fe240fe3d0
RBP=0x000001fe88051ec8 points into unknown readable memory: 0x0000000090301ed8 | d8 1e 30 90 00 00 00 00
RSI=0x000000ef48bfe7e0 is pointing into the stack for thread: 0x000001fe240fe3d0
RDI=0x000001fe88051ec8 points into unknown readable memory: 0x0000000090301ed8 | d8 1e 30 90 00 00 00 00
R8 =0x0000000000000042 is an unknown value
R9 =0x0000000090301ed8 is an oop: java.lang.Thread 
{0x0000000090301ed8} - klass: 'java/lang/Thread' - flags: 

 - ---- fields (total size 14 words):
 - 'threadLocalRandomProbe' 'I' @12  0 (0x00000000)
 - private volatile 'eetop' 'J' @16  2191038342096 (0x000001fe240fe3d0)
 - private final 'tid' 'J' @24  3 (0x0000000000000003)
 - 'threadLocalRandomSeed' 'J' @32  0 (0x0000000000000000)
 - injected 'jvmti_thread_state' 'J' @40  2191008870560 (0x000001fe224e30a0)
 - 'threadLocalRandomSecondarySeed' 'I' @48  0 (0x00000000)
 - injected 'jvmti_VTMS_transition_disable_count' 'I' @52  0 (0x00000000)
 - injected 'jfr_epoch' 'S' @56  0 (0x0000)
 - volatile 'interrupted' 'Z' @58  false (0x00)
 - injected 'jvmti_is_in_VTMS_transition' 'Z' @59  false (0x00)
 - private volatile 'name' 'Ljava/lang/String;' @60  "main"{0x0000000090301f48} (0x90301f48)
 - private volatile 'contextClassLoader' 'Ljava/lang/ClassLoader;' @64  a 'jdk/internal/loader/ClassLoaders$AppClassLoader'{0x0000000090319cd8} (0x90319cd8)
 - private final 'holder' 'Ljava/lang/Thread$FieldHolder;' @68  a 'java/lang/Thread$FieldHolder'{0x0000000090301f88} (0x90301f88)
 - 'threadLocals' 'Ljava/lang/ThreadLocal$ThreadLocalMap;' @72  a 'java/lang/ThreadLocal$ThreadLocalMap'{0x00000000901b72d0} (0x901b72d0)
 - 'inheritableThreadLocals' 'Ljava/lang/ThreadLocal$ThreadLocalMap;' @76  null (0x00000000)
 - private 'scopedValueBindings' 'Ljava/lang/Object;' @80  a 'java/lang/Class'{0x00000000ffe7c258} = 'java/lang/Thread' (0xffe7c258)
 - final 'interruptLock' 'Ljava/lang/Object;' @84  a 'java/lang/Object'{0x0000000090301f78} (0x90301f78)
 - private volatile 'parkBlocker' 'Ljava/lang/Object;' @88  null (0x00000000)
 - private 'nioBlocker' 'Lsun/nio/ch/Interruptible;' @92  null (0x00000000)
 - private 'cont' 'Ljdk/internal/vm/Continuation;' @96  null (0x00000000)
 - private volatile 'uncaughtExceptionHandler' 'Ljava/lang/Thread$UncaughtExceptionHandler;' @100  null (0x00000000)
 - private 'container' 'Ljdk/internal/vm/ThreadContainer;' @104  null (0x00000000)
 - private volatile 'headStackableScopes' 'Ljdk/internal/vm/StackableScope;' @108  null (0x00000000)
R10=0x00007fffea369fb0 jvm.dll
R11=0x0000000000000002 is an unknown value
R12=0x000000ef48bfe7e0 is pointing into the stack for thread: 0x000001fe240fe3d0
R13=0x000001fe225b94a0 points into unknown readable memory: 0x00007fffea2da510 | 10 a5 2d ea ff 7f 00 00
R14=0x000001fe240fe798 points into unknown readable memory: 0x00007fffea2d17b0 | b0 17 2d ea ff 7f 00 00
R15=0x000001fe240fe798 points into unknown readable memory: 0x00007fffea2d17b0 | b0 17 2d ea ff 7f 00 00

Top of Stack: (sp=0x000000ef48bfe670)
0x000000ef48bfe670:   000000ef48bfe7e0 000001fe88051ec8   ...H............
0x000000ef48bfe680:   0000000000000000 000001fe240feb20   ........ ..$....
0x000000ef48bfe690:   000000000000001a 00007ff89bd22b9b   .........+......
0x000000ef48bfe6a0:   0000000000000000 000001fe240fe798   ...........$....
0x000000ef48bfe6b0:   000000ef48bfe701 0000000000000000   ...H............
0x000000ef48bfe6c0:   000001fe89979500 00007ff89bd217f4   ................
0x000000ef48bfe6d0:   0000000000000000 000000000000001a   ................
0x000000ef48bfe6e0:   0000000000000000 000000000000001a   ................
0x000000ef48bfe6f0:   0000000900000002 000001fe896c4a40   ........@Jl.....
0x000000ef48bfe700:   000001fe89979500 000001fe89979568   ........h.......
0x000000ef48bfe710:   000001fe89979570 0000000000004254   p.......TB......
0x000000ef48bfe720:   0000000000000000 0000000000000000   ................
0x000000ef48bfe730:   0000000000000000 00007fffe9b357d4   .........W......
0x000000ef48bfe740:   00007ff89be64ca0 00000000000064d0   .L.......d......
0x000000ef48bfe750:   00007ff89be64ca0 00000000ffffffff   .L..............
0x000000ef48bfe760:   0000000000000000 00007ff89bd2206a   ........j ......
0x000000ef48bfe770:   000001fe240fe798 0000000000000000   ...$............
0x000000ef48bfe780:   000000ef48bfe7e9 000001fe225b94a0   ...H......["....
0x000000ef48bfe790:   000001fe8ad0a040 000001fe224c0000   @.........L"....
0x000000ef48bfe7a0:   000001fe8ad0a040 00007ff8c5c4fc09   @...............
0x000000ef48bfe7b0:   000001fe240fe798 00007ff89be64ca0   ...$.....L......
0x000000ef48bfe7c0:   00007ff89be0f0d8 00007ff89be0f0c8   ................
0x000000ef48bfe7d0:   0000000000000000 000001fe240fe798   ...........$....
0x000000ef48bfe7e0:   000001fe8997be50 000001fe8997c190   P...............
0x000000ef48bfe7f0:   000001fe8997c190 00007ff89be64ca0   .........L......
0x000000ef48bfe800:   000001fe24056bb8 000000ef48bfe978   .k.$....x..H....
0x000000ef48bfe810:   000000ef48bfeab0 0000000000008840   ...H....@.......
0x000000ef48bfe820:   00007ff89be57080 00007ff89be64cf0   .p.......L......
0x000000ef48bfe830:   0000000000989680 0000000000989680   ................
0x000000ef48bfe840:   000000ef48bfe950 00007ff89bd1cc21   P..H....!.......
0x000000ef48bfe850:   00007ff89be64ca0 00007ff89be64cf8   .L.......L......
0x000000ef48bfe860:   00007ff800000000 001dcf5900000001   ............Y...

Instructions: (pc=0x00007ff89bd226c4)
  0x00007ff89bd225c4:   cc cc cc cc cc cc cc cc cc cc cc cc cc cc cc cc
  0x00007ff89bd225d4:   cc cc cc cc cc cc cc cc cc cc cc cc cc cc cc cc
  0x00007ff89bd225e4:   cc cc cc cc cc cc cc cc cc cc cc cc cc cc cc cc
  0x00007ff89bd225f4:   cc cc cc cc cc cc cc cc cc cc cc cc cc cc cc cc
  0x00007ff89bd22604:   cc cc cc cc cc cc cc cc cc cc cc cc cc cc cc cc
  0x00007ff89bd22614:   cc cc cc cc cc cc cc cc cc cc cc cc cc cc cc cc
  0x00007ff89bd22624:   cc cc cc cc cc cc cc cc cc cc cc cc cc cc cc cc
  0x00007ff89bd22634:   cc cc cc cc cc cc cc cc cc cc cc cc cc cc cc cc
  0x00007ff89bd22644:   cc cc cc cc cc cc cc cc cc cc cc cc 40 57 48 83
  0x00007ff89bd22654:   ec 20 48 8b f9 48 8b 0d 10 28 14 00 48 85 c9 74
  0x00007ff89bd22664:   20 48 8b 01 48 8d 54 24 38 41 b8 06 00 01 00 4c
  0x00007ff89bd22674:   8b 48 30 41 ff d1 85 c0 75 07 48 8b 4c 24 38 eb
  0x00007ff89bd22684:   02 33 c9 4c 8b 05 ea 28 14 00 48 89 5c 24 30 4d
  0x00007ff89bd22694:   85 c0 74 4a 48 8b 01 48 8b d7 4c 8b 88 28 03 00
  0x00007ff89bd226a4:   00 41 ff d1 48 85 c0 74 35 48 63 0d f8 e6 13 00
  0x00007ff89bd226b4:   48 8b 14 01 48 85 d2 74 15 48 63 05 fc e6 13 00
=>0x00007ff89bd226c4:   8b 04 10 48 8b 5c 24 30 48 83 c4 20 5f c3 b8 ff
  0x00007ff89bd226d4:   ff ff ff 48 8b 5c 24 30 48 83 c4 20 5f c3 80 3d
  0x00007ff89bd226e4:   9b 27 14 00 00 bb ff ff ff ff 74 20 4c 8b 0d 31
  0x00007ff89bd226f4:   24 14 00 4c 8d 44 24 38 48 8b 0d 15 24 14 00 48
  0x00007ff89bd22704:   8b d7 41 ff d1 85 c0 0f 44 5c 24 38 8b c3 48 8b
  0x00007ff89bd22714:   5c 24 30 48 83 c4 20 5f c3 cc cc cc cc cc cc cc
  0x00007ff89bd22724:   cc cc cc cc cc cc cc cc cc cc cc cc cc cc cc cc
  0x00007ff89bd22734:   cc cc cc cc cc cc cc cc cc cc cc cc cc cc cc cc
  0x00007ff89bd22744:   cc cc cc cc cc cc cc cc cc cc cc cc 48 89 54 24
  0x00007ff89bd22754:   10 53 55 56 57 41 56 41 57 48 83 ec 28 48 8b f2
  0x00007ff89bd22764:   4c 8b f1 48 89 4c 24 78 45 33 ff 44 89 7c 24 68
  0x00007ff89bd22774:   c7 44 24 60 01 00 00 00 48 8d 4c 24 68 e8 ed 42
  0x00007ff89bd22784:   f7 ff 8b d8 48 8d 4c 24 60 e8 e1 42 f7 ff 8b e8
  0x00007ff89bd22794:   49 8b ce e8 00 fc f6 ff 48 8b f8 90 8b c3 f0 0f
  0x00007ff89bd227a4:   b1 2f 74 04 f3 90 eb f4 4c 89 3e 4c 89 7e 08 4c
  0x00007ff89bd227b4:   89 7e 10 49 8b 6e 08 4d 8b 76 10 49 3b ee 0f 84


Stack slot to memory mapping:

stack at sp + 0 slots: 0x000000ef48bfe7e0 is pointing into the stack for thread: 0x000001fe240fe3d0
stack at sp + 1 slots: 0x000001fe88051ec8 points into unknown readable memory: 0x0000000090301ed8 | d8 1e 30 90 00 00 00 00
stack at sp + 2 slots: 0x0 is null
stack at sp + 3 slots: 0x000001fe240feb20 points into unknown readable memory: 0x6e616c2e6176616a | 6a 61 76 61 2e 6c 61 6e
stack at sp + 4 slots: 0x000000000000001a is an unknown value
stack at sp + 5 slots: 0x00007ff89bd22b9b libasyncProfiler.dll
stack at sp + 6 slots: 0x0 is null
stack at sp + 7 slots: 0x000001fe240fe798 points into unknown readable memory: 0x00007fffea2d17b0 | b0 17 2d ea ff 7f 00 00

Lock stack of current Java thread (top to bottom):


---------------  P R O C E S S  ---------------

Threads class SMR info:
_java_thread_list=0x000001fe896e0c00, length=15, elements={
0x000001fe240fe3d0, 0x000001fe2d7f3ee0, 0x000001fe2d7f4620, 0x000001fe2d7f8eb0,
0x000001fe42cd0150, 0x000001fe2d7fdb20, 0x000001fe2d7fe650, 0x000001fe42cce970,
0x000001fe42ccf4f0, 0x000001fe42de96b0, 0x000001fe42df6b60, 0x000001fe42f3aae0,
0x000001fe8804a6a0, 0x000001fe8970b330, 0x000001fe896e0cf0
}

Java Threads: ( => current thread )
=>0x000001fe240fe3d0 JavaThread "main"                              [_thread_in_native, id=29684, stack(0x000000ef48b00000,0x000000ef48c00000) (1024K)]
  0x000001fe2d7f3ee0 JavaThread "Reference Handler"          daemon [_thread_blocked, id=16712, stack(0x000000ef49300000,0x000000ef49400000) (1024K)]
  0x000001fe2d7f4620 JavaThread "Finalizer"                  daemon [_thread_blocked, id=20412, stack(0x000000ef49400000,0x000000ef49500000) (1024K)]
  0x000001fe2d7f8eb0 JavaThread "Signal Dispatcher"          daemon [_thread_blocked, id=24600, stack(0x000000ef49500000,0x000000ef49600000) (1024K)]
  0x000001fe42cd0150 JavaThread "Attach Listener"            daemon [_thread_in_Java, id=22444, stack(0x000000ef49600000,0x000000ef49700000) (1024K)]
  0x000001fe2d7fdb20 JavaThread "Service Thread"             daemon [_thread_blocked, id=16108, stack(0x000000ef49700000,0x000000ef49800000) (1024K)]
  0x000001fe2d7fe650 JavaThread "Monitor Deflation Thread"   daemon [_thread_blocked, id=22624, stack(0x000000ef49800000,0x000000ef49900000) (1024K)]
  0x000001fe42cce970 JavaThread "C2 CompilerThread0"         daemon [_thread_in_native, id=21824, stack(0x000000ef49900000,0x000000ef49a00000) (1024K)]
  0x000001fe42ccf4f0 JavaThread "C1 CompilerThread0"         daemon [_thread_blocked, id=10024, stack(0x000000ef49a00000,0x000000ef49b00000) (1024K)]
  0x000001fe42de96b0 JavaThread "C1 CompilerThread1"         daemon [_thread_blocked, id=18440, stack(0x000000ef49b00000,0x000000ef49c00000) (1024K)]
  0x000001fe42df6b60 JavaThread "C1 CompilerThread2"         daemon [_thread_blocked, id=13280, stack(0x000000ef49c00000,0x000000ef49d00000) (1024K)]
  0x000001fe42f3aae0 JavaThread "Common-Cleaner"             daemon [_thread_blocked, id=8640, stack(0x000000ef49d00000,0x000000ef49e00000) (1024K)]
  0x000001fe8804a6a0 JavaThread "Monitor Ctrl-Break"         daemon [_thread_in_native, id=26228, stack(0x000000ef49e00000,0x000000ef49f00000) (1024K)]
  0x000001fe8970b330 JavaThread "JFR Recorder Thread"        daemon [_thread_in_native, id=26648, stack(0x000000ef49f00000,0x000000ef4a000000) (1024K)]
  0x000001fe896e0cf0 JavaThread "JFR Periodic Tasks"         daemon [_thread_blocked, id=16980, stack(0x000000ef4a000000,0x000000ef4a100000) (1024K)]
Total: 15

Other Threads:
  0x000001fe2d7e5ad0 VMThread "VM Thread"                           [id=26716, stack(0x000000ef49200000,0x000000ef49300000) (1024K)]
  0x000001fe2d7c6a30 WatcherThread "VM Periodic Task Thread"        [id=18024, stack(0x000000ef49100000,0x000000ef49200000) (1024K)]
  0x000001fe2d6b1150 WorkerThread "GC Thread#0"                     [id=20876, stack(0x000000ef48c00000,0x000000ef48d00000) (1024K)]
  0x000001fe2d6de580 ConcurrentGCThread "G1 Main Marker"            [id=2392, stack(0x000000ef48d00000,0x000000ef48e00000) (1024K)]
  0x000001fe2d6df090 WorkerThread "G1 Conc#0"                       [id=17692, stack(0x000000ef48e00000,0x000000ef48f00000) (1024K)]
  0x000001fe2d7ba060 ConcurrentGCThread "G1 Refine#0"               [id=17884, stack(0x000000ef48f00000,0x000000ef49000000) (1024K)]
  0x000001fe2d7babe0 ConcurrentGCThread "G1 Service"                [id=30584, stack(0x000000ef49000000,0x000000ef49100000) (1024K)]
Total: 7

Threads with active compile tasks:
C2 CompilerThread0  1623 1847       4       java.lang.Class::getPackageName (81 bytes)
Total: 1

VM state: not at safepoint (normal execution)

VM Mutex/Monitor currently owned by a thread: None

Heap address: 0x0000000088c00000, size: 1908 MB, Compressed Oops mode: 32-bit

CDS archive(s) mapped at: [0x000001fe43000000-0x000001fe43d40000-0x000001fe43d40000), size 13893632, SharedBaseAddress: 0x000001fe43000000, ArchiveRelocationMode: 1.
Compressed class space mapped at: 0x000001fe44000000-0x000001fe84000000, reserved size: 1073741824
UseCompressedClassPointers 1, UseCompactObjectHeaders 0
Narrow klass pointer bits 32, Max shift 3
Narrow klass base: 0x000001fe43000000, Narrow klass shift: 0
Encoding Range: [0x000001fe43000000 - 0x000001ff43000000), (4294967296 bytes)
Klass Range:    [0x000001fe43000000 - 0x000001fe84000000), (1090519040 bytes)
Klass ID Range:  [8 - 1090519033) (1090519025)

GC Precious Log:
 CardTable entry size: 512
 Card Set container configuration: InlinePtr #cards 5 size 8 Array Of Cards #cards 10 size 36 Howl #buckets 4 coarsen threshold 1843 Howl Bitmap #cards 512 size 80 coarsen threshold 460 Card regions per heap region 1 cards per card region 2048
 CPUs: 16 total, 16 available
 Memory: 7631M
 Large Page Support: Disabled
 NUMA Support: Disabled
 Compressed Oops: Enabled (32-bit)
 Heap Region Size: 1M
 Heap Min Capacity: 8M
 Heap Initial Capacity: 120M
 Heap Max Capacity: 1908M
 Pre-touch: Disabled
 Parallel Workers: 13
 Concurrent Workers: 3
 Concurrent Refinement Workers: 13
 Periodic GC: Disabled

Heap:
 garbage-first heap   total reserved 1953792K, committed 124928K, used 25712K [0x0000000088c00000, 0x0000000100000000)
  region size 1024K, 25 young (25600K), 0 survivors (0K)
 Metaspace       used 6715K, committed 6912K, reserved 1114112K
  class space    used 595K, committed 704K, reserved 1048576K

Heap Regions: E=young(eden), S=young(survivor), O=old, HS=humongous(starts), HC=humongous(continues), CS=collection set, F=free, TAMS=top-at-mark-start, PB=parsable bottom
|   0|0x0000000088c00000, 0x0000000088c00000, 0x0000000088d00000|  0%| F|  |TAMS 0x0000000088c00000| PB 0x0000000088c00000| Untracked |  0
|   1|0x0000000088d00000, 0x0000000088d00000, 0x0000000088e00000|  0%| F|  |TAMS 0x0000000088d00000| PB 0x0000000088d00000| Untracked |  0
|   2|0x0000000088e00000, 0x0000000088e00000, 0x0000000088f00000|  0%| F|  |TAMS 0x0000000088e00000| PB 0x0000000088e00000| Untracked |  0
|   3|0x0000000088f00000, 0x0000000088f00000, 0x0000000089000000|  0%| F|  |TAMS 0x0000000088f00000| PB 0x0000000088f00000| Untracked |  0
|   4|0x0000000089000000, 0x0000000089000000, 0x0000000089100000|  0%| F|  |TAMS 0x0000000089000000| PB 0x0000000089000000| Untracked |  0
|   5|0x0000000089100000, 0x0000000089100000, 0x0000000089200000|  0%| F|  |TAMS 0x0000000089100000| PB 0x0000000089100000| Untracked |  0
|   6|0x0000000089200000, 0x0000000089200000, 0x0000000089300000|  0%| F|  |TAMS 0x0000000089200000| PB 0x0000000089200000| Untracked |  0
|   7|0x0000000089300000, 0x0000000089300000, 0x0000000089400000|  0%| F|  |TAMS 0x0000000089300000| PB 0x0000000089300000| Untracked |  0
|   8|0x0000000089400000, 0x0000000089400000, 0x0000000089500000|  0%| F|  |TAMS 0x0000000089400000| PB 0x0000000089400000| Untracked |  0
|   9|0x0000000089500000, 0x0000000089500000, 0x0000000089600000|  0%| F|  |TAMS 0x0000000089500000| PB 0x0000000089500000| Untracked |  0
|  10|0x0000000089600000, 0x0000000089600000, 0x0000000089700000|  0%| F|  |TAMS 0x0000000089600000| PB 0x0000000089600000| Untracked |  0
|  11|0x0000000089700000, 0x0000000089700000, 0x0000000089800000|  0%| F|  |TAMS 0x0000000089700000| PB 0x0000000089700000| Untracked |  0
|  12|0x0000000089800000, 0x0000000089800000, 0x0000000089900000|  0%| F|  |TAMS 0x0000000089800000| PB 0x0000000089800000| Untracked |  0
|  13|0x0000000089900000, 0x0000000089900000, 0x0000000089a00000|  0%| F|  |TAMS 0x0000000089900000| PB 0x0000000089900000| Untracked |  0
|  14|0x0000000089a00000, 0x0000000089a00000, 0x0000000089b00000|  0%| F|  |TAMS 0x0000000089a00000| PB 0x0000000089a00000| Untracked |  0
|  15|0x0000000089b00000, 0x0000000089b00000, 0x0000000089c00000|  0%| F|  |TAMS 0x0000000089b00000| PB 0x0000000089b00000| Untracked |  0
|  16|0x0000000089c00000, 0x0000000089c00000, 0x0000000089d00000|  0%| F|  |TAMS 0x0000000089c00000| PB 0x0000000089c00000| Untracked |  0
|  17|0x0000000089d00000, 0x0000000089d00000, 0x0000000089e00000|  0%| F|  |TAMS 0x0000000089d00000| PB 0x0000000089d00000| Untracked |  0
|  18|0x0000000089e00000, 0x0000000089e00000, 0x0000000089f00000|  0%| F|  |TAMS 0x0000000089e00000| PB 0x0000000089e00000| Untracked |  0
|  19|0x0000000089f00000, 0x0000000089f00000, 0x000000008a000000|  0%| F|  |TAMS 0x0000000089f00000| PB 0x0000000089f00000| Untracked |  0
|  20|0x000000008a000000, 0x000000008a000000, 0x000000008a100000|  0%| F|  |TAMS 0x000000008a000000| PB 0x000000008a000000| Untracked |  0
|  21|0x000000008a100000, 0x000000008a100000, 0x000000008a200000|  0%| F|  |TAMS 0x000000008a100000| PB 0x000000008a100000| Untracked |  0
|  22|0x000000008a200000, 0x000000008a200000, 0x000000008a300000|  0%| F|  |TAMS 0x000000008a200000| PB 0x000000008a200000| Untracked |  0
|  23|0x000000008a300000, 0x000000008a300000, 0x000000008a400000|  0%| F|  |TAMS 0x000000008a300000| PB 0x000000008a300000| Untracked |  0
|  24|0x000000008a400000, 0x000000008a400000, 0x000000008a500000|  0%| F|  |TAMS 0x000000008a400000| PB 0x000000008a400000| Untracked |  0
|  25|0x000000008a500000, 0x000000008a500000, 0x000000008a600000|  0%| F|  |TAMS 0x000000008a500000| PB 0x000000008a500000| Untracked |  0
|  26|0x000000008a600000, 0x000000008a600000, 0x000000008a700000|  0%| F|  |TAMS 0x000000008a600000| PB 0x000000008a600000| Untracked |  0
|  27|0x000000008a700000, 0x000000008a700000, 0x000000008a800000|  0%| F|  |TAMS 0x000000008a700000| PB 0x000000008a700000| Untracked |  0
|  28|0x000000008a800000, 0x000000008a800000, 0x000000008a900000|  0%| F|  |TAMS 0x000000008a800000| PB 0x000000008a800000| Untracked |  0
|  29|0x000000008a900000, 0x000000008a900000, 0x000000008aa00000|  0%| F|  |TAMS 0x000000008a900000| PB 0x000000008a900000| Untracked |  0
|  30|0x000000008aa00000, 0x000000008aa00000, 0x000000008ab00000|  0%| F|  |TAMS 0x000000008aa00000| PB 0x000000008aa00000| Untracked |  0
|  31|0x000000008ab00000, 0x000000008ab00000, 0x000000008ac00000|  0%| F|  |TAMS 0x000000008ab00000| PB 0x000000008ab00000| Untracked |  0
|  32|0x000000008ac00000, 0x000000008ac00000, 0x000000008ad00000|  0%| F|  |TAMS 0x000000008ac00000| PB 0x000000008ac00000| Untracked |  0
|  33|0x000000008ad00000, 0x000000008ad00000, 0x000000008ae00000|  0%| F|  |TAMS 0x000000008ad00000| PB 0x000000008ad00000| Untracked |  0
|  34|0x000000008ae00000, 0x000000008ae00000, 0x000000008af00000|  0%| F|  |TAMS 0x000000008ae00000| PB 0x000000008ae00000| Untracked |  0
|  35|0x000000008af00000, 0x000000008af00000, 0x000000008b000000|  0%| F|  |TAMS 0x000000008af00000| PB 0x000000008af00000| Untracked |  0
|  36|0x000000008b000000, 0x000000008b000000, 0x000000008b100000|  0%| F|  |TAMS 0x000000008b000000| PB 0x000000008b000000| Untracked |  0
|  37|0x000000008b100000, 0x000000008b100000, 0x000000008b200000|  0%| F|  |TAMS 0x000000008b100000| PB 0x000000008b100000| Untracked |  0
|  38|0x000000008b200000, 0x000000008b200000, 0x000000008b300000|  0%| F|  |TAMS 0x000000008b200000| PB 0x000000008b200000| Untracked |  0
|  39|0x000000008b300000, 0x000000008b300000, 0x000000008b400000|  0%| F|  |TAMS 0x000000008b300000| PB 0x000000008b300000| Untracked |  0
|  40|0x000000008b400000, 0x000000008b400000, 0x000000008b500000|  0%| F|  |TAMS 0x000000008b400000| PB 0x000000008b400000| Untracked |  0
|  41|0x000000008b500000, 0x000000008b500000, 0x000000008b600000|  0%| F|  |TAMS 0x000000008b500000| PB 0x000000008b500000| Untracked |  0
|  42|0x000000008b600000, 0x000000008b600000, 0x000000008b700000|  0%| F|  |TAMS 0x000000008b600000| PB 0x000000008b600000| Untracked |  0
|  43|0x000000008b700000, 0x000000008b700000, 0x000000008b800000|  0%| F|  |TAMS 0x000000008b700000| PB 0x000000008b700000| Untracked |  0
|  44|0x000000008b800000, 0x000000008b800000, 0x000000008b900000|  0%| F|  |TAMS 0x000000008b800000| PB 0x000000008b800000| Untracked |  0
|  45|0x000000008b900000, 0x000000008b900000, 0x000000008ba00000|  0%| F|  |TAMS 0x000000008b900000| PB 0x000000008b900000| Untracked |  0
|  46|0x000000008ba00000, 0x000000008ba00000, 0x000000008bb00000|  0%| F|  |TAMS 0x000000008ba00000| PB 0x000000008ba00000| Untracked |  0
|  47|0x000000008bb00000, 0x000000008bb00000, 0x000000008bc00000|  0%| F|  |TAMS 0x000000008bb00000| PB 0x000000008bb00000| Untracked |  0
|  48|0x000000008bc00000, 0x000000008bc00000, 0x000000008bd00000|  0%| F|  |TAMS 0x000000008bc00000| PB 0x000000008bc00000| Untracked |  0
|  49|0x000000008bd00000, 0x000000008bd00000, 0x000000008be00000|  0%| F|  |TAMS 0x000000008bd00000| PB 0x000000008bd00000| Untracked |  0
|  50|0x000000008be00000, 0x000000008be00000, 0x000000008bf00000|  0%| F|  |TAMS 0x000000008be00000| PB 0x000000008be00000| Untracked |  0
|  51|0x000000008bf00000, 0x000000008bf00000, 0x000000008c000000|  0%| F|  |TAMS 0x000000008bf00000| PB 0x000000008bf00000| Untracked |  0
|  52|0x000000008c000000, 0x000000008c000000, 0x000000008c100000|  0%| F|  |TAMS 0x000000008c000000| PB 0x000000008c000000| Untracked |  0
|  53|0x000000008c100000, 0x000000008c100000, 0x000000008c200000|  0%| F|  |TAMS 0x000000008c100000| PB 0x000000008c100000| Untracked |  0
|  54|0x000000008c200000, 0x000000008c200000, 0x000000008c300000|  0%| F|  |TAMS 0x000000008c200000| PB 0x000000008c200000| Untracked |  0
|  55|0x000000008c300000, 0x000000008c300000, 0x000000008c400000|  0%| F|  |TAMS 0x000000008c300000| PB 0x000000008c300000| Untracked |  0
|  56|0x000000008c400000, 0x000000008c400000, 0x000000008c500000|  0%| F|  |TAMS 0x000000008c400000| PB 0x000000008c400000| Untracked |  0
|  57|0x000000008c500000, 0x000000008c500000, 0x000000008c600000|  0%| F|  |TAMS 0x000000008c500000| PB 0x000000008c500000| Untracked |  0
|  58|0x000000008c600000, 0x000000008c600000, 0x000000008c700000|  0%| F|  |TAMS 0x000000008c600000| PB 0x000000008c600000| Untracked |  0
|  59|0x000000008c700000, 0x000000008c700000, 0x000000008c800000|  0%| F|  |TAMS 0x000000008c700000| PB 0x000000008c700000| Untracked |  0
|  60|0x000000008c800000, 0x000000008c800000, 0x000000008c900000|  0%| F|  |TAMS 0x000000008c800000| PB 0x000000008c800000| Untracked |  0
|  61|0x000000008c900000, 0x000000008c900000, 0x000000008ca00000|  0%| F|  |TAMS 0x000000008c900000| PB 0x000000008c900000| Untracked |  0
|  62|0x000000008ca00000, 0x000000008ca00000, 0x000000008cb00000|  0%| F|  |TAMS 0x000000008ca00000| PB 0x000000008ca00000| Untracked |  0
|  63|0x000000008cb00000, 0x000000008cb00000, 0x000000008cc00000|  0%| F|  |TAMS 0x000000008cb00000| PB 0x000000008cb00000| Untracked |  0
|  64|0x000000008cc00000, 0x000000008cc00000, 0x000000008cd00000|  0%| F|  |TAMS 0x000000008cc00000| PB 0x000000008cc00000| Untracked |  0
|  65|0x000000008cd00000, 0x000000008cd00000, 0x000000008ce00000|  0%| F|  |TAMS 0x000000008cd00000| PB 0x000000008cd00000| Untracked |  0
|  66|0x000000008ce00000, 0x000000008ce00000, 0x000000008cf00000|  0%| F|  |TAMS 0x000000008ce00000| PB 0x000000008ce00000| Untracked |  0
|  67|0x000000008cf00000, 0x000000008cf00000, 0x000000008d000000|  0%| F|  |TAMS 0x000000008cf00000| PB 0x000000008cf00000| Untracked |  0
|  68|0x000000008d000000, 0x000000008d000000, 0x000000008d100000|  0%| F|  |TAMS 0x000000008d000000| PB 0x000000008d000000| Untracked |  0
|  69|0x000000008d100000, 0x000000008d100000, 0x000000008d200000|  0%| F|  |TAMS 0x000000008d100000| PB 0x000000008d100000| Untracked |  0
|  70|0x000000008d200000, 0x000000008d200000, 0x000000008d300000|  0%| F|  |TAMS 0x000000008d200000| PB 0x000000008d200000| Untracked |  0
|  71|0x000000008d300000, 0x000000008d300000, 0x000000008d400000|  0%| F|  |TAMS 0x000000008d300000| PB 0x000000008d300000| Untracked |  0
|  72|0x000000008d400000, 0x000000008d400000, 0x000000008d500000|  0%| F|  |TAMS 0x000000008d400000| PB 0x000000008d400000| Untracked |  0
|  73|0x000000008d500000, 0x000000008d500000, 0x000000008d600000|  0%| F|  |TAMS 0x000000008d500000| PB 0x000000008d500000| Untracked |  0
|  74|0x000000008d600000, 0x000000008d600000, 0x000000008d700000|  0%| F|  |TAMS 0x000000008d600000| PB 0x000000008d600000| Untracked |  0
|  75|0x000000008d700000, 0x000000008d700000, 0x000000008d800000|  0%| F|  |TAMS 0x000000008d700000| PB 0x000000008d700000| Untracked |  0
|  76|0x000000008d800000, 0x000000008d800000, 0x000000008d900000|  0%| F|  |TAMS 0x000000008d800000| PB 0x000000008d800000| Untracked |  0
|  77|0x000000008d900000, 0x000000008d900000, 0x000000008da00000|  0%| F|  |TAMS 0x000000008d900000| PB 0x000000008d900000| Untracked |  0
|  78|0x000000008da00000, 0x000000008da00000, 0x000000008db00000|  0%| F|  |TAMS 0x000000008da00000| PB 0x000000008da00000| Untracked |  0
|  79|0x000000008db00000, 0x000000008db00000, 0x000000008dc00000|  0%| F|  |TAMS 0x000000008db00000| PB 0x000000008db00000| Untracked |  0
|  80|0x000000008dc00000, 0x000000008dc00000, 0x000000008dd00000|  0%| F|  |TAMS 0x000000008dc00000| PB 0x000000008dc00000| Untracked |  0
|  81|0x000000008dd00000, 0x000000008dd00000, 0x000000008de00000|  0%| F|  |TAMS 0x000000008dd00000| PB 0x000000008dd00000| Untracked |  0
|  82|0x000000008de00000, 0x000000008de00000, 0x000000008df00000|  0%| F|  |TAMS 0x000000008de00000| PB 0x000000008de00000| Untracked |  0
|  83|0x000000008df00000, 0x000000008df00000, 0x000000008e000000|  0%| F|  |TAMS 0x000000008df00000| PB 0x000000008df00000| Untracked |  0
|  84|0x000000008e000000, 0x000000008e000000, 0x000000008e100000|  0%| F|  |TAMS 0x000000008e000000| PB 0x000000008e000000| Untracked |  0
|  85|0x000000008e100000, 0x000000008e100000, 0x000000008e200000|  0%| F|  |TAMS 0x000000008e100000| PB 0x000000008e100000| Untracked |  0
|  86|0x000000008e200000, 0x000000008e200000, 0x000000008e300000|  0%| F|  |TAMS 0x000000008e200000| PB 0x000000008e200000| Untracked |  0
|  87|0x000000008e300000, 0x000000008e300000, 0x000000008e400000|  0%| F|  |TAMS 0x000000008e300000| PB 0x000000008e300000| Untracked |  0
|  88|0x000000008e400000, 0x000000008e400000, 0x000000008e500000|  0%| F|  |TAMS 0x000000008e400000| PB 0x000000008e400000| Untracked |  0
|  89|0x000000008e500000, 0x000000008e500000, 0x000000008e600000|  0%| F|  |TAMS 0x000000008e500000| PB 0x000000008e500000| Untracked |  0
|  90|0x000000008e600000, 0x000000008e600000, 0x000000008e700000|  0%| F|  |TAMS 0x000000008e600000| PB 0x000000008e600000| Untracked |  0
|  91|0x000000008e700000, 0x000000008e700000, 0x000000008e800000|  0%| F|  |TAMS 0x000000008e700000| PB 0x000000008e700000| Untracked |  0
|  92|0x000000008e800000, 0x000000008e800000, 0x000000008e900000|  0%| F|  |TAMS 0x000000008e800000| PB 0x000000008e800000| Untracked |  0
|  93|0x000000008e900000, 0x000000008e900000, 0x000000008ea00000|  0%| F|  |TAMS 0x000000008e900000| PB 0x000000008e900000| Untracked |  0
|  94|0x000000008ea00000, 0x000000008ea00000, 0x000000008eb00000|  0%| F|  |TAMS 0x000000008ea00000| PB 0x000000008ea00000| Untracked |  0
|  95|0x000000008eb00000, 0x000000008ec00000, 0x000000008ec00000|100%| E|  |TAMS 0x000000008eb00000| PB 0x000000008eb00000| Complete |  0
|  96|0x000000008ec00000, 0x000000008ed00000, 0x000000008ed00000|100%| E|CS|TAMS 0x000000008ec00000| PB 0x000000008ec00000| Complete |  0
|  97|0x000000008ed00000, 0x000000008ee00000, 0x000000008ee00000|100%| E|CS|TAMS 0x000000008ed00000| PB 0x000000008ed00000| Complete |  0
|  98|0x000000008ee00000, 0x000000008ef00000, 0x000000008ef00000|100%| E|CS|TAMS 0x000000008ee00000| PB 0x000000008ee00000| Complete |  0
|  99|0x000000008ef00000, 0x000000008f000000, 0x000000008f000000|100%| E|CS|TAMS 0x000000008ef00000| PB 0x000000008ef00000| Complete |  0
| 100|0x000000008f000000, 0x000000008f100000, 0x000000008f100000|100%| E|CS|TAMS 0x000000008f000000| PB 0x000000008f000000| Complete |  0
| 101|0x000000008f100000, 0x000000008f200000, 0x000000008f200000|100%| E|CS|TAMS 0x000000008f100000| PB 0x000000008f100000| Complete |  0
| 102|0x000000008f200000, 0x000000008f300000, 0x000000008f300000|100%| E|CS|TAMS 0x000000008f200000| PB 0x000000008f200000| Complete |  0
| 103|0x000000008f300000, 0x000000008f400000, 0x000000008f400000|100%| E|CS|TAMS 0x000000008f300000| PB 0x000000008f300000| Complete |  0
| 104|0x000000008f400000, 0x000000008f500000, 0x000000008f500000|100%| E|CS|TAMS 0x000000008f400000| PB 0x000000008f400000| Complete |  0
| 105|0x000000008f500000, 0x000000008f600000, 0x000000008f600000|100%| E|CS|TAMS 0x000000008f500000| PB 0x000000008f500000| Complete |  0
| 106|0x000000008f600000, 0x000000008f700000, 0x000000008f700000|100%| E|CS|TAMS 0x000000008f600000| PB 0x000000008f600000| Complete |  0
| 107|0x000000008f700000, 0x000000008f800000, 0x000000008f800000|100%| E|CS|TAMS 0x000000008f700000| PB 0x000000008f700000| Complete |  0
| 108|0x000000008f800000, 0x000000008f900000, 0x000000008f900000|100%| E|CS|TAMS 0x000000008f800000| PB 0x000000008f800000| Complete |  0
| 109|0x000000008f900000, 0x000000008fa00000, 0x000000008fa00000|100%| E|CS|TAMS 0x000000008f900000| PB 0x000000008f900000| Complete |  0
| 110|0x000000008fa00000, 0x000000008fb00000, 0x000000008fb00000|100%| E|CS|TAMS 0x000000008fa00000| PB 0x000000008fa00000| Complete |  0
| 111|0x000000008fb00000, 0x000000008fc00000, 0x000000008fc00000|100%| E|CS|TAMS 0x000000008fb00000| PB 0x000000008fb00000| Complete |  0
| 112|0x000000008fc00000, 0x000000008fd00000, 0x000000008fd00000|100%| E|CS|TAMS 0x000000008fc00000| PB 0x000000008fc00000| Complete |  0
| 113|0x000000008fd00000, 0x000000008fe00000, 0x000000008fe00000|100%| E|CS|TAMS 0x000000008fd00000| PB 0x000000008fd00000| Complete |  0
| 114|0x000000008fe00000, 0x000000008ff00000, 0x000000008ff00000|100%| E|CS|TAMS 0x000000008fe00000| PB 0x000000008fe00000| Complete |  0
| 115|0x000000008ff00000, 0x0000000090000000, 0x0000000090000000|100%| E|CS|TAMS 0x000000008ff00000| PB 0x000000008ff00000| Complete |  0
| 116|0x0000000090000000, 0x0000000090100000, 0x0000000090100000|100%| E|CS|TAMS 0x0000000090000000| PB 0x0000000090000000| Complete |  0
| 117|0x0000000090100000, 0x0000000090200000, 0x0000000090200000|100%| E|CS|TAMS 0x0000000090100000| PB 0x0000000090100000| Complete |  0
| 118|0x0000000090200000, 0x0000000090300000, 0x0000000090300000|100%| E|CS|TAMS 0x0000000090200000| PB 0x0000000090200000| Complete |  0
| 119|0x0000000090300000, 0x0000000090400000, 0x0000000090400000|100%| E|CS|TAMS 0x0000000090300000| PB 0x0000000090300000| Complete |  0
|1906|0x00000000ffe00000, 0x00000000fff00000, 0x00000000fff00000|100%| O|  |TAMS 0x00000000ffe00000| PB 0x00000000ffe00000| Untracked |  0
|1907|0x00000000fff00000, 0x00000000fff1c288, 0x0000000100000000| 10%| O|  |TAMS 0x00000000fff00000| PB 0x00000000fff00000| Untracked |  0

Card table byte_map: [0x000001fe3db90000,0x000001fe3df50000] _byte_map_base: 0x000001fe3d74a000

Marking Bits: (CMBitMap*) 0x000001fe2d6b1860
 Bits: [0x000001fe3df50000, 0x000001fe3fd20000)

Polling page: 0x000001fe22820000

Metaspace:

Usage:
  Non-class:      6.07 MB used.
      Class:    606.13 KB used.
       Both:      6.66 MB used.

Virtual space:
  Non-class space:       64.00 MB reserved,       6.12 MB ( 10%) committed,  1 nodes.
      Class space:        1.00 GB reserved,     704.00 KB ( <1%) committed,  1 nodes.
             Both:        1.06 GB reserved,       6.81 MB ( <1%) committed. 

Chunk freelists:
   Non-Class:  9.00 MB
       Class:  15.24 MB
        Both:  24.24 MB

MaxMetaspaceSize: unlimited
CompressedClassSpaceSize: 1.00 GB
Initial GC threshold: 21.00 MB
Current GC threshold: 21.00 MB
CDS: on
 - commit_granule_bytes: 65536.
 - commit_granule_words: 8192.
 - virtual_space_node_default_size: 8388608.
 - enlarge_chunks_in_place: 1.
UseCompressedClassPointers 1, UseCompactObjectHeaders 0
Narrow klass pointer bits 32, Max shift 3
Narrow klass base: 0x000001fe43000000, Narrow klass shift: 0
Encoding Range: [0x000001fe43000000 - 0x000001ff43000000), (4294967296 bytes)
Klass Range:    [0x000001fe43000000 - 0x000001fe84000000), (1090519040 bytes)
Klass ID Range:  [8 - 1090519033) (1090519025)


Internal statistics:

num_allocs_failed_limit: 0.
num_arena_births: 96.
num_arena_deaths: 0.
num_vsnodes_births: 2.
num_vsnodes_deaths: 0.
num_space_committed: 109.
num_space_uncommitted: 0.
num_chunks_returned_to_freelist: 0.
num_chunks_taken_from_freelist: 122.
num_chunk_merges: 0.
num_chunk_splits: 73.
num_chunks_enlarged: 37.
num_inconsistent_stats: 0.

CodeHeap 'non-profiled nmethods': size=119232Kb used=505Kb max_used=505Kb free=118726Kb
 bounds [0x000001fe35390000, 0x000001fe35600000, 0x000001fe3c800000]
CodeHeap 'profiled nmethods': size=119104Kb used=2789Kb max_used=2789Kb free=116314Kb
 bounds [0x000001fe2d800000, 0x000001fe2dac0000, 0x000001fe34c50000]
CodeHeap 'non-nmethods': size=7424Kb used=2447Kb max_used=2489Kb free=4976Kb
 bounds [0x000001fe34c50000, 0x000001fe34ed0000, 0x000001fe35390000]
CodeCache: size=245760Kb, used=5741Kb, max_used=5783Kb, free=240016Kb
 total_blobs=2340, nmethods=1847, adapters=396, full_count=0
Compilation: enabled, stopped_count=0, restarted_count=0

Compilation events (20 events):
Event: 1.394 Thread 0x000001fe42de96b0 1719       3       java.lang.Character::toUpperCase (9 bytes)
Event: 1.394 Thread 0x000001fe42df6b60 nmethod 1718 0x000001fe2da7e908 code [0x000001fe2da7ea40, 0x000001fe2da7ec98]
Event: 1.394 Thread 0x000001fe42de96b0 nmethod 1719 0x000001fe2da7ed08 code [0x000001fe2da7ee40, 0x000001fe2da7f030]
Event: 1.395 Thread 0x000001fe42ccf4f0 nmethod 1717 0x000001fe2da7f088 code [0x000001fe2da7f1c0, 0x000001fe2da7f6a8]
Event: 1.397 Thread 0x000001fe42ccf4f0 1720       3       java.util.IdentityHashMap::containsKey (55 bytes)
Event: 1.397 Thread 0x000001fe42de96b0 1721  s!   3       com.sun.jmx.mbeanserver.DefaultMXBeanMappingFactory::mappingForType (110 bytes)
Event: 1.397 Thread 0x000001fe42df6b60 1722  s    3       com.sun.jmx.mbeanserver.DefaultMXBeanMappingFactory::getMapping (27 bytes)
Event: 1.397 Thread 0x000001fe42df6b60 nmethod 1722 0x000001fe2da7f708 code [0x000001fe2da7f840, 0x000001fe2da7fe08]
Event: 1.398 Thread 0x000001fe42ccf4f0 nmethod 1720 0x000001fe2da7fe88 code [0x000001fe2da7ffe0, 0x000001fe2da80420]
Event: 1.398 Thread 0x000001fe42df6b60 1723       3       java.util.TreeMap$Values::size (8 bytes)
Event: 1.398 Thread 0x000001fe42ccf4f0 1724       3       java.util.TreeMap$Values::iterator (19 bytes)
Event: 1.398 Thread 0x000001fe42df6b60 nmethod 1723 0x000001fe2da80488 code [0x000001fe2da805a0, 0x000001fe2da806e0]
Event: 1.398 Thread 0x000001fe42df6b60 1725       3       java.util.TreeMap$ValueIterator::<init> (7 bytes)
Event: 1.398 Thread 0x000001fe42df6b60 nmethod 1725 0x000001fe2da80788 code [0x000001fe2da808c0, 0x000001fe2da80b78]
Event: 1.398 Thread 0x000001fe42df6b60 1726       3       javax.management.StandardMBean::getDescription (11 bytes)
Event: 1.398 Thread 0x000001fe42df6b60 nmethod 1726 0x000001fe2da80c08 code [0x000001fe2da80d20, 0x000001fe2da80f28]
Event: 1.399 Thread 0x000001fe42de96b0 nmethod 1721 0x000001fe2da80f88 code [0x000001fe2da81240, 0x000001fe2da825b0]
Event: 1.399 Thread 0x000001fe42ccf4f0 nmethod 1724 0x000001fe2da82608 code [0x000001fe2da82760, 0x000001fe2da82c80]
Event: 1.401 Thread 0x000001fe42ccf4f0 1727       3       com.sun.jmx.mbeanserver.MXBeanIntrospector::originalTypeString (20 bytes)
Event: 1.401 Thread 0x000001fe42ccf4f0 nmethod 1727 0x000001fe2da82d08 code [0x000001fe2da82e60, 0x000001fe2da832e8]

GC Heap History (0 events):
No events

Dll operation events (11 events):
Event: 0.121 Loaded shared library C:\Users\Sami Elshariff\.jdks\openjdk-24.0.1\bin\java.dll
Event: 0.174 Loaded shared library C:\Users\Sami Elshariff\.jdks\openjdk-24.0.1\bin\jsvml.dll
Event: 0.273 Loaded shared library C:\Users\Sami Elshariff\.jdks\openjdk-24.0.1\bin\zip.dll
Event: 0.281 Loaded shared library C:\Users\Sami Elshariff\.jdks\openjdk-24.0.1\bin\instrument.dll
Event: 0.291 Loaded shared library C:\Users\Sami Elshariff\.jdks\openjdk-24.0.1\bin\net.dll
Event: 0.296 Loaded shared library C:\Users\Sami Elshariff\.jdks\openjdk-24.0.1\bin\nio.dll
Event: 0.307 Loaded shared library C:\Users\Sami Elshariff\.jdks\openjdk-24.0.1\bin\zip.dll
Event: 0.404 Loaded shared library C:\Users\Sami Elshariff\.jdks\openjdk-24.0.1\bin\extnet.dll
Event: 0.794 Loaded shared library C:\Users\Sami Elshariff\.jdks\openjdk-24.0.1\bin\jimage.dll
Event: 1.113 Loaded shared library C:\Users\Sami Elshariff\.jdks\openjdk-24.0.1\bin\management.dll
Event: 1.140 Loaded shared library C:\Users\Sami Elshariff\.jdks\openjdk-24.0.1\bin\management_ext.dll

Deoptimization events (20 events):
Event: 1.285 Thread 0x000001fe42cd0150 DEOPT PACKING pc=0x000001fe353e9e74 sp=0x000000ef496fc1d0
Event: 1.285 Thread 0x000001fe42cd0150 DEOPT UNPACKING pc=0x000001fe34d65882 sp=0x000000ef496fc180 mode 2
Event: 1.289 Thread 0x000001fe42cd0150 Uncommon trap: trap_request=0xffffff4d fr.pc=0x000001fe353d89a8 relative=0x00000000000000a8
Event: 1.289 Thread 0x000001fe42cd0150 Uncommon trap: reason=unstable_if action=reinterpret pc=0x000001fe353d89a8 method=java.lang.CharacterDataLatin1.isWhitespace(I)Z @ 14 c2
Event: 1.289 Thread 0x000001fe42cd0150 DEOPT PACKING pc=0x000001fe353d89a8 sp=0x000000ef496fd230
Event: 1.289 Thread 0x000001fe42cd0150 DEOPT UNPACKING pc=0x000001fe34d65882 sp=0x000000ef496fd1c0 mode 2
Event: 1.308 Thread 0x000001fe42cd0150 Uncommon trap: trap_request=0xffffff4d fr.pc=0x000001fe353a9e58 relative=0x00000000000000b8
Event: 1.308 Thread 0x000001fe42cd0150 Uncommon trap: reason=unstable_if action=reinterpret pc=0x000001fe353a9e58 method=jdk.internal.util.xml.impl.Parser.bappend(CC)V @ 1 c2
Event: 1.308 Thread 0x000001fe42cd0150 DEOPT PACKING pc=0x000001fe353a9e58 sp=0x000000ef496fd070
Event: 1.308 Thread 0x000001fe42cd0150 DEOPT UNPACKING pc=0x000001fe34d65882 sp=0x000000ef496fd008 mode 2
Event: 1.311 Thread 0x000001fe42cd0150 Uncommon trap: trap_request=0xffffff4d fr.pc=0x000001fe353e79f8 relative=0x00000000000000d8
Event: 1.311 Thread 0x000001fe42cd0150 Uncommon trap: reason=unstable_if action=reinterpret pc=0x000001fe353e79f8 method=jdk.internal.classfile.impl.RawBytecodeHelper.next()Z @ 46 c2
Event: 1.311 Thread 0x000001fe42cd0150 DEOPT PACKING pc=0x000001fe353e79f8 sp=0x000000ef496fb7c0
Event: 1.311 Thread 0x000001fe42cd0150 DEOPT UNPACKING pc=0x000001fe34d65882 sp=0x000000ef496fb750 mode 2
Event: 1.312 Thread 0x000001fe42cd0150 DEOPT PACKING pc=0x000001fe2d9fc664 sp=0x000000ef496fbc50
Event: 1.312 Thread 0x000001fe42cd0150 DEOPT UNPACKING pc=0x000001fe34ca5722 sp=0x000000ef496fb168 mode 0
Event: 1.315 Thread 0x000001fe42cd0150 Uncommon trap: trap_request=0xffffff4d fr.pc=0x000001fe353aa7e0 relative=0x0000000000000060
Event: 1.315 Thread 0x000001fe42cd0150 Uncommon trap: reason=unstable_if action=reinterpret pc=0x000001fe353aa7e0 method=jdk.internal.util.xml.impl.Parser.ensureCapacity(I)V @ 40 c2
Event: 1.315 Thread 0x000001fe42cd0150 DEOPT PACKING pc=0x000001fe353aa7e0 sp=0x000000ef496fd070
Event: 1.315 Thread 0x000001fe42cd0150 DEOPT UNPACKING pc=0x000001fe34d65882 sp=0x000000ef496fcfe8 mode 2

Classes loaded (20 events):
Event: 1.345 Loading class jdk/jfr/internal/jfc/model/XmlTest
Event: 1.345 Loading class jdk/jfr/internal/jfc/model/XmlTest done
Event: 1.345 Loading class jdk/jfr/internal/jfc/model/XmlNot
Event: 1.345 Loading class jdk/jfr/internal/jfc/model/XmlNot done
Event: 1.395 Loading class com/sun/management/GcInfo
Event: 1.395 Loading class javax/management/openmbean/CompositeDataView
Event: 1.395 Loading class javax/management/openmbean/CompositeDataView done
Event: 1.396 Loading class com/sun/management/GcInfo done
Event: 1.398 Loading class com/sun/management/internal/HotSpotDiagnostic
Event: 1.398 Loading class com/sun/management/HotSpotDiagnosticMXBean
Event: 1.398 Loading class com/sun/management/HotSpotDiagnosticMXBean done
Event: 1.398 Loading class com/sun/management/internal/HotSpotDiagnostic done
Event: 1.399 Loading class com/sun/management/HotSpotDiagnosticMXBean$ThreadDumpFormat
Event: 1.399 Loading class com/sun/management/HotSpotDiagnosticMXBean$ThreadDumpFormat done
Event: 1.399 Loading class com/sun/management/VMOption
Event: 1.399 Loading class com/sun/management/VMOption done
Event: 1.400 Loading class com/sun/management/VMOption$Origin
Event: 1.400 Loading class com/sun/management/VMOption$Origin done
Event: 1.402 Loading class java/lang/management/BufferPoolMXBean
Event: 1.402 Loading class java/lang/management/BufferPoolMXBean done

Classes unloaded (0 events):
No events

Classes redefined (0 events):
No events

Internal exceptions (20 events):
Event: 0.368 Thread 0x000001fe240fe3d0 Exception <a 'java/lang/NoSuchMethodError'{0x000000009003f0f8}: 'java.lang.Object java.lang.invoke.Invokers$Holder.invokeExact_MT(java.lang.Object, java.lang.Object, java.lang.Object, java.lang.Object, java.lang.Object)'> (0x000000009003f0f8) 
thrown [s\open\src\hotspot\share\interpreter\linkResolver.cpp, line 805]
Event: 0.398 Thread 0x000001fe240fe3d0 Exception <a 'java/lang/NoSuchMethodError'{0x00000000900501d8}: 'java.lang.Object java.lang.invoke.DirectMethodHandle$Holder.invokeStaticInit(java.lang.Object, java.lang.Object, java.lang.Object)'> (0x00000000900501d8) 
thrown [s\open\src\hotspot\share\interpreter\linkResolver.cpp, line 805]
Event: 0.399 Thread 0x000001fe8804a6a0 Exception <a 'java/lang/NoSuchMethodError'{0x0000000090085280}: 'java.lang.Object java.lang.invoke.DirectMethodHandle$Holder.invokeStaticInit(java.lang.Object)'> (0x0000000090085280) 
thrown [s\open\src\hotspot\share\interpreter\linkResolver.cpp, line 805]
Event: 0.409 Thread 0x000001fe8804a6a0 Exception <a 'java/lang/NoSuchMethodError'{0x000000009008fed8}: 'void java.lang.invoke.DirectMethodHandle$Holder.invokeStatic(java.lang.Object, java.lang.Object)'> (0x000000009008fed8) 
thrown [s\open\src\hotspot\share\interpreter\linkResolver.cpp, line 805]
Event: 0.804 Thread 0x000001fe240fe3d0 Exception <a 'java/lang/NoSuchMethodError'{0x000000008fd05828}: 'java.lang.Object java.lang.invoke.DirectMethodHandle$Holder.invokeStatic(java.lang.Object, int, java.lang.Object)'> (0x000000008fd05828) 
thrown [s\open\src\hotspot\share\interpreter\linkResolver.cpp, line 805]
Event: 0.845 Thread 0x000001fe240fe3d0 Exception <a 'java/lang/NoSuchMethodError'{0x000000008fd5d010}: 'void java.lang.invoke.DirectMethodHandle$Holder.invokeStaticInit(java.lang.Object)'> (0x000000008fd5d010) 
thrown [s\open\src\hotspot\share\interpreter\linkResolver.cpp, line 805]
Event: 0.897 Thread 0x000001fe240fe3d0 Exception <a 'java/lang/NoSuchMethodError'{0x000000008fdce7f0}: 'void java.lang.invoke.DirectMethodHandle$Holder.invokeSpecial(java.lang.Object, java.lang.Object, java.lang.Object)'> (0x000000008fdce7f0) 
thrown [s\open\src\hotspot\share\interpreter\linkResolver.cpp, line 805]
Event: 0.927 Thread 0x000001fe240fe3d0 Exception <a 'java/lang/NoSuchMethodError'{0x000000008fc36060}: 'java.lang.Object java.lang.invoke.DirectMethodHandle$Holder.newInvokeSpecial(java.lang.Object, java.lang.Object, java.lang.Object, java.lang.Object, java.lang.Object)'> (0x000000008fc36060) 
thrown [s\open\src\hotspot\share\interpreter\linkResolver.cpp, line 805]
Event: 1.011 Thread 0x000001fe240fe3d0 Exception <a 'java/lang/NoSuchMethodError'{0x000000008fa4ccc8}: 'long java.lang.invoke.DirectMethodHandle$Holder.invokeVirtual(java.lang.Object, java.lang.Object)'> (0x000000008fa4ccc8) 
thrown [s\open\src\hotspot\share\interpreter\linkResolver.cpp, line 805]
Event: 1.111 Thread 0x000001fe240fe3d0 Exception <a 'java/lang/NoSuchMethodError'{0x000000008f8a45d0}: 'int java.lang.invoke.DirectMethodHandle$Holder.invokeSpecial(java.lang.Object, java.lang.Object, java.lang.Object)'> (0x000000008f8a45d0) 
thrown [s\open\src\hotspot\share\interpreter\linkResolver.cpp, line 805]
Event: 1.152 Thread 0x000001fe42cd0150 Exception <a 'java/lang/NoSuchMethodError'{0x000000008f7159e0}: 'int java.lang.invoke.DirectMethodHandle$Holder.invokeInterface(java.lang.Object, java.lang.Object)'> (0x000000008f7159e0) 
thrown [s\open\src\hotspot\share\interpreter\linkResolver.cpp, line 805]
Event: 1.152 Thread 0x000001fe42cd0150 Exception <a 'java/lang/IncompatibleClassChangeError'{0x000000008f71d660}: Found class java.lang.Object, but interface was expected> (0x000000008f71d660) 
thrown [s\open\src\hotspot\share\interpreter\linkResolver.cpp, line 872]
Event: 1.206 Thread 0x000001fe240fe3d0 Exception <a 'java/lang/NoSuchMethodError'{0x000000008f6ecb70}: 'void java.lang.invoke.DirectMethodHandle$Holder.invokeSpecial(java.lang.Object, java.lang.Object, int)'> (0x000000008f6ecb70) 
thrown [s\open\src\hotspot\share\interpreter\linkResolver.cpp, line 805]
Event: 1.207 Thread 0x000001fe240fe3d0 Exception <a 'java/lang/NoSuchMethodError'{0x000000008f6f4790}: 'void java.lang.invoke.Invokers$Holder.invokeExact_MT(java.lang.Object, int, java.lang.Object)'> (0x000000008f6f4790) 
thrown [s\open\src\hotspot\share\interpreter\linkResolver.cpp, line 805]
Event: 1.211 Thread 0x000001fe240fe3d0 Exception <a 'java/lang/NoSuchMethodError'{0x000000008f50f288}: 'void java.lang.invoke.DirectMethodHandle$Holder.invokeStatic(java.lang.Object, java.lang.Object, int)'> (0x000000008f50f288) 
thrown [s\open\src\hotspot\share\interpreter\linkResolver.cpp, line 805]
Event: 1.213 Thread 0x000001fe240fe3d0 Exception <a 'java/lang/NoSuchMethodError'{0x000000008f51e378}: 'java.lang.Object java.lang.invoke.DirectMethodHandle$Holder.newInvokeSpecial(java.lang.Object, java.lang.Object, int)'> (0x000000008f51e378) 
thrown [s\open\src\hotspot\share\interpreter\linkResolver.cpp, line 805]
Event: 1.215 Thread 0x000001fe896e0cf0 Exception <a 'java/lang/NoSuchMethodError'{0x000000008f581328}: 'long java.lang.invoke.DirectMethodHandle$Holder.invokeSpecial(java.lang.Object, java.lang.Object)'> (0x000000008f581328) 
thrown [s\open\src\hotspot\share\interpreter\linkResolver.cpp, line 805]
Event: 1.226 Thread 0x000001fe240fe3d0 Exception <a 'sun/nio/fs/WindowsException'{0x000000008f5529f8}> (0x000000008f5529f8) 
thrown [s\open\src\hotspot\share\prims\jni.cpp, line 518]
Event: 1.232 Thread 0x000001fe240fe3d0 Exception <a 'sun/nio/fs/WindowsException'{0x000000008f55fa38}> (0x000000008f55fa38) 
thrown [s\open\src\hotspot\share\prims\jni.cpp, line 518]
Event: 1.241 Thread 0x000001fe240fe3d0 Exception <a 'sun/nio/fs/WindowsException'{0x000000008f571ca8}> (0x000000008f571ca8) 
thrown [s\open\src\hotspot\share\prims\jni.cpp, line 518]

VM Operations (14 events):
Event: 0.245 Executing VM operation: HandshakeAllThreads (Deoptimize)
Event: 0.245 Executing VM operation: HandshakeAllThreads (Deoptimize) done
Event: 1.035 Executing VM operation: HandshakeAllThreads (Deoptimize)
Event: 1.035 Executing VM operation: HandshakeAllThreads (Deoptimize) done
Event: 1.217 Executing VM operation: HandshakeAllThreads (Deoptimize)
Event: 1.218 Executing VM operation: HandshakeAllThreads (Deoptimize) done
Event: 1.222 Executing VM operation: HandshakeAllThreads (Deoptimize)
Event: 1.222 Executing VM operation: HandshakeAllThreads (Deoptimize) done
Event: 1.282 Executing VM operation: JFRSafepointClear
Event: 1.282 Executing VM operation: JFRSafepointClear done
Event: 1.311 Executing VM operation: HandshakeAllThreads (Deoptimize)
Event: 1.312 Executing VM operation: HandshakeAllThreads (Deoptimize) done
Event: 1.313 Executing VM operation: HandshakeAllThreads (Deoptimize)
Event: 1.313 Executing VM operation: HandshakeAllThreads (Deoptimize) done

Memory protections (0 events):
No events

Nmethod flushes (0 events):
No events

Events (15 events):
Event: 0.148 Thread 0x000001fe240fe3d0 Thread added: 0x000001fe240fe3d0
Event: 0.169 Thread 0x000001fe240fe3d0 Thread added: 0x000001fe2d7f3ee0
Event: 0.170 Thread 0x000001fe240fe3d0 Thread added: 0x000001fe2d7f4620
Event: 0.170 Thread 0x000001fe240fe3d0 Thread added: 0x000001fe2d7f8eb0
Event: 0.170 Thread 0x000001fe240fe3d0 Thread added: 0x000001fe42cd0150
Event: 0.170 Thread 0x000001fe240fe3d0 Thread added: 0x000001fe2d7fdb20
Event: 0.170 Thread 0x000001fe240fe3d0 Thread added: 0x000001fe2d7fe650
Event: 0.170 Thread 0x000001fe240fe3d0 Thread added: 0x000001fe42cce970
Event: 0.171 Thread 0x000001fe240fe3d0 Thread added: 0x000001fe42ccf4f0
Event: 0.245 Thread 0x000001fe42ccf4f0 Thread added: 0x000001fe42de96b0
Event: 0.247 Thread 0x000001fe42de96b0 Thread added: 0x000001fe42df6b60
Event: 0.287 Thread 0x000001fe240fe3d0 Thread added: 0x000001fe42f3aae0
Event: 0.374 Thread 0x000001fe240fe3d0 Thread added: 0x000001fe8804a6a0
Event: 0.839 Thread 0x000001fe240fe3d0 Thread added: 0x000001fe8970b330
Event: 1.214 Thread 0x000001fe240fe3d0 Thread added: 0x000001fe896e0cf0


Dynamic libraries:
0x00007ff65ed30000 - 0x00007ff65ed3e000 	C:\Users\Sami Elshariff\.jdks\openjdk-24.0.1\bin\java.exe
0x00007ff8c8820000 - 0x00007ff8c8a85000 	C:\WINDOWS\SYSTEM32\ntdll.dll
0x00007ff8c71c0000 - 0x00007ff8c7289000 	C:\WINDOWS\System32\KERNEL32.DLL
0x00007ff8c5ba0000 - 0x00007ff8c5f88000 	C:\WINDOWS\System32\KERNELBASE.dll
0x00007ff8c5a20000 - 0x00007ff8c5b6b000 	C:\WINDOWS\System32\ucrtbase.dll
0x00007ff8c0d50000 - 0x00007ff8c0d66000 	C:\Users\Sami Elshariff\.jdks\openjdk-24.0.1\bin\jli.dll
0x00007ff8be9f0000 - 0x00007ff8bea0b000 	C:\Users\Sami Elshariff\.jdks\openjdk-24.0.1\bin\VCRUNTIME140.dll
0x00007ff8c6ff0000 - 0x00007ff8c71ba000 	C:\WINDOWS\System32\USER32.dll
0x00007ff8c5b70000 - 0x00007ff8c5b97000 	C:\WINDOWS\System32\win32u.dll
0x00007ff8ad330000 - 0x00007ff8ad5ca000 	C:\WINDOWS\WinSxS\amd64_microsoft.windows.common-controls_6595b64144ccf1df_6.0.26100.4202_none_3e0698d4e335f517\COMCTL32.dll
0x00007ff8c74e0000 - 0x00007ff8c750b000 	C:\WINDOWS\System32\GDI32.dll
0x00007ff8c65f0000 - 0x00007ff8c6699000 	C:\WINDOWS\System32\msvcrt.dll
0x00007ff8c5f90000 - 0x00007ff8c60c7000 	C:\WINDOWS\System32\gdi32full.dll
0x00007ff8c5970000 - 0x00007ff8c5a13000 	C:\WINDOWS\System32\msvcp_win.dll
0x00007ff8c78a0000 - 0x00007ff8c78d0000 	C:\WINDOWS\System32\IMM32.DLL
0x00007ff8c0d40000 - 0x00007ff8c0d4c000 	C:\Users\Sami Elshariff\.jdks\openjdk-24.0.1\bin\vcruntime140_1.dll
0x00007ff8be0f0000 - 0x00007ff8be17e000 	C:\Users\Sami Elshariff\.jdks\openjdk-24.0.1\bin\msvcp140.dll
0x00007fffe96a0000 - 0x00007fffea442000 	C:\Users\Sami Elshariff\.jdks\openjdk-24.0.1\bin\server\jvm.dll
0x00007ff8c6ca0000 - 0x00007ff8c6d53000 	C:\WINDOWS\System32\ADVAPI32.dll
0x00007ff8c7430000 - 0x00007ff8c74d6000 	C:\WINDOWS\System32\sechost.dll
0x00007ff8c7290000 - 0x00007ff8c73a5000 	C:\WINDOWS\System32\RPCRT4.dll
0x00007ff8c7d90000 - 0x00007ff8c7e04000 	C:\WINDOWS\System32\WS2_32.dll
0x00007ff8c57c0000 - 0x00007ff8c581e000 	C:\WINDOWS\SYSTEM32\POWRPROF.dll
0x00007ff8bbd70000 - 0x00007ff8bbd7b000 	C:\WINDOWS\SYSTEM32\VERSION.dll
0x00007ff8bbd30000 - 0x00007ff8bbd65000 	C:\WINDOWS\SYSTEM32\WINMM.dll
0x00007ff8c57a0000 - 0x00007ff8c57b4000 	C:\WINDOWS\SYSTEM32\UMPDC.dll
0x00007ff8c4730000 - 0x00007ff8c474b000 	C:\WINDOWS\SYSTEM32\kernel.appcore.dll
0x00007ff8c0d10000 - 0x00007ff8c0d1a000 	C:\Users\Sami Elshariff\.jdks\openjdk-24.0.1\bin\jimage.dll
0x00007ff8c3130000 - 0x00007ff8c3371000 	C:\WINDOWS\SYSTEM32\DBGHELP.DLL
0x00007ff8c7510000 - 0x00007ff8c7895000 	C:\WINDOWS\System32\combase.dll
0x00007ff8c66b0000 - 0x00007ff8c6791000 	C:\WINDOWS\System32\OLEAUT32.dll
0x00007ff8bda00000 - 0x00007ff8bda39000 	C:\WINDOWS\SYSTEM32\dbgcore.DLL
0x00007ff8c63a0000 - 0x00007ff8c6439000 	C:\WINDOWS\System32\bcryptPrimitives.dll
0x00007ff8be980000 - 0x00007ff8be98f000 	C:\Users\Sami Elshariff\.jdks\openjdk-24.0.1\bin\instrument.dll
0x00007ff8be940000 - 0x00007ff8be95e000 	C:\Users\Sami Elshariff\.jdks\openjdk-24.0.1\bin\java.dll
0x00007ff8c67a0000 - 0x00007ff8c693e000 	C:\WINDOWS\System32\ole32.dll
0x00007ff8c7ef0000 - 0x00007ff8c8632000 	C:\WINDOWS\System32\SHELL32.dll
0x00007ff8c6220000 - 0x00007ff8c6394000 	C:\WINDOWS\System32\wintypes.dll
0x00007ff89bc90000 - 0x00007ff89be88000 	C:\Users\SAMIEL~1\AppData\Local\Temp\idea_libasyncProfiler_dll_temp_folder5\libasyncProfiler.dll
0x00007ff8c35d0000 - 0x00007ff8c3e28000 	C:\WINDOWS\SYSTEM32\windows.storage.dll
0x00007ff8c6d60000 - 0x00007ff8c6e51000 	C:\WINDOWS\System32\SHCORE.dll
0x00007ff8c8770000 - 0x00007ff8c87da000 	C:\WINDOWS\System32\shlwapi.dll
0x00007ff8c5880000 - 0x00007ff8c58af000 	C:\WINDOWS\SYSTEM32\profapi.dll
0x00007ff8bdf50000 - 0x00007ff8be027000 	C:\Users\Sami Elshariff\.jdks\openjdk-24.0.1\bin\jsvml.dll
0x00007ff8be5c0000 - 0x00007ff8be5d7000 	C:\Users\Sami Elshariff\.jdks\openjdk-24.0.1\bin\zip.dll
0x00007ff8be970000 - 0x00007ff8be980000 	C:\Users\Sami Elshariff\.jdks\openjdk-24.0.1\bin\net.dll
0x00007ff8c4ca0000 - 0x00007ff8c4d0a000 	C:\WINDOWS\system32\mswsock.dll
0x00007ff8be850000 - 0x00007ff8be866000 	C:\Users\Sami Elshariff\.jdks\openjdk-24.0.1\bin\nio.dll
0x00007ff8be8d0000 - 0x00007ff8be8d9000 	C:\Users\Sami Elshariff\.jdks\openjdk-24.0.1\bin\extnet.dll
0x00007ff8c4180000 - 0x00007ff8c42a7000 	C:\WINDOWS\SYSTEM32\DNSAPI.dll
0x00007ff8c4140000 - 0x00007ff8c4173000 	C:\WINDOWS\SYSTEM32\IPHLPAPI.DLL
0x00007ff8c7d70000 - 0x00007ff8c7d7a000 	C:\WINDOWS\System32\NSI.dll
0x00007ff8bd130000 - 0x00007ff8bd13b000 	C:\Windows\System32\rasadhlp.dll
0x00007ff8bee80000 - 0x00007ff8bef06000 	C:\WINDOWS\System32\fwpuclnt.dll
0x00007ff8be5b0000 - 0x00007ff8be5ba000 	C:\Users\Sami Elshariff\.jdks\openjdk-24.0.1\bin\management.dll
0x00007ff8b9aa0000 - 0x00007ff8b9aab000 	C:\Users\Sami Elshariff\.jdks\openjdk-24.0.1\bin\management_ext.dll
0x00007ff8c7d80000 - 0x00007ff8c7d88000 	C:\WINDOWS\System32\PSAPI.DLL
0x00007ff8c4f50000 - 0x00007ff8c4f6b000 	C:\WINDOWS\SYSTEM32\CRYPTSP.dll
0x00007ff8c4690000 - 0x00007ff8c46ca000 	C:\WINDOWS\system32\rsaenh.dll
0x00007ff8c4d40000 - 0x00007ff8c4d6b000 	C:\WINDOWS\SYSTEM32\USERENV.dll
0x00007ff8c5850000 - 0x00007ff8c5876000 	C:\WINDOWS\SYSTEM32\bcrypt.dll
0x00007ff8c4f70000 - 0x00007ff8c4f7c000 	C:\WINDOWS\SYSTEM32\CRYPTBASE.dll
0x00007ff89c210000 - 0x00007ff89c228000 	C:\WINDOWS\system32\napinsp.dll
0x00007ff89c1a0000 - 0x00007ff89c1b2000 	C:\WINDOWS\System32\winrnr.dll
0x00007ff898ff0000 - 0x00007ff899020000 	C:\WINDOWS\system32\nlansp_c.dll
0x00007ff8bbd00000 - 0x00007ff8bbd20000 	C:\WINDOWS\system32\wshbth.dll

JVMTI agents:
C:\Program Files\JetBrains\IntelliJ IDEA 2025.1.1.1\lib\idea_rt.jar path:C:\Users\Sami Elshariff\.jdks\openjdk-24.0.1\bin\instrument.dll, loaded, initialized, instrumentlib options:62210
C:\Users\SAMIEL~1\AppData\Local\Temp\idea_libasyncProfiler_dll_temp_folder5\libasyncProfiler.dll path:C:\Users\SAMIEL~1\AppData\Local\Temp\idea_libasyncProfiler_dll_temp_folder5\libasyncProfiler.dll, loaded, initialized, options:start,jfr,event=wall,interval=10ms,jfrsync=profile,cstack=no,file=C:\Users\Sami Elshariff\IdeaSnapshots\Main_2025_06_24_103234.jfr,dbghelppath=C:\Users\SAMIEL~1\AppData\Local\Temp\idea_dbghelp_dll_temp_folder4\dbghelp.dll,log=C:\Users\SAMIEL~1\AppData\Local\Temp\Main_2025_06_24_103234.jfr.log.txt,logLevel=DEBUG

dbghelp: loaded successfully - version: 4.0.5 - missing functions: none
symbol engine: initialized successfully - sym options: 0x614 - pdb path: .;C:\Users\Sami Elshariff\.jdks\openjdk-24.0.1\bin;C:\WINDOWS\SYSTEM32;C:\WINDOWS\WinSxS\amd64_microsoft.windows.common-controls_6595b64144ccf1df_6.0.26100.4202_none_3e0698d4e335f517;C:\Users\Sami Elshariff\.jdks\openjdk-24.0.1\bin\server;C:\Users\SAMIEL~1\AppData\Local\Temp\idea_libasyncProfiler_dll_temp_folder5

VM Arguments:
jvm_args: -javaagent:C:\Program Files\JetBrains\IntelliJ IDEA 2025.1.1.1\lib\idea_rt.jar=62210 -agentpath:C:\Users\SAMIEL~1\AppData\Local\Temp\idea_libasyncProfiler_dll_temp_folder5\libasyncProfiler.dll=start,jfr,event=wall,interval=10ms,jfrsync=profile,cstack=no,file=C:\Users\Sami Elshariff\IdeaSnapshots\Main_2025_06_24_103234.jfr,dbghelppath=C:\Users\SAMIEL~1\AppData\Local\Temp\idea_dbghelp_dll_temp_folder4\dbghelp.dll,log=C:\Users\SAMIEL~1\AppData\Local\Temp\Main_2025_06_24_103234.jfr.log.txt,logLevel=DEBUG -Dfile.encoding=UTF-8 -Dsun.stdout.encoding=UTF-8 -Dsun.stderr.encoding=UTF-8 
java_command: org.example.Main
java_class_path (initial): C:\Users\Sami Elshariff\IdeaProjects\D2IP\target\classes;C:\Users\Sami Elshariff\.m2\repository\com\opencsv\opencsv\5.7.1\opencsv-5.7.1.jar;C:\Users\Sami Elshariff\.m2\repository\org\apache\commons\commons-lang3\3.12.0\commons-lang3-3.12.0.jar;C:\Users\Sami Elshariff\.m2\repository\org\apache\commons\commons-text\1.10.0\commons-text-1.10.0.jar;C:\Users\Sami Elshariff\.m2\repository\commons-beanutils\commons-beanutils\1.9.4\commons-beanutils-1.9.4.jar;C:\Users\Sami Elshariff\.m2\repository\commons-logging\commons-logging\1.2\commons-logging-1.2.jar;C:\Users\Sami Elshariff\.m2\repository\commons-collections\commons-collections\3.2.2\commons-collections-3.2.2.jar;C:\Users\Sami Elshariff\.m2\repository\org\apache\commons\commons-collections4\4.4\commons-collections4-4.4.jar;C:\Users\Sami Elshariff\.m2\repository\org\apache\commons\commons-csv\1.10.0\commons-csv-1.10.0.jar
Launcher Type: SUN_STANDARD

[Global flags]
     intx CICompilerCount                          = 12                                        {product} {ergonomic}
     uint ConcGCThreads                            = 3                                         {product} {ergonomic}
     bool FlightRecorder                           = true                                      {product} {management}
     uint G1ConcRefinementThreads                  = 13                                        {product} {ergonomic}
   size_t G1HeapRegionSize                         = 1048576                                   {product} {ergonomic}
   size_t InitialHeapSize                          = 125829120                                 {product} {ergonomic}
   size_t MarkStackSize                            = 4194304                                   {product} {ergonomic}
   size_t MarkStackSizeMax                         = 536870912                                 {product} {ergonomic}
   size_t MaxHeapSize                              = 2000683008                                {product} {ergonomic}
   size_t MaxNewSize                               = 1199570944                                {product} {ergonomic}
   size_t MinHeapDeltaBytes                        = 1048576                                   {product} {ergonomic}
   size_t MinHeapSize                              = 8388608                                   {product} {ergonomic}
    uintx NonNMethodCodeHeapSize                   = 7602176                                {pd product} {ergonomic}
    uintx NonProfiledCodeHeapSize                  = 122093568                              {pd product} {ergonomic}
    uintx ProfiledCodeHeapSize                     = 121962496                              {pd product} {ergonomic}
    uintx ReservedCodeCacheSize                    = 251658240                              {pd product} {ergonomic}
     bool SegmentedCodeCache                       = true                                      {product} {ergonomic}
   size_t SoftMaxHeapSize                          = 2000683008                             {manageable} {ergonomic}
     bool UseCompressedOops                        = true                           {product lp64_product} {ergonomic}
     bool UseG1GC                                  = true                                      {product} {ergonomic}
     bool UseLargePagesIndividualAllocation        = false                                  {pd product} {ergonomic}

Logging:
Log output configuration:
 #0: stdout all=warning uptime,level,tags foldmultilines=false
 #1: stderr all=off uptime,level,tags foldmultilines=false

Environment Variables:
PATH=C:\WINDOWS\system32;C:\WINDOWS;C:\WINDOWS\System32\Wbem;C:\WINDOWS\System32\WindowsPowerShell\v1.0\;C:\WINDOWS\System32\OpenSSH\;C:\Program Files\nodejs\;C:\Program Files\Git\cmd;C:\Program Files\PowerShell\7\;C:\Users\Sami Elshariff\AppData\Local\Programs\Python\Python313\Scripts\;C:\Users\Sami Elshariff\AppData\Local\Programs\Python\Python313\;C:\Users\Sami Elshariff\AppData\Local\Programs\Python\Python312\Scripts\;C:\Users\Sami Elshariff\AppData\Local\Programs\Python\Python312\;C:\Users\Sami Elshariff\AppData\Local\Microsoft\WindowsApps;;C:\Users\Sami Elshariff\AppData\Local\Programs\Microsoft VS Code\bin;C:\ghcup\bin;C:\Users\Sami Elshariff\AppData\Roaming\npm
USERNAME=Sami Elshariff
OS=Windows_NT
PROCESSOR_IDENTIFIER=AMD64 Family 23 Model 96 Stepping 1, AuthenticAMD
TMP=C:\Users\SAMIEL~1\AppData\Local\Temp
TEMP=C:\Users\SAMIEL~1\AppData\Local\Temp




Periodic native trim disabled

---------------  S Y S T E M  ---------------

OS:
 Windows 11 , 64 bit Build 26100 (10.0.26100.4202)
OS uptime: 5 days 0:18 hours
Hyper-V role detected

CPU: total 16 (initial active 16) (16 cores per cpu, 2 threads per core) family 23 model 96 stepping 1 microcode 0x860010d, cx8, cmov, fxsr, ht, mmx, 3dnowpref, sse, sse2, sse3, ssse3, sse4a, sse4.1, sse4.2, popcnt, lzcnt, tsc, tscinvbit, avx, avx2, aes, clmul, bmi1, bmi2, adx, sha, fma, vzeroupper, clflush, clflushopt, hv, rdtscp, rdpid, f16c
Processor Information for processor 0
  Max Mhz: 2000, Current Mhz: 1808, Mhz Limit: 2000
Processor Information for processor 1
  Max Mhz: 2000, Current Mhz: 2000, Mhz Limit: 2000
Processor Information for processor 2
  Max Mhz: 2000, Current Mhz: 2000, Mhz Limit: 2000
Processor Information for processor 3
  Max Mhz: 2000, Current Mhz: 2000, Mhz Limit: 2000
Processor Information for processor 4
  Max Mhz: 2000, Current Mhz: 2000, Mhz Limit: 2000
Processor Information for processor 5
  Max Mhz: 2000, Current Mhz: 1808, Mhz Limit: 2000
Processor Information for processor 6
  Max Mhz: 2000, Current Mhz: 2000, Mhz Limit: 2000
Processor Information for processor 7
  Max Mhz: 2000, Current Mhz: 1808, Mhz Limit: 2000
Processor Information for processor 8
  Max Mhz: 2000, Current Mhz: 1808, Mhz Limit: 2000
Processor Information for processor 9
  Max Mhz: 2000, Current Mhz: 2000, Mhz Limit: 2000
Processor Information for processor 10
  Max Mhz: 2000, Current Mhz: 2000, Mhz Limit: 2000
Processor Information for processor 11
  Max Mhz: 2000, Current Mhz: 2000, Mhz Limit: 2000
Processor Information for processor 12
  Max Mhz: 2000, Current Mhz: 1808, Mhz Limit: 2000
Processor Information for processor 13
  Max Mhz: 2000, Current Mhz: 1808, Mhz Limit: 2000
Processor Information for processor 14
  Max Mhz: 2000, Current Mhz: 2000, Mhz Limit: 2000
Processor Information for processor 15
  Max Mhz: 2000, Current Mhz: 1808, Mhz Limit: 2000

Memory: 4k page, system-wide physical 7631M (299M free)
TotalPageFile size 28551M (AvailPageFile size 10433M)
current process WorkingSet (physical memory assigned to process): 91M, peak: 91M
current process commit charge ("private bytes"): 264M, peak: 264M

vm_info: OpenJDK 64-Bit Server VM (24.0.1+9-30) for windows-amd64 JRE (24.0.1+9-30), built on 2025-03-05T07:23:45Z with MS VC++ 17.6 (VS2022)

END.
