#
# There is insufficient memory for the Java Runtime Environment to continue.
# Native memory allocation (mmap) failed to map 251658240 bytes. Error detail: G1 virtual space
# Possible reasons:
#   The system is out of physical RAM or swap space
#   This process is running with CompressedOops enabled, and the Java Heap may be blocking the growth of the native heap
# Possible solutions:
#   Reduce memory load on the system
#   Increase physical memory or swap space
#   Check if swap backing store is full
#   Decrease Java heap size (-Xmx/-Xms)
#   Decrease number of Java threads
#   Decrease Java thread stack sizes (-Xss)
#   Set larger code cache with -XX:ReservedCodeCacheSize=
#   JVM is running with Unscaled Compressed Oops mode in which the Java heap is
#     placed in the first 4GB address space. The Java Heap base address is the
#     maximum limit for the native heap growth. Please use -XX:HeapBaseMinAddress
#     to set the Java Heap base and to place the Java Heap above 4GB virtual address.
# This output file may be truncated or incomplete.
#
#  Out of Memory Error (os_windows.cpp:3564), pid=33112, tid=33760
#
# JRE version: OpenJDK Runtime Environment (24.0.1+9) (build 24.0.1+9-30)
# Java VM: OpenJDK 64-Bit Server VM (24.0.1+9-30, mixed mode, sharing, tiered, compressed oops, compressed class ptrs, g1 gc, windows-amd64)
# No core dump will be written. Minidumps are not enabled by default on client versions of Windows
#

---------------  S U M M A R Y ------------

Command Line: -javaagent:C:\Program Files\JetBrains\IntelliJ IDEA 2025.1.1.1\lib\idea_rt.jar=51224 -Dfile.encoding=UTF-8 -Dsun.stdout.encoding=UTF-8 -Dsun.stderr.encoding=UTF-8 org.example.Main

Host: AMD Ryzen 7 Microsoft Surface (R) Edition, 16 cores, 7G,  Windows 11 , 64 bit Build 26100 (10.0.26100.3912)
Time: Wed Jun 18 19:25:22 2025 Mitteleuropäische Sommerzeit elapsed time: 3.198481 seconds (0d 0h 0m 3s)

---------------  T H R E A D  ---------------

Current thread (0x0000024900a43bd0):  VMThread "VM Thread"          [id=33760, stack(0x000000fb3a600000,0x000000fb3a700000) (1024K)]

Stack: [0x000000fb3a600000,0x000000fb3a700000]
Native frames: (J=compiled Java code, j=interpreted, Vv=VM code, C=native code)
V  [jvm.dll+0x730739]  (no source info available)
V  [jvm.dll+0x8d9b23]  (no source info available)
V  [jvm.dll+0x8dc00d]  (no source info available)
V  [jvm.dll+0x8dc683]  (no source info available)
V  [jvm.dll+0x2aa086]  (no source info available)
V  [jvm.dll+0x72cc65]  (no source info available)
V  [jvm.dll+0x72059a]  (no source info available)
V  [jvm.dll+0x390cea]  (no source info available)
V  [jvm.dll+0x3989f6]  (no source info available)
V  [jvm.dll+0x38523e]  (no source info available)
V  [jvm.dll+0x3854f8]  (no source info available)
V  [jvm.dll+0x35d0cc]  (no source info available)
V  [jvm.dll+0x35d15a]  (no source info available)
V  [jvm.dll+0x3aa702]  (no source info available)
V  [jvm.dll+0x3a8d82]  (no source info available)
V  [jvm.dll+0x35c897]  (no source info available)
V  [jvm.dll+0x3a8534]  (no source info available)
V  [jvm.dll+0x8e2742]  (no source info available)
V  [jvm.dll+0x8e3a8c]  (no source info available)
V  [jvm.dll+0x8e3ff8]  (no source info available)
V  [jvm.dll+0x8e4293]  (no source info available)
V  [jvm.dll+0x87d76b]  (no source info available)
V  [jvm.dll+0x72ee55]  (no source info available)
C  [ucrtbase.dll+0x37b0]  (no source info available)
C  [KERNEL32.DLL+0x2e8d7]  (no source info available)
C  [ntdll.dll+0x9c5dc]  (no source info available)

VM_Operation (0x000000fb39ffd930): G1CollectForAllocation, mode: safepoint, requested by thread 0x00000249636103c0


---------------  P R O C E S S  ---------------

Threads class SMR info:
_java_thread_list=0x0000024947b4ed60, length=19, elements={
0x00000249636103c0, 0x0000024900a55730, 0x0000024900a55e70, 0x0000024900a58f00,
0x0000024900a59a30, 0x0000024900a5a560, 0x0000024900a636b0, 0x0000024946020090,
0x0000024900a6b320, 0x00000249460fbb10, 0x0000024946111040, 0x0000024946117cb0,
0x00000249462f14f0, 0x0000024946268be0, 0x0000024946269b30, 0x00000249468515f0,
0x00000249464261e0, 0x0000024947700810, 0x0000024947927110
}

Java Threads: ( => current thread )
  0x00000249636103c0 JavaThread "main"                              [_thread_blocked, id=27264, stack(0x000000fb39f00000,0x000000fb3a000000) (1024K)]
  0x0000024900a55730 JavaThread "Reference Handler"          daemon [_thread_blocked, id=42860, stack(0x000000fb3a700000,0x000000fb3a800000) (1024K)]
  0x0000024900a55e70 JavaThread "Finalizer"                  daemon [_thread_blocked, id=14756, stack(0x000000fb3a800000,0x000000fb3a900000) (1024K)]
  0x0000024900a58f00 JavaThread "Signal Dispatcher"          daemon [_thread_blocked, id=41300, stack(0x000000fb3a900000,0x000000fb3aa00000) (1024K)]
  0x0000024900a59a30 JavaThread "Attach Listener"            daemon [_thread_blocked, id=29744, stack(0x000000fb3aa00000,0x000000fb3ab00000) (1024K)]
  0x0000024900a5a560 JavaThread "Service Thread"             daemon [_thread_blocked, id=12524, stack(0x000000fb3ab00000,0x000000fb3ac00000) (1024K)]
  0x0000024900a636b0 JavaThread "Monitor Deflation Thread"   daemon [_thread_blocked, id=24872, stack(0x000000fb3ac00000,0x000000fb3ad00000) (1024K)]
  0x0000024946020090 JavaThread "C2 CompilerThread0"         daemon [_thread_blocked, id=28696, stack(0x000000fb3ad00000,0x000000fb3ae00000) (1024K)]
  0x0000024900a6b320 JavaThread "C1 CompilerThread0"         daemon [_thread_blocked, id=8864, stack(0x000000fb3ae00000,0x000000fb3af00000) (1024K)]
  0x00000249460fbb10 JavaThread "C1 CompilerThread1"         daemon [_thread_blocked, id=16724, stack(0x000000fb3af00000,0x000000fb3b000000) (1024K)]
  0x0000024946111040 JavaThread "C1 CompilerThread2"         daemon [_thread_blocked, id=41640, stack(0x000000fb3b000000,0x000000fb3b100000) (1024K)]
  0x0000024946117cb0 JavaThread "C2 CompilerThread1"         daemon [_thread_blocked, id=7316, stack(0x000000fb3b100000,0x000000fb3b200000) (1024K)]
  0x00000249462f14f0 JavaThread "Common-Cleaner"             daemon [_thread_blocked, id=8652, stack(0x000000fb3b200000,0x000000fb3b300000) (1024K)]
  0x0000024946268be0 JavaThread "Monitor Ctrl-Break"         daemon [_thread_in_native, id=34344, stack(0x000000fb3b300000,0x000000fb3b400000) (1024K)]
  0x0000024946269b30 JavaThread "Notification Thread"        daemon [_thread_blocked, id=23140, stack(0x000000fb3b400000,0x000000fb3b500000) (1024K)]
  0x00000249468515f0 JavaThread "RMI TCP Accept-0"           daemon [_thread_in_native, id=15016, stack(0x000000fb3bc00000,0x000000fb3bd00000) (1024K)]
  0x00000249464261e0 JavaThread "RMI TCP Connection(1)-192.168.1.55" daemon [_thread_in_native, id=40424, stack(0x000000fb3be00000,0x000000fb3bf00000) (1024K)]
  0x0000024947700810 JavaThread "RMI Scheduler(0)"           daemon [_thread_blocked, id=30060, stack(0x000000fb3b900000,0x000000fb3ba00000) (1024K)]
  0x0000024947927110 JavaThread "JMX server connection timeout 43" daemon [_thread_blocked, id=1932, stack(0x000000fb3bf00000,0x000000fb3c000000) (1024K)]
Total: 19

Other Threads:
=>0x0000024900a43bd0 VMThread "VM Thread"                           [id=33760, stack(0x000000fb3a600000,0x000000fb3a700000) (1024K)]
  0x0000024900a35320 WatcherThread "VM Periodic Task Thread"        [id=23004, stack(0x000000fb3a500000,0x000000fb3a600000) (1024K)]
  0x00000249636676e0 WorkerThread "GC Thread#0"                     [id=11892, stack(0x000000fb3a000000,0x000000fb3a100000) (1024K)]
  0x0000024946906110 WorkerThread "GC Thread#1"                     [id=15300, stack(0x000000fb3ba00000,0x000000fb3bb00000) (1024K)]
  0x00000249464db1d0 WorkerThread "GC Thread#2"                     [id=20764, stack(0x000000fb3bb00000,0x000000fb3bc00000) (1024K)]
  0x0000024947560cb0 WorkerThread "GC Thread#3"                     [id=16808, stack(0x000000fb3bd00000,0x000000fb3be00000) (1024K)]
  0x00000249480753b0 WorkerThread "GC Thread#4"                     [id=28668, stack(0x000000fb3c000000,0x000000fb3c100000) (1024K)]
  0x0000024948074c50 WorkerThread "GC Thread#5"                     [id=15040, stack(0x000000fb3b500000,0x000000fb3b600000) (1024K)]
  0x0000024948072ed0 WorkerThread "GC Thread#6"                     [id=22676, stack(0x000000fb3b600000,0x000000fb3b700000) (1024K)]
  0x000002496125e930 ConcurrentGCThread "G1 Main Marker"            [id=20368, stack(0x000000fb3a100000,0x000000fb3a200000) (1024K)]
  0x00000249636904e0 WorkerThread "G1 Conc#0"                       [id=10064, stack(0x000000fb3a200000,0x000000fb3a300000) (1024K)]
  0x0000024900904e60 ConcurrentGCThread "G1 Refine#0"               [id=38476, stack(0x000000fb3a300000,0x000000fb3a400000) (1024K)]
  0x00000249009059e0 ConcurrentGCThread "G1 Service"                [id=33280, stack(0x000000fb3a400000,0x000000fb3a500000) (1024K)]
Total: 13

Threads with active compile tasks:
Total: 0

VM state: at safepoint (normal execution)

VM Mutex/Monitor currently owned by a thread:  ([mutex/lock_event])
[0x00007ff830d844b0] Threads_lock - owner thread: 0x0000024900a43bd0
[0x00007ff830d845b0] Heap_lock - owner thread: 0x00000249636103c0

Heap address: 0x0000000088c00000, size: 1908 MB, Compressed Oops mode: 32-bit

CDS archive(s) mapped at: [0x0000024901000000-0x0000024901d40000-0x0000024901d40000), size 13893632, SharedBaseAddress: 0x0000024901000000, ArchiveRelocationMode: 1.
Compressed class space mapped at: 0x0000024902000000-0x0000024942000000, reserved size: 1073741824
UseCompressedClassPointers 1, UseCompactObjectHeaders 0
Narrow klass pointer bits 32, Max shift 3
Narrow klass base: 0x0000024901000000, Narrow klass shift: 0
Encoding Range: [0x0000024901000000 - 0x0000024a01000000), (4294967296 bytes)
Klass Range:    [0x0000024901000000 - 0x0000024942000000), (1090519040 bytes)
Klass ID Range:  [8 - 1090519033) (1090519025)

GC Precious Log:
 CardTable entry size: 512
 Card Set container configuration: InlinePtr #cards 5 size 8 Array Of Cards #cards 10 size 36 Howl #buckets 4 coarsen threshold 1843 Howl Bitmap #cards 512 size 80 coarsen threshold 460 Card regions per heap region 1 cards per card region 2048
 CPUs: 16 total, 16 available
 Memory: 7631M
 Large Page Support: Disabled
 NUMA Support: Disabled
 Compressed Oops: Enabled (32-bit)
 Heap Region Size: 1M
 Heap Min Capacity: 8M
 Heap Initial Capacity: 120M
 Heap Max Capacity: 1908M
 Pre-touch: Disabled
 Parallel Workers: 13
 Concurrent Workers: 3
 Concurrent Refinement Workers: 13
 Periodic GC: Disabled

Heap:
 garbage-first heap   total reserved 1953792K, committed 339968K, used 152077K [0x0000000088c00000, 0x0000000100000000)
  region size 1024K, 3 young (3072K), 3 survivors (3072K)
 Metaspace       used 6437K, committed 6656K, reserved 1114112K
  class space    used 563K, committed 640K, reserved 1048576K

Heap Regions: E=young(eden), S=young(survivor), O=old, HS=humongous(starts), HC=humongous(continues), CS=collection set, F=free, TAMS=top-at-mark-start, PB=parsable bottom
|   0|0x0000000088c00000, 0x0000000088c00000, 0x0000000088d00000|  0%| F|  |TAMS 0x0000000088c00000| PB 0x0000000088c00000| Untracked |  0
|   1|0x0000000088d00000, 0x0000000088d00000, 0x0000000088e00000|  0%| F|  |TAMS 0x0000000088d00000| PB 0x0000000088d00000| Untracked |  0
|   2|0x0000000088e00000, 0x0000000088e00000, 0x0000000088f00000|  0%| F|  |TAMS 0x0000000088e00000| PB 0x0000000088e00000| Untracked |  0
|   3|0x0000000088f00000, 0x0000000088f00000, 0x0000000089000000|  0%| F|  |TAMS 0x0000000088f00000| PB 0x0000000088f00000| Untracked |  0
|   4|0x0000000089000000, 0x0000000089000000, 0x0000000089100000|  0%| F|  |TAMS 0x0000000089000000| PB 0x0000000089000000| Untracked |  0
|   5|0x0000000089100000, 0x0000000089100000, 0x0000000089200000|  0%| F|  |TAMS 0x0000000089100000| PB 0x0000000089100000| Untracked |  0
|   6|0x0000000089200000, 0x0000000089200000, 0x0000000089300000|  0%| F|  |TAMS 0x0000000089200000| PB 0x0000000089200000| Untracked |  0
|   7|0x0000000089300000, 0x0000000089300000, 0x0000000089400000|  0%| F|  |TAMS 0x0000000089300000| PB 0x0000000089300000| Untracked |  0
|   8|0x0000000089400000, 0x0000000089400000, 0x0000000089500000|  0%| F|  |TAMS 0x0000000089400000| PB 0x0000000089400000| Untracked |  0
|   9|0x0000000089500000, 0x0000000089500000, 0x0000000089600000|  0%| F|  |TAMS 0x0000000089500000| PB 0x0000000089500000| Untracked |  0
|  10|0x0000000089600000, 0x0000000089600000, 0x0000000089700000|  0%| F|  |TAMS 0x0000000089600000| PB 0x0000000089600000| Untracked |  0
|  11|0x0000000089700000, 0x0000000089700000, 0x0000000089800000|  0%| F|  |TAMS 0x0000000089700000| PB 0x0000000089700000| Untracked |  0
|  12|0x0000000089800000, 0x0000000089800000, 0x0000000089900000|  0%| F|  |TAMS 0x0000000089800000| PB 0x0000000089800000| Untracked |  0
|  13|0x0000000089900000, 0x0000000089900000, 0x0000000089a00000|  0%| F|  |TAMS 0x0000000089900000| PB 0x0000000089900000| Untracked |  0
|  14|0x0000000089a00000, 0x0000000089a00000, 0x0000000089b00000|  0%| F|  |TAMS 0x0000000089a00000| PB 0x0000000089a00000| Untracked |  0
|  15|0x0000000089b00000, 0x0000000089b00000, 0x0000000089c00000|  0%| F|  |TAMS 0x0000000089b00000| PB 0x0000000089b00000| Untracked |  0
|  16|0x0000000089c00000, 0x0000000089c00000, 0x0000000089d00000|  0%| F|  |TAMS 0x0000000089c00000| PB 0x0000000089c00000| Untracked |  0
|  17|0x0000000089d00000, 0x0000000089d00000, 0x0000000089e00000|  0%| F|  |TAMS 0x0000000089d00000| PB 0x0000000089d00000| Untracked |  0
|  18|0x0000000089e00000, 0x0000000089e00000, 0x0000000089f00000|  0%| F|  |TAMS 0x0000000089e00000| PB 0x0000000089e00000| Untracked |  0
|  19|0x0000000089f00000, 0x0000000089f00000, 0x000000008a000000|  0%| F|  |TAMS 0x0000000089f00000| PB 0x0000000089f00000| Untracked |  0
|  20|0x000000008a000000, 0x000000008a000000, 0x000000008a100000|  0%| F|  |TAMS 0x000000008a000000| PB 0x000000008a000000| Untracked |  0
|  21|0x000000008a100000, 0x000000008a100000, 0x000000008a200000|  0%| F|  |TAMS 0x000000008a100000| PB 0x000000008a100000| Untracked |  0
|  22|0x000000008a200000, 0x000000008a200000, 0x000000008a300000|  0%| F|  |TAMS 0x000000008a200000| PB 0x000000008a200000| Untracked |  0
|  23|0x000000008a300000, 0x000000008a300000, 0x000000008a400000|  0%| F|  |TAMS 0x000000008a300000| PB 0x000000008a300000| Untracked |  0
|  24|0x000000008a400000, 0x000000008a400000, 0x000000008a500000|  0%| F|  |TAMS 0x000000008a400000| PB 0x000000008a400000| Untracked |  0
|  25|0x000000008a500000, 0x000000008a500000, 0x000000008a600000|  0%| F|  |TAMS 0x000000008a500000| PB 0x000000008a500000| Untracked |  0
|  26|0x000000008a600000, 0x000000008a6673b0, 0x000000008a700000| 40%| S|CS|TAMS 0x000000008a600000| PB 0x000000008a600000| Complete |  0
|  27|0x000000008a700000, 0x000000008a800000, 0x000000008a800000|100%| S|CS|TAMS 0x000000008a700000| PB 0x000000008a700000| Complete |  0
|  28|0x000000008a800000, 0x000000008a900000, 0x000000008a900000|100%| S|CS|TAMS 0x000000008a800000| PB 0x000000008a800000| Complete |  0
|  29|0x000000008a900000, 0x000000008a900000, 0x000000008aa00000|  0%| F|  |TAMS 0x000000008a900000| PB 0x000000008a900000| Untracked |  0
|  30|0x000000008aa00000, 0x000000008aa00000, 0x000000008ab00000|  0%| F|  |TAMS 0x000000008aa00000| PB 0x000000008aa00000| Untracked |  0
|  31|0x000000008ab00000, 0x000000008ab00000, 0x000000008ac00000|  0%| F|  |TAMS 0x000000008ab00000| PB 0x000000008ab00000| Untracked |  0
|  32|0x000000008ac00000, 0x000000008ac00000, 0x000000008ad00000|  0%| F|  |TAMS 0x000000008ac00000| PB 0x000000008ac00000| Untracked |  0
|  33|0x000000008ad00000, 0x000000008ad00000, 0x000000008ae00000|  0%| F|  |TAMS 0x000000008ad00000| PB 0x000000008ad00000| Untracked |  0
|  34|0x000000008ae00000, 0x000000008ae00000, 0x000000008af00000|  0%| F|  |TAMS 0x000000008ae00000| PB 0x000000008ae00000| Untracked |  0
|  35|0x000000008af00000, 0x000000008af00000, 0x000000008b000000|  0%| F|  |TAMS 0x000000008af00000| PB 0x000000008af00000| Untracked |  0
|  36|0x000000008b000000, 0x000000008b000000, 0x000000008b100000|  0%| F|  |TAMS 0x000000008b000000| PB 0x000000008b000000| Untracked |  0
|  37|0x000000008b100000, 0x000000008b100000, 0x000000008b200000|  0%| F|  |TAMS 0x000000008b100000| PB 0x000000008b100000| Untracked |  0
|  38|0x000000008b200000, 0x000000008b200000, 0x000000008b300000|  0%| F|  |TAMS 0x000000008b200000| PB 0x000000008b200000| Untracked |  0
|  39|0x000000008b300000, 0x000000008b300000, 0x000000008b400000|  0%| F|  |TAMS 0x000000008b300000| PB 0x000000008b300000| Untracked |  0
|  40|0x000000008b400000, 0x000000008b400000, 0x000000008b500000|  0%| F|  |TAMS 0x000000008b400000| PB 0x000000008b400000| Untracked |  0
|  41|0x000000008b500000, 0x000000008b500000, 0x000000008b600000|  0%| F|  |TAMS 0x000000008b500000| PB 0x000000008b500000| Untracked |  0
|  42|0x000000008b600000, 0x000000008b600000, 0x000000008b700000|  0%| F|  |TAMS 0x000000008b600000| PB 0x000000008b600000| Untracked |  0
|  43|0x000000008b700000, 0x000000008b700000, 0x000000008b800000|  0%| F|  |TAMS 0x000000008b700000| PB 0x000000008b700000| Untracked |  0
|  44|0x000000008b800000, 0x000000008b800000, 0x000000008b900000|  0%| F|  |TAMS 0x000000008b800000| PB 0x000000008b800000| Untracked |  0
|  45|0x000000008b900000, 0x000000008b900000, 0x000000008ba00000|  0%| F|  |TAMS 0x000000008b900000| PB 0x000000008b900000| Untracked |  0
|  46|0x000000008ba00000, 0x000000008ba00000, 0x000000008bb00000|  0%| F|  |TAMS 0x000000008ba00000| PB 0x000000008ba00000| Untracked |  0
|  47|0x000000008bb00000, 0x000000008bb00000, 0x000000008bc00000|  0%| F|  |TAMS 0x000000008bb00000| PB 0x000000008bb00000| Untracked |  0
|  48|0x000000008bc00000, 0x000000008bc00000, 0x000000008bd00000|  0%| F|  |TAMS 0x000000008bc00000| PB 0x000000008bc00000| Untracked |  0
|  49|0x000000008bd00000, 0x000000008bd00000, 0x000000008be00000|  0%| F|  |TAMS 0x000000008bd00000| PB 0x000000008bd00000| Untracked |  0
|  50|0x000000008be00000, 0x000000008be00000, 0x000000008bf00000|  0%| F|  |TAMS 0x000000008be00000| PB 0x000000008be00000| Untracked |  0
|  51|0x000000008bf00000, 0x000000008bf00000, 0x000000008c000000|  0%| F|  |TAMS 0x000000008bf00000| PB 0x000000008bf00000| Untracked |  0
|  52|0x000000008c000000, 0x000000008c000000, 0x000000008c100000|  0%| F|  |TAMS 0x000000008c000000| PB 0x000000008c000000| Untracked |  0
|  53|0x000000008c100000, 0x000000008c100000, 0x000000008c200000|  0%| F|  |TAMS 0x000000008c100000| PB 0x000000008c100000| Untracked |  0
|  54|0x000000008c200000, 0x000000008c200000, 0x000000008c300000|  0%| F|  |TAMS 0x000000008c200000| PB 0x000000008c200000| Untracked |  0
|  55|0x000000008c300000, 0x000000008c300000, 0x000000008c400000|  0%| F|  |TAMS 0x000000008c300000| PB 0x000000008c300000| Untracked |  0
|  56|0x000000008c400000, 0x000000008c400000, 0x000000008c500000|  0%| F|  |TAMS 0x000000008c400000| PB 0x000000008c400000| Untracked |  0
|  57|0x000000008c500000, 0x000000008c500000, 0x000000008c600000|  0%| F|  |TAMS 0x000000008c500000| PB 0x000000008c500000| Untracked |  0
|  58|0x000000008c600000, 0x000000008c600000, 0x000000008c700000|  0%| F|  |TAMS 0x000000008c600000| PB 0x000000008c600000| Untracked |  0
|  59|0x000000008c700000, 0x000000008c700000, 0x000000008c800000|  0%| F|  |TAMS 0x000000008c700000| PB 0x000000008c700000| Untracked |  0
|  60|0x000000008c800000, 0x000000008c800000, 0x000000008c900000|  0%| F|  |TAMS 0x000000008c800000| PB 0x000000008c800000| Untracked |  0
|  61|0x000000008c900000, 0x000000008c900000, 0x000000008ca00000|  0%| F|  |TAMS 0x000000008c900000| PB 0x000000008c900000| Untracked |  0
|  62|0x000000008ca00000, 0x000000008ca00000, 0x000000008cb00000|  0%| F|  |TAMS 0x000000008ca00000| PB 0x000000008ca00000| Untracked |  0
|  63|0x000000008cb00000, 0x000000008cb00000, 0x000000008cc00000|  0%| F|  |TAMS 0x000000008cb00000| PB 0x000000008cb00000| Untracked |  0
|  64|0x000000008cc00000, 0x000000008cc00000, 0x000000008cd00000|  0%| F|  |TAMS 0x000000008cc00000| PB 0x000000008cc00000| Untracked |  0
|  65|0x000000008cd00000, 0x000000008cd00000, 0x000000008ce00000|  0%| F|  |TAMS 0x000000008cd00000| PB 0x000000008cd00000| Untracked |  0
|  66|0x000000008ce00000, 0x000000008ce00000, 0x000000008cf00000|  0%| F|  |TAMS 0x000000008ce00000| PB 0x000000008ce00000| Untracked |  0
|  67|0x000000008cf00000, 0x000000008cf00000, 0x000000008d000000|  0%| F|  |TAMS 0x000000008cf00000| PB 0x000000008cf00000| Untracked |  0
|  68|0x000000008d000000, 0x000000008d000000, 0x000000008d100000|  0%| F|  |TAMS 0x000000008d000000| PB 0x000000008d000000| Untracked |  0
|  69|0x000000008d100000, 0x000000008d100000, 0x000000008d200000|  0%| F|  |TAMS 0x000000008d100000| PB 0x000000008d100000| Untracked |  0
|  70|0x000000008d200000, 0x000000008d200000, 0x000000008d300000|  0%| F|  |TAMS 0x000000008d200000| PB 0x000000008d200000| Untracked |  0
|  71|0x000000008d300000, 0x000000008d300000, 0x000000008d400000|  0%| F|  |TAMS 0x000000008d300000| PB 0x000000008d300000| Untracked |  0
|  72|0x000000008d400000, 0x000000008d400000, 0x000000008d500000|  0%| F|  |TAMS 0x000000008d400000| PB 0x000000008d400000| Untracked |  0
|  73|0x000000008d500000, 0x000000008d500000, 0x000000008d600000|  0%| F|  |TAMS 0x000000008d500000| PB 0x000000008d500000| Untracked |  0
|  74|0x000000008d600000, 0x000000008d600000, 0x000000008d700000|  0%| F|  |TAMS 0x000000008d600000| PB 0x000000008d600000| Untracked |  0
|  75|0x000000008d700000, 0x000000008d700000, 0x000000008d800000|  0%| F|  |TAMS 0x000000008d700000| PB 0x000000008d700000| Untracked |  0
|  76|0x000000008d800000, 0x000000008d800000, 0x000000008d900000|  0%| F|  |TAMS 0x000000008d800000| PB 0x000000008d800000| Untracked |  0
|  77|0x000000008d900000, 0x000000008d900000, 0x000000008da00000|  0%| F|  |TAMS 0x000000008d900000| PB 0x000000008d900000| Untracked |  0
|  78|0x000000008da00000, 0x000000008da00000, 0x000000008db00000|  0%| F|  |TAMS 0x000000008da00000| PB 0x000000008da00000| Untracked |  0
|  79|0x000000008db00000, 0x000000008db00000, 0x000000008dc00000|  0%| F|  |TAMS 0x000000008db00000| PB 0x000000008db00000| Untracked |  0
|  80|0x000000008dc00000, 0x000000008dc00000, 0x000000008dd00000|  0%| F|  |TAMS 0x000000008dc00000| PB 0x000000008dc00000| Untracked |  0
|  81|0x000000008dd00000, 0x000000008dd00000, 0x000000008de00000|  0%| F|  |TAMS 0x000000008dd00000| PB 0x000000008dd00000| Untracked |  0
|  82|0x000000008de00000, 0x000000008de00000, 0x000000008df00000|  0%| F|  |TAMS 0x000000008de00000| PB 0x000000008de00000| Untracked |  0
|  83|0x000000008df00000, 0x000000008df00000, 0x000000008e000000|  0%| F|  |TAMS 0x000000008df00000| PB 0x000000008df00000| Untracked |  0
|  84|0x000000008e000000, 0x000000008e000000, 0x000000008e100000|  0%| F|  |TAMS 0x000000008e000000| PB 0x000000008e000000| Untracked |  0
|  85|0x000000008e100000, 0x000000008e100000, 0x000000008e200000|  0%| F|  |TAMS 0x000000008e100000| PB 0x000000008e100000| Untracked |  0
|  86|0x000000008e200000, 0x000000008e200000, 0x000000008e300000|  0%| F|  |TAMS 0x000000008e200000| PB 0x000000008e200000| Untracked |  0
|  87|0x000000008e300000, 0x000000008e300000, 0x000000008e400000|  0%| F|  |TAMS 0x000000008e300000| PB 0x000000008e300000| Untracked |  0
|  88|0x000000008e400000, 0x000000008e400000, 0x000000008e500000|  0%| F|  |TAMS 0x000000008e400000| PB 0x000000008e400000| Untracked |  0
|  89|0x000000008e500000, 0x000000008e500000, 0x000000008e600000|  0%| F|  |TAMS 0x000000008e500000| PB 0x000000008e500000| Untracked |  0
|  90|0x000000008e600000, 0x000000008e600000, 0x000000008e700000|  0%| F|  |TAMS 0x000000008e600000| PB 0x000000008e600000| Untracked |  0
|  91|0x000000008e700000, 0x000000008e700000, 0x000000008e800000|  0%| F|  |TAMS 0x000000008e700000| PB 0x000000008e700000| Untracked |  0
|  92|0x000000008e800000, 0x000000008e800000, 0x000000008e900000|  0%| F|  |TAMS 0x000000008e800000| PB 0x000000008e800000| Untracked |  0
|  93|0x000000008e900000, 0x000000008e900000, 0x000000008ea00000|  0%| F|  |TAMS 0x000000008e900000| PB 0x000000008e900000| Untracked |  0
|  94|0x000000008ea00000, 0x000000008ea00000, 0x000000008eb00000|  0%| F|  |TAMS 0x000000008ea00000| PB 0x000000008ea00000| Untracked |  0
|  95|0x000000008eb00000, 0x000000008eb00000, 0x000000008ec00000|  0%| F|  |TAMS 0x000000008eb00000| PB 0x000000008eb00000| Untracked |  0
|  96|0x000000008ec00000, 0x000000008ec00000, 0x000000008ed00000|  0%| F|  |TAMS 0x000000008ec00000| PB 0x000000008ec00000| Untracked |  0
|  97|0x000000008ed00000, 0x000000008ed00000, 0x000000008ee00000|  0%| F|  |TAMS 0x000000008ed00000| PB 0x000000008ed00000| Untracked |  0
|  98|0x000000008ee00000, 0x000000008ee00000, 0x000000008ef00000|  0%| F|  |TAMS 0x000000008ee00000| PB 0x000000008ee00000| Untracked |  0
|  99|0x000000008ef00000, 0x000000008ef00000, 0x000000008f000000|  0%| F|  |TAMS 0x000000008ef00000| PB 0x000000008ef00000| Untracked |  0
| 100|0x000000008f000000, 0x000000008f000000, 0x000000008f100000|  0%| F|  |TAMS 0x000000008f000000| PB 0x000000008f000000| Untracked |  0
| 101|0x000000008f100000, 0x000000008f100000, 0x000000008f200000|  0%| F|  |TAMS 0x000000008f100000| PB 0x000000008f100000| Untracked |  0
| 102|0x000000008f200000, 0x000000008f200000, 0x000000008f300000|  0%| F|  |TAMS 0x000000008f200000| PB 0x000000008f200000| Untracked |  0
| 103|0x000000008f300000, 0x000000008f300000, 0x000000008f400000|  0%| F|  |TAMS 0x000000008f300000| PB 0x000000008f300000| Untracked |  0
| 104|0x000000008f400000, 0x000000008f400000, 0x000000008f500000|  0%| F|  |TAMS 0x000000008f400000| PB 0x000000008f400000| Untracked |  0
| 105|0x000000008f500000, 0x000000008f500000, 0x000000008f600000|  0%| F|  |TAMS 0x000000008f500000| PB 0x000000008f500000| Untracked |  0
| 106|0x000000008f600000, 0x000000008f600000, 0x000000008f700000|  0%| F|  |TAMS 0x000000008f600000| PB 0x000000008f600000| Untracked |  0
| 107|0x000000008f700000, 0x000000008f700000, 0x000000008f800000|  0%| F|  |TAMS 0x000000008f700000| PB 0x000000008f700000| Untracked |  0
| 108|0x000000008f800000, 0x000000008f800000, 0x000000008f900000|  0%| F|  |TAMS 0x000000008f800000| PB 0x000000008f800000| Untracked |  0
| 109|0x000000008f900000, 0x000000008f900000, 0x000000008fa00000|  0%| F|  |TAMS 0x000000008f900000| PB 0x000000008f900000| Untracked |  0
| 110|0x000000008fa00000, 0x000000008fa00000, 0x000000008fb00000|  0%| F|  |TAMS 0x000000008fa00000| PB 0x000000008fa00000| Untracked |  0
| 111|0x000000008fb00000, 0x000000008fb00000, 0x000000008fc00000|  0%| F|  |TAMS 0x000000008fb00000| PB 0x000000008fb00000| Untracked |  0
| 112|0x000000008fc00000, 0x000000008fc00000, 0x000000008fd00000|  0%| F|  |TAMS 0x000000008fc00000| PB 0x000000008fc00000| Untracked |  0
| 113|0x000000008fd00000, 0x000000008fd00000, 0x000000008fe00000|  0%| F|  |TAMS 0x000000008fd00000| PB 0x000000008fd00000| Untracked |  0
| 114|0x000000008fe00000, 0x000000008fe00000, 0x000000008ff00000|  0%| F|  |TAMS 0x000000008fe00000| PB 0x000000008fe00000| Untracked |  0
| 115|0x000000008ff00000, 0x000000008ff00000, 0x0000000090000000|  0%| F|  |TAMS 0x000000008ff00000| PB 0x000000008ff00000| Untracked |  0
| 116|0x0000000090000000, 0x0000000090000000, 0x0000000090100000|  0%| F|  |TAMS 0x0000000090000000| PB 0x0000000090000000| Untracked |  0
| 117|0x0000000090100000, 0x0000000090100000, 0x0000000090200000|  0%| F|  |TAMS 0x0000000090100000| PB 0x0000000090100000| Untracked |  0
| 118|0x0000000090200000, 0x0000000090200000, 0x0000000090300000|  0%| F|  |TAMS 0x0000000090200000| PB 0x0000000090200000| Untracked |  0
| 119|0x0000000090300000, 0x0000000090300000, 0x0000000090400000|  0%| F|  |TAMS 0x0000000090300000| PB 0x0000000090300000| Untracked |  0
| 120|0x0000000090400000, 0x0000000090400000, 0x0000000090500000|  0%| F|  |TAMS 0x0000000090400000| PB 0x0000000090400000| Untracked |  0
| 121|0x0000000090500000, 0x0000000090500000, 0x0000000090600000|  0%| F|  |TAMS 0x0000000090500000| PB 0x0000000090500000| Untracked |  0
| 122|0x0000000090600000, 0x0000000090600000, 0x0000000090700000|  0%| F|  |TAMS 0x0000000090600000| PB 0x0000000090600000| Untracked |  0
| 123|0x0000000090700000, 0x0000000090700000, 0x0000000090800000|  0%| F|  |TAMS 0x0000000090700000| PB 0x0000000090700000| Untracked |  0
| 124|0x0000000090800000, 0x0000000090800000, 0x0000000090900000|  0%| F|  |TAMS 0x0000000090800000| PB 0x0000000090800000| Untracked |  0
| 125|0x0000000090900000, 0x0000000090900000, 0x0000000090a00000|  0%| F|  |TAMS 0x0000000090900000| PB 0x0000000090900000| Untracked |  0
| 126|0x0000000090a00000, 0x0000000090a00000, 0x0000000090b00000|  0%| F|  |TAMS 0x0000000090a00000| PB 0x0000000090a00000| Untracked |  0
| 127|0x0000000090b00000, 0x0000000090b00000, 0x0000000090c00000|  0%| F|  |TAMS 0x0000000090b00000| PB 0x0000000090b00000| Untracked |  0
| 128|0x0000000090c00000, 0x0000000090c00000, 0x0000000090d00000|  0%| F|  |TAMS 0x0000000090c00000| PB 0x0000000090c00000| Untracked |  0
| 129|0x0000000090d00000, 0x0000000090d00000, 0x0000000090e00000|  0%| F|  |TAMS 0x0000000090d00000| PB 0x0000000090d00000| Untracked |  0
| 130|0x0000000090e00000, 0x0000000090e00000, 0x0000000090f00000|  0%| F|  |TAMS 0x0000000090e00000| PB 0x0000000090e00000| Untracked |  0
| 131|0x0000000090f00000, 0x0000000090f00000, 0x0000000091000000|  0%| F|  |TAMS 0x0000000090f00000| PB 0x0000000090f00000| Untracked |  0
| 132|0x0000000091000000, 0x0000000091000000, 0x0000000091100000|  0%| F|  |TAMS 0x0000000091000000| PB 0x0000000091000000| Untracked |  0
| 133|0x0000000091100000, 0x0000000091100000, 0x0000000091200000|  0%| F|  |TAMS 0x0000000091100000| PB 0x0000000091100000| Untracked |  0
| 134|0x0000000091200000, 0x0000000091200000, 0x0000000091300000|  0%| F|  |TAMS 0x0000000091200000| PB 0x0000000091200000| Untracked |  0
| 135|0x0000000091300000, 0x0000000091300000, 0x0000000091400000|  0%| F|  |TAMS 0x0000000091300000| PB 0x0000000091300000| Untracked |  0
| 136|0x0000000091400000, 0x0000000091400000, 0x0000000091500000|  0%| F|  |TAMS 0x0000000091400000| PB 0x0000000091400000| Untracked |  0
| 137|0x0000000091500000, 0x0000000091500000, 0x0000000091600000|  0%| F|  |TAMS 0x0000000091500000| PB 0x0000000091500000| Untracked |  0
| 138|0x0000000091600000, 0x0000000091600000, 0x0000000091700000|  0%| F|  |TAMS 0x0000000091600000| PB 0x0000000091600000| Untracked |  0
| 139|0x0000000091700000, 0x0000000091700000, 0x0000000091800000|  0%| F|  |TAMS 0x0000000091700000| PB 0x0000000091700000| Untracked |  0
| 140|0x0000000091800000, 0x0000000091800000, 0x0000000091900000|  0%| F|  |TAMS 0x0000000091800000| PB 0x0000000091800000| Untracked |  0
| 141|0x0000000091900000, 0x0000000091900000, 0x0000000091a00000|  0%| F|  |TAMS 0x0000000091900000| PB 0x0000000091900000| Untracked |  0
| 142|0x0000000091a00000, 0x0000000091a00000, 0x0000000091b00000|  0%| F|  |TAMS 0x0000000091a00000| PB 0x0000000091a00000| Untracked |  0
| 143|0x0000000091b00000, 0x0000000091b00000, 0x0000000091c00000|  0%| F|  |TAMS 0x0000000091b00000| PB 0x0000000091b00000| Untracked |  0
| 144|0x0000000091c00000, 0x0000000091c00000, 0x0000000091d00000|  0%| F|  |TAMS 0x0000000091c00000| PB 0x0000000091c00000| Untracked |  0
| 145|0x0000000091d00000, 0x0000000091d00000, 0x0000000091e00000|  0%| F|  |TAMS 0x0000000091d00000| PB 0x0000000091d00000| Untracked |  0
| 146|0x0000000091e00000, 0x0000000091e00000, 0x0000000091f00000|  0%| F|  |TAMS 0x0000000091e00000| PB 0x0000000091e00000| Untracked |  0
| 147|0x0000000091f00000, 0x0000000091f00000, 0x0000000092000000|  0%| F|  |TAMS 0x0000000091f00000| PB 0x0000000091f00000| Untracked |  0
| 148|0x0000000092000000, 0x0000000092000000, 0x0000000092100000|  0%| F|  |TAMS 0x0000000092000000| PB 0x0000000092000000| Untracked |  0
| 149|0x0000000092100000, 0x0000000092100000, 0x0000000092200000|  0%| F|  |TAMS 0x0000000092100000| PB 0x0000000092100000| Untracked |  0
| 150|0x0000000092200000, 0x0000000092200000, 0x0000000092300000|  0%| F|  |TAMS 0x0000000092200000| PB 0x0000000092200000| Untracked |  0
| 151|0x0000000092300000, 0x0000000092300000, 0x0000000092400000|  0%| F|  |TAMS 0x0000000092300000| PB 0x0000000092300000| Untracked |  0
| 152|0x0000000092400000, 0x0000000092400000, 0x0000000092500000|  0%| F|  |TAMS 0x0000000092400000| PB 0x0000000092400000| Untracked |  0
| 153|0x0000000092500000, 0x0000000092500000, 0x0000000092600000|  0%| F|  |TAMS 0x0000000092500000| PB 0x0000000092500000| Untracked |  0
| 154|0x0000000092600000, 0x0000000092600000, 0x0000000092700000|  0%| F|  |TAMS 0x0000000092600000| PB 0x0000000092600000| Untracked |  0
| 155|0x0000000092700000, 0x0000000092700000, 0x0000000092800000|  0%| F|  |TAMS 0x0000000092700000| PB 0x0000000092700000| Untracked |  0
| 156|0x0000000092800000, 0x0000000092800000, 0x0000000092900000|  0%| F|  |TAMS 0x0000000092800000| PB 0x0000000092800000| Untracked |  0
| 157|0x0000000092900000, 0x0000000092900000, 0x0000000092a00000|  0%| F|  |TAMS 0x0000000092900000| PB 0x0000000092900000| Untracked |  0
| 158|0x0000000092a00000, 0x0000000092a00000, 0x0000000092b00000|  0%| F|  |TAMS 0x0000000092a00000| PB 0x0000000092a00000| Untracked |  0
| 159|0x0000000092b00000, 0x0000000092b00000, 0x0000000092c00000|  0%| F|  |TAMS 0x0000000092b00000| PB 0x0000000092b00000| Untracked |  0
| 160|0x0000000092c00000, 0x0000000092c00000, 0x0000000092d00000|  0%| F|  |TAMS 0x0000000092c00000| PB 0x0000000092c00000| Untracked |  0
| 161|0x0000000092d00000, 0x0000000092d00000, 0x0000000092e00000|  0%| F|  |TAMS 0x0000000092d00000| PB 0x0000000092d00000| Untracked |  0
| 162|0x0000000092e00000, 0x0000000092e00000, 0x0000000092f00000|  0%| F|  |TAMS 0x0000000092e00000| PB 0x0000000092e00000| Untracked |  0
| 163|0x0000000092f00000, 0x0000000092f00000, 0x0000000093000000|  0%| F|  |TAMS 0x0000000092f00000| PB 0x0000000092f00000| Untracked |  0
| 164|0x0000000093000000, 0x0000000093000000, 0x0000000093100000|  0%| F|  |TAMS 0x0000000093000000| PB 0x0000000093000000| Untracked |  0
| 165|0x0000000093100000, 0x0000000093100000, 0x0000000093200000|  0%| F|  |TAMS 0x0000000093100000| PB 0x0000000093100000| Untracked |  0
| 166|0x0000000093200000, 0x0000000093200000, 0x0000000093300000|  0%| F|  |TAMS 0x0000000093200000| PB 0x0000000093200000| Untracked |  0
| 167|0x0000000093300000, 0x0000000093300000, 0x0000000093400000|  0%| F|  |TAMS 0x0000000093300000| PB 0x0000000093300000| Untracked |  0
| 168|0x0000000093400000, 0x0000000093400000, 0x0000000093500000|  0%| F|  |TAMS 0x0000000093400000| PB 0x0000000093400000| Untracked |  0
| 169|0x0000000093500000, 0x0000000093500000, 0x0000000093600000|  0%| F|  |TAMS 0x0000000093500000| PB 0x0000000093500000| Untracked |  0
| 170|0x0000000093600000, 0x0000000093600000, 0x0000000093700000|  0%| F|  |TAMS 0x0000000093600000| PB 0x0000000093600000| Untracked |  0
| 171|0x0000000093700000, 0x0000000093700000, 0x0000000093800000|  0%| F|  |TAMS 0x0000000093700000| PB 0x0000000093700000| Untracked |  0
| 172|0x0000000093800000, 0x0000000093800000, 0x0000000093900000|  0%| F|  |TAMS 0x0000000093800000| PB 0x0000000093800000| Untracked |  0
| 173|0x0000000093900000, 0x0000000093900000, 0x0000000093a00000|  0%| F|  |TAMS 0x0000000093900000| PB 0x0000000093900000| Untracked |  0
| 174|0x0000000093a00000, 0x0000000093a00000, 0x0000000093b00000|  0%| F|  |TAMS 0x0000000093a00000| PB 0x0000000093a00000| Untracked |  0
| 175|0x0000000093b00000, 0x0000000093b00000, 0x0000000093c00000|  0%| F|  |TAMS 0x0000000093b00000| PB 0x0000000093b00000| Untracked |  0
| 176|0x0000000093c00000, 0x0000000093c00000, 0x0000000093d00000|  0%| F|  |TAMS 0x0000000093c00000| PB 0x0000000093c00000| Untracked |  0
| 177|0x0000000093d00000, 0x0000000093d00000, 0x0000000093e00000|  0%| F|  |TAMS 0x0000000093d00000| PB 0x0000000093d00000| Untracked |  0
| 178|0x0000000093e00000, 0x0000000093e00000, 0x0000000093f00000|  0%| F|  |TAMS 0x0000000093e00000| PB 0x0000000093e00000| Untracked |  0
| 179|0x0000000093f00000, 0x0000000093f00000, 0x0000000094000000|  0%| F|  |TAMS 0x0000000093f00000| PB 0x0000000093f00000| Untracked |  0
| 180|0x0000000094000000, 0x0000000094000000, 0x0000000094100000|  0%| F|  |TAMS 0x0000000094000000| PB 0x0000000094000000| Untracked |  0
| 181|0x0000000094100000, 0x0000000094100000, 0x0000000094200000|  0%| F|  |TAMS 0x0000000094100000| PB 0x0000000094100000| Untracked |  0
| 182|0x0000000094200000, 0x0000000094200000, 0x0000000094300000|  0%| F|  |TAMS 0x0000000094200000| PB 0x0000000094200000| Untracked |  0
| 183|0x0000000094300000, 0x0000000094300000, 0x0000000094400000|  0%| F|  |TAMS 0x0000000094300000| PB 0x0000000094300000| Untracked |  0
| 184|0x0000000094400000, 0x0000000094400000, 0x0000000094500000|  0%| F|  |TAMS 0x0000000094400000| PB 0x0000000094400000| Untracked |  0
| 185|0x0000000094500000, 0x0000000094600000, 0x0000000094600000|100%|HS|  |TAMS 0x0000000094500000| PB 0x0000000094500000| Complete |  0
| 186|0x0000000094600000, 0x0000000094700000, 0x0000000094700000|100%|HC|  |TAMS 0x0000000094600000| PB 0x0000000094600000| Complete |  0
| 187|0x0000000094700000, 0x0000000094800000, 0x0000000094800000|100%|HC|  |TAMS 0x0000000094700000| PB 0x0000000094700000| Complete |  0
| 188|0x0000000094800000, 0x0000000094900000, 0x0000000094900000|100%|HC|  |TAMS 0x0000000094800000| PB 0x0000000094800000| Complete |  0
| 189|0x0000000094900000, 0x0000000094a00000, 0x0000000094a00000|100%|HC|  |TAMS 0x0000000094900000| PB 0x0000000094900000| Complete |  0
| 190|0x0000000094a00000, 0x0000000094b00000, 0x0000000094b00000|100%|HC|  |TAMS 0x0000000094a00000| PB 0x0000000094a00000| Complete |  0
| 191|0x0000000094b00000, 0x0000000094c00000, 0x0000000094c00000|100%|HC|  |TAMS 0x0000000094b00000| PB 0x0000000094b00000| Complete |  0
| 192|0x0000000094c00000, 0x0000000094d00000, 0x0000000094d00000|100%|HC|  |TAMS 0x0000000094c00000| PB 0x0000000094c00000| Complete |  0
| 193|0x0000000094d00000, 0x0000000094e00000, 0x0000000094e00000|100%|HC|  |TAMS 0x0000000094d00000| PB 0x0000000094d00000| Complete |  0
| 194|0x0000000094e00000, 0x0000000094f00000, 0x0000000094f00000|100%|HC|  |TAMS 0x0000000094e00000| PB 0x0000000094e00000| Complete |  0
| 195|0x0000000094f00000, 0x0000000095000000, 0x0000000095000000|100%|HC|  |TAMS 0x0000000094f00000| PB 0x0000000094f00000| Complete |  0
| 196|0x0000000095000000, 0x0000000095100000, 0x0000000095100000|100%|HC|  |TAMS 0x0000000095000000| PB 0x0000000095000000| Complete |  0
| 197|0x0000000095100000, 0x0000000095200000, 0x0000000095200000|100%|HC|  |TAMS 0x0000000095100000| PB 0x0000000095100000| Complete |  0
| 198|0x0000000095200000, 0x0000000095300000, 0x0000000095300000|100%|HC|  |TAMS 0x0000000095200000| PB 0x0000000095200000| Complete |  0
| 199|0x0000000095300000, 0x0000000095400000, 0x0000000095400000|100%|HC|  |TAMS 0x0000000095300000| PB 0x0000000095300000| Complete |  0
| 200|0x0000000095400000, 0x0000000095500000, 0x0000000095500000|100%|HC|  |TAMS 0x0000000095400000| PB 0x0000000095400000| Complete |  0
| 201|0x0000000095500000, 0x0000000095600000, 0x0000000095600000|100%|HC|  |TAMS 0x0000000095500000| PB 0x0000000095500000| Complete |  0
| 202|0x0000000095600000, 0x0000000095700000, 0x0000000095700000|100%|HC|  |TAMS 0x0000000095600000| PB 0x0000000095600000| Complete |  0
| 203|0x0000000095700000, 0x0000000095800000, 0x0000000095800000|100%|HC|  |TAMS 0x0000000095700000| PB 0x0000000095700000| Complete |  0
| 204|0x0000000095800000, 0x0000000095900000, 0x0000000095900000|100%|HC|  |TAMS 0x0000000095800000| PB 0x0000000095800000| Complete |  0
| 205|0x0000000095900000, 0x0000000095a00000, 0x0000000095a00000|100%|HC|  |TAMS 0x0000000095900000| PB 0x0000000095900000| Complete |  0
| 206|0x0000000095a00000, 0x0000000095b00000, 0x0000000095b00000|100%|HC|  |TAMS 0x0000000095a00000| PB 0x0000000095a00000| Complete |  0
| 207|0x0000000095b00000, 0x0000000095c00000, 0x0000000095c00000|100%|HC|  |TAMS 0x0000000095b00000| PB 0x0000000095b00000| Complete |  0
| 208|0x0000000095c00000, 0x0000000095d00000, 0x0000000095d00000|100%|HC|  |TAMS 0x0000000095c00000| PB 0x0000000095c00000| Complete |  0
| 209|0x0000000095d00000, 0x0000000095e00000, 0x0000000095e00000|100%|HC|  |TAMS 0x0000000095d00000| PB 0x0000000095d00000| Complete |  0
| 210|0x0000000095e00000, 0x0000000095f00000, 0x0000000095f00000|100%|HC|  |TAMS 0x0000000095e00000| PB 0x0000000095e00000| Complete |  0
| 211|0x0000000095f00000, 0x0000000096000000, 0x0000000096000000|100%|HC|  |TAMS 0x0000000095f00000| PB 0x0000000095f00000| Complete |  0
| 212|0x0000000096000000, 0x0000000096100000, 0x0000000096100000|100%|HC|  |TAMS 0x0000000096000000| PB 0x0000000096000000| Complete |  0
| 213|0x0000000096100000, 0x0000000096200000, 0x0000000096200000|100%|HC|  |TAMS 0x0000000096100000| PB 0x0000000096100000| Complete |  0
| 214|0x0000000096200000, 0x0000000096300000, 0x0000000096300000|100%|HC|  |TAMS 0x0000000096200000| PB 0x0000000096200000| Complete |  0
| 215|0x0000000096300000, 0x0000000096400000, 0x0000000096400000|100%|HC|  |TAMS 0x0000000096300000| PB 0x0000000096300000| Complete |  0
| 216|0x0000000096400000, 0x0000000096500000, 0x0000000096500000|100%|HC|  |TAMS 0x0000000096400000| PB 0x0000000096400000| Complete |  0
| 217|0x0000000096500000, 0x0000000096600000, 0x0000000096600000|100%|HC|  |TAMS 0x0000000096500000| PB 0x0000000096500000| Complete |  0
| 218|0x0000000096600000, 0x0000000096700000, 0x0000000096700000|100%|HC|  |TAMS 0x0000000096600000| PB 0x0000000096600000| Complete |  0
| 219|0x0000000096700000, 0x0000000096800000, 0x0000000096800000|100%|HC|  |TAMS 0x0000000096700000| PB 0x0000000096700000| Complete |  0
| 220|0x0000000096800000, 0x0000000096900000, 0x0000000096900000|100%|HC|  |TAMS 0x0000000096800000| PB 0x0000000096800000| Complete |  0
| 221|0x0000000096900000, 0x0000000096a00000, 0x0000000096a00000|100%|HC|  |TAMS 0x0000000096900000| PB 0x0000000096900000| Complete |  0
| 222|0x0000000096a00000, 0x0000000096b00000, 0x0000000096b00000|100%|HC|  |TAMS 0x0000000096a00000| PB 0x0000000096a00000| Complete |  0
| 223|0x0000000096b00000, 0x0000000096c00000, 0x0000000096c00000|100%|HC|  |TAMS 0x0000000096b00000| PB 0x0000000096b00000| Complete |  0
| 224|0x0000000096c00000, 0x0000000096d00000, 0x0000000096d00000|100%|HC|  |TAMS 0x0000000096c00000| PB 0x0000000096c00000| Complete |  0
| 225|0x0000000096d00000, 0x0000000096e00000, 0x0000000096e00000|100%|HC|  |TAMS 0x0000000096d00000| PB 0x0000000096d00000| Complete |  0
| 226|0x0000000096e00000, 0x0000000096f00000, 0x0000000096f00000|100%|HC|  |TAMS 0x0000000096e00000| PB 0x0000000096e00000| Complete |  0
| 227|0x0000000096f00000, 0x0000000097000000, 0x0000000097000000|100%|HC|  |TAMS 0x0000000096f00000| PB 0x0000000096f00000| Complete |  0
| 228|0x0000000097000000, 0x0000000097100000, 0x0000000097100000|100%|HC|  |TAMS 0x0000000097000000| PB 0x0000000097000000| Complete |  0
| 229|0x0000000097100000, 0x0000000097200000, 0x0000000097200000|100%|HC|  |TAMS 0x0000000097100000| PB 0x0000000097100000| Complete |  0
| 230|0x0000000097200000, 0x0000000097300000, 0x0000000097300000|100%|HC|  |TAMS 0x0000000097200000| PB 0x0000000097200000| Complete |  0
| 231|0x0000000097300000, 0x0000000097400000, 0x0000000097400000|100%|HC|  |TAMS 0x0000000097300000| PB 0x0000000097300000| Complete |  0
| 232|0x0000000097400000, 0x0000000097500000, 0x0000000097500000|100%|HC|  |TAMS 0x0000000097400000| PB 0x0000000097400000| Complete |  0
| 233|0x0000000097500000, 0x0000000097600000, 0x0000000097600000|100%|HC|  |TAMS 0x0000000097500000| PB 0x0000000097500000| Complete |  0
| 234|0x0000000097600000, 0x0000000097700000, 0x0000000097700000|100%|HC|  |TAMS 0x0000000097600000| PB 0x0000000097600000| Complete |  0
| 235|0x0000000097700000, 0x0000000097800000, 0x0000000097800000|100%|HC|  |TAMS 0x0000000097700000| PB 0x0000000097700000| Complete |  0
| 236|0x0000000097800000, 0x0000000097900000, 0x0000000097900000|100%|HC|  |TAMS 0x0000000097800000| PB 0x0000000097800000| Complete |  0
| 237|0x0000000097900000, 0x0000000097a00000, 0x0000000097a00000|100%|HC|  |TAMS 0x0000000097900000| PB 0x0000000097900000| Complete |  0
| 238|0x0000000097a00000, 0x0000000097b00000, 0x0000000097b00000|100%|HC|  |TAMS 0x0000000097a00000| PB 0x0000000097a00000| Complete |  0
| 239|0x0000000097b00000, 0x0000000097c00000, 0x0000000097c00000|100%|HC|  |TAMS 0x0000000097b00000| PB 0x0000000097b00000| Complete |  0
| 240|0x0000000097c00000, 0x0000000097d00000, 0x0000000097d00000|100%|HC|  |TAMS 0x0000000097c00000| PB 0x0000000097c00000| Complete |  0
| 241|0x0000000097d00000, 0x0000000097e00000, 0x0000000097e00000|100%|HC|  |TAMS 0x0000000097d00000| PB 0x0000000097d00000| Complete |  0
| 242|0x0000000097e00000, 0x0000000097f00000, 0x0000000097f00000|100%|HC|  |TAMS 0x0000000097e00000| PB 0x0000000097e00000| Complete |  0
| 243|0x0000000097f00000, 0x0000000098000000, 0x0000000098000000|100%|HC|  |TAMS 0x0000000097f00000| PB 0x0000000097f00000| Complete |  0
| 244|0x0000000098000000, 0x0000000098100000, 0x0000000098100000|100%|HC|  |TAMS 0x0000000098000000| PB 0x0000000098000000| Complete |  0
| 245|0x0000000098100000, 0x0000000098200000, 0x0000000098200000|100%|HC|  |TAMS 0x0000000098100000| PB 0x0000000098100000| Complete |  0
| 246|0x0000000098200000, 0x0000000098300000, 0x0000000098300000|100%|HC|  |TAMS 0x0000000098200000| PB 0x0000000098200000| Complete |  0
| 247|0x0000000098300000, 0x0000000098400000, 0x0000000098400000|100%|HC|  |TAMS 0x0000000098300000| PB 0x0000000098300000| Complete |  0
| 248|0x0000000098400000, 0x0000000098500000, 0x0000000098500000|100%|HC|  |TAMS 0x0000000098400000| PB 0x0000000098400000| Complete |  0
| 249|0x0000000098500000, 0x0000000098600000, 0x0000000098600000|100%|HC|  |TAMS 0x0000000098500000| PB 0x0000000098500000| Complete |  0
| 250|0x0000000098600000, 0x0000000098700000, 0x0000000098700000|100%|HC|  |TAMS 0x0000000098600000| PB 0x0000000098600000| Complete |  0
| 251|0x0000000098700000, 0x0000000098800000, 0x0000000098800000|100%|HC|  |TAMS 0x0000000098700000| PB 0x0000000098700000| Complete |  0
| 252|0x0000000098800000, 0x0000000098900000, 0x0000000098900000|100%|HC|  |TAMS 0x0000000098800000| PB 0x0000000098800000| Complete |  0
| 253|0x0000000098900000, 0x0000000098a00000, 0x0000000098a00000|100%|HC|  |TAMS 0x0000000098900000| PB 0x0000000098900000| Complete |  0
| 254|0x0000000098a00000, 0x0000000098b00000, 0x0000000098b00000|100%|HC|  |TAMS 0x0000000098a00000| PB 0x0000000098a00000| Complete |  0
| 255|0x0000000098b00000, 0x0000000098c00000, 0x0000000098c00000|100%|HC|  |TAMS 0x0000000098b00000| PB 0x0000000098b00000| Complete |  0
| 256|0x0000000098c00000, 0x0000000098d00000, 0x0000000098d00000|100%|HC|  |TAMS 0x0000000098c00000| PB 0x0000000098c00000| Complete |  0
| 257|0x0000000098d00000, 0x0000000098e00000, 0x0000000098e00000|100%|HC|  |TAMS 0x0000000098d00000| PB 0x0000000098d00000| Complete |  0
| 258|0x0000000098e00000, 0x0000000098f00000, 0x0000000098f00000|100%|HC|  |TAMS 0x0000000098e00000| PB 0x0000000098e00000| Complete |  0
| 259|0x0000000098f00000, 0x0000000099000000, 0x0000000099000000|100%|HC|  |TAMS 0x0000000098f00000| PB 0x0000000098f00000| Complete |  0
| 260|0x0000000099000000, 0x0000000099100000, 0x0000000099100000|100%|HC|  |TAMS 0x0000000099000000| PB 0x0000000099000000| Complete |  0
| 261|0x0000000099100000, 0x0000000099200000, 0x0000000099200000|100%|HC|  |TAMS 0x0000000099100000| PB 0x0000000099100000| Complete |  0
| 262|0x0000000099200000, 0x0000000099300000, 0x0000000099300000|100%|HC|  |TAMS 0x0000000099200000| PB 0x0000000099200000| Complete |  0
| 263|0x0000000099300000, 0x0000000099400000, 0x0000000099400000|100%|HC|  |TAMS 0x0000000099300000| PB 0x0000000099300000| Complete |  0
| 264|0x0000000099400000, 0x0000000099500000, 0x0000000099500000|100%|HC|  |TAMS 0x0000000099400000| PB 0x0000000099400000| Complete |  0
| 265|0x0000000099500000, 0x0000000099600000, 0x0000000099600000|100%|HC|  |TAMS 0x0000000099500000| PB 0x0000000099500000| Complete |  0
| 266|0x0000000099600000, 0x0000000099700000, 0x0000000099700000|100%|HC|  |TAMS 0x0000000099600000| PB 0x0000000099600000| Complete |  0
| 267|0x0000000099700000, 0x0000000099800000, 0x0000000099800000|100%|HC|  |TAMS 0x0000000099700000| PB 0x0000000099700000| Complete |  0
| 268|0x0000000099800000, 0x0000000099900000, 0x0000000099900000|100%|HC|  |TAMS 0x0000000099800000| PB 0x0000000099800000| Complete |  0
| 269|0x0000000099900000, 0x0000000099a00000, 0x0000000099a00000|100%|HC|  |TAMS 0x0000000099900000| PB 0x0000000099900000| Complete |  0
| 270|0x0000000099a00000, 0x0000000099b00000, 0x0000000099b00000|100%|HC|  |TAMS 0x0000000099a00000| PB 0x0000000099a00000| Complete |  0
| 271|0x0000000099b00000, 0x0000000099c00000, 0x0000000099c00000|100%|HC|  |TAMS 0x0000000099b00000| PB 0x0000000099b00000| Complete |  0
| 272|0x0000000099c00000, 0x0000000099d00000, 0x0000000099d00000|100%|HC|  |TAMS 0x0000000099c00000| PB 0x0000000099c00000| Complete |  0
| 273|0x0000000099d00000, 0x0000000099e00000, 0x0000000099e00000|100%|HC|  |TAMS 0x0000000099d00000| PB 0x0000000099d00000| Complete |  0
| 274|0x0000000099e00000, 0x0000000099f00000, 0x0000000099f00000|100%|HC|  |TAMS 0x0000000099e00000| PB 0x0000000099e00000| Complete |  0
| 275|0x0000000099f00000, 0x000000009a000000, 0x000000009a000000|100%|HC|  |TAMS 0x0000000099f00000| PB 0x0000000099f00000| Complete |  0
| 276|0x000000009a000000, 0x000000009a100000, 0x000000009a100000|100%|HC|  |TAMS 0x000000009a000000| PB 0x000000009a000000| Complete |  0
| 277|0x000000009a100000, 0x000000009a200000, 0x000000009a200000|100%|HC|  |TAMS 0x000000009a100000| PB 0x000000009a100000| Complete |  0
| 278|0x000000009a200000, 0x000000009a300000, 0x000000009a300000|100%|HC|  |TAMS 0x000000009a200000| PB 0x000000009a200000| Complete |  0
| 279|0x000000009a300000, 0x000000009a400000, 0x000000009a400000|100%|HC|  |TAMS 0x000000009a300000| PB 0x000000009a300000| Complete |  0
| 280|0x000000009a400000, 0x000000009a500000, 0x000000009a500000|100%|HC|  |TAMS 0x000000009a400000| PB 0x000000009a400000| Complete |  0
| 281|0x000000009a500000, 0x000000009a600000, 0x000000009a600000|100%|HC|  |TAMS 0x000000009a500000| PB 0x000000009a500000| Complete |  0
| 282|0x000000009a600000, 0x000000009a700000, 0x000000009a700000|100%|HC|  |TAMS 0x000000009a600000| PB 0x000000009a600000| Complete |  0
| 283|0x000000009a700000, 0x000000009a800000, 0x000000009a800000|100%|HC|  |TAMS 0x000000009a700000| PB 0x000000009a700000| Complete |  0
| 284|0x000000009a800000, 0x000000009a900000, 0x000000009a900000|100%|HC|  |TAMS 0x000000009a800000| PB 0x000000009a800000| Complete |  0
| 285|0x000000009a900000, 0x000000009aa00000, 0x000000009aa00000|100%|HC|  |TAMS 0x000000009a900000| PB 0x000000009a900000| Complete |  0
| 286|0x000000009aa00000, 0x000000009ab00000, 0x000000009ab00000|100%|HC|  |TAMS 0x000000009aa00000| PB 0x000000009aa00000| Complete |  0
| 287|0x000000009ab00000, 0x000000009ac00000, 0x000000009ac00000|100%|HC|  |TAMS 0x000000009ab00000| PB 0x000000009ab00000| Complete |  0
| 288|0x000000009ac00000, 0x000000009ad00000, 0x000000009ad00000|100%|HC|  |TAMS 0x000000009ac00000| PB 0x000000009ac00000| Complete |  0
| 289|0x000000009ad00000, 0x000000009ae00000, 0x000000009ae00000|100%|HC|  |TAMS 0x000000009ad00000| PB 0x000000009ad00000| Complete |  0
| 290|0x000000009ae00000, 0x000000009af00000, 0x000000009af00000|100%|HC|  |TAMS 0x000000009ae00000| PB 0x000000009ae00000| Complete |  0
| 291|0x000000009af00000, 0x000000009b000000, 0x000000009b000000|100%|HC|  |TAMS 0x000000009af00000| PB 0x000000009af00000| Complete |  0
| 292|0x000000009b000000, 0x000000009b100000, 0x000000009b100000|100%|HC|  |TAMS 0x000000009b000000| PB 0x000000009b000000| Complete |  0
| 293|0x000000009b100000, 0x000000009b200000, 0x000000009b200000|100%|HC|  |TAMS 0x000000009b100000| PB 0x000000009b100000| Complete |  0
| 294|0x000000009b200000, 0x000000009b300000, 0x000000009b300000|100%|HC|  |TAMS 0x000000009b200000| PB 0x000000009b200000| Complete |  0
| 295|0x000000009b300000, 0x000000009b400000, 0x000000009b400000|100%|HC|  |TAMS 0x000000009b300000| PB 0x000000009b300000| Complete |  0
| 296|0x000000009b400000, 0x000000009b500000, 0x000000009b500000|100%|HC|  |TAMS 0x000000009b400000| PB 0x000000009b400000| Complete |  0
| 297|0x000000009b500000, 0x000000009b600000, 0x000000009b600000|100%|HC|  |TAMS 0x000000009b500000| PB 0x000000009b500000| Complete |  0
| 298|0x000000009b600000, 0x000000009b700000, 0x000000009b700000|100%|HC|  |TAMS 0x000000009b600000| PB 0x000000009b600000| Complete |  0
| 299|0x000000009b700000, 0x000000009b800000, 0x000000009b800000|100%|HC|  |TAMS 0x000000009b700000| PB 0x000000009b700000| Complete |  0
| 300|0x000000009b800000, 0x000000009b900000, 0x000000009b900000|100%|HC|  |TAMS 0x000000009b800000| PB 0x000000009b800000| Complete |  0
| 301|0x000000009b900000, 0x000000009ba00000, 0x000000009ba00000|100%|HC|  |TAMS 0x000000009b900000| PB 0x000000009b900000| Complete |  0
| 302|0x000000009ba00000, 0x000000009bb00000, 0x000000009bb00000|100%|HC|  |TAMS 0x000000009ba00000| PB 0x000000009ba00000| Complete |  0
| 303|0x000000009bb00000, 0x000000009bc00000, 0x000000009bc00000|100%|HC|  |TAMS 0x000000009bb00000| PB 0x000000009bb00000| Complete |  0
| 304|0x000000009bc00000, 0x000000009bd00000, 0x000000009bd00000|100%|HC|  |TAMS 0x000000009bc00000| PB 0x000000009bc00000| Complete |  0
| 305|0x000000009bd00000, 0x000000009be00000, 0x000000009be00000|100%|HC|  |TAMS 0x000000009bd00000| PB 0x000000009bd00000| Complete |  0
| 306|0x000000009be00000, 0x000000009bf00000, 0x000000009bf00000|100%|HC|  |TAMS 0x000000009be00000| PB 0x000000009be00000| Complete |  0
| 307|0x000000009bf00000, 0x000000009c000000, 0x000000009c000000|100%|HC|  |TAMS 0x000000009bf00000| PB 0x000000009bf00000| Complete |  0
| 308|0x000000009c000000, 0x000000009c100000, 0x000000009c100000|100%|HC|  |TAMS 0x000000009c000000| PB 0x000000009c000000| Complete |  0
| 309|0x000000009c100000, 0x000000009c200000, 0x000000009c200000|100%|HC|  |TAMS 0x000000009c100000| PB 0x000000009c100000| Complete |  0
| 310|0x000000009c200000, 0x000000009c300000, 0x000000009c300000|100%|HC|  |TAMS 0x000000009c200000| PB 0x000000009c200000| Complete |  0
| 311|0x000000009c300000, 0x000000009c400000, 0x000000009c400000|100%|HC|  |TAMS 0x000000009c300000| PB 0x000000009c300000| Complete |  0
| 312|0x000000009c400000, 0x000000009c500000, 0x000000009c500000|100%|HC|  |TAMS 0x000000009c400000| PB 0x000000009c400000| Complete |  0
| 313|0x000000009c500000, 0x000000009c600000, 0x000000009c600000|100%|HC|  |TAMS 0x000000009c500000| PB 0x000000009c500000| Complete |  0
| 314|0x000000009c600000, 0x000000009c700000, 0x000000009c700000|100%|HC|  |TAMS 0x000000009c600000| PB 0x000000009c600000| Complete |  0
| 315|0x000000009c700000, 0x000000009c800000, 0x000000009c800000|100%|HC|  |TAMS 0x000000009c700000| PB 0x000000009c700000| Complete |  0
| 316|0x000000009c800000, 0x000000009c900000, 0x000000009c900000|100%|HC|  |TAMS 0x000000009c800000| PB 0x000000009c800000| Complete |  0
| 317|0x000000009c900000, 0x000000009ca00000, 0x000000009ca00000|100%|HC|  |TAMS 0x000000009c900000| PB 0x000000009c900000| Complete |  0
| 318|0x000000009ca00000, 0x000000009cb00000, 0x000000009cb00000|100%|HC|  |TAMS 0x000000009ca00000| PB 0x000000009ca00000| Complete |  0
| 319|0x000000009cb00000, 0x000000009cc00000, 0x000000009cc00000|100%|HC|  |TAMS 0x000000009cb00000| PB 0x000000009cb00000| Complete |  0
| 320|0x000000009cc00000, 0x000000009cd00000, 0x000000009cd00000|100%|HC|  |TAMS 0x000000009cc00000| PB 0x000000009cc00000| Complete |  0
| 321|0x000000009cd00000, 0x000000009ce00000, 0x000000009ce00000|100%|HC|  |TAMS 0x000000009cd00000| PB 0x000000009cd00000| Complete |  0
| 322|0x000000009ce00000, 0x000000009cf00000, 0x000000009cf00000|100%|HC|  |TAMS 0x000000009ce00000| PB 0x000000009ce00000| Complete |  0
| 323|0x000000009cf00000, 0x000000009d000000, 0x000000009d000000|100%|HC|  |TAMS 0x000000009cf00000| PB 0x000000009cf00000| Complete |  0
| 324|0x000000009d000000, 0x000000009d100000, 0x000000009d100000|100%|HC|  |TAMS 0x000000009d000000| PB 0x000000009d000000| Complete |  0
| 325|0x000000009d100000, 0x000000009d200000, 0x000000009d200000|100%|HC|  |TAMS 0x000000009d100000| PB 0x000000009d100000| Complete |  0
| 326|0x000000009d200000, 0x000000009d300000, 0x000000009d300000|100%|HC|  |TAMS 0x000000009d200000| PB 0x000000009d200000| Complete |  0
| 327|0x000000009d300000, 0x000000009d400000, 0x000000009d400000|100%|HC|  |TAMS 0x000000009d300000| PB 0x000000009d300000| Complete |  0
| 328|0x000000009d400000, 0x000000009d500000, 0x000000009d500000|100%|HC|  |TAMS 0x000000009d400000| PB 0x000000009d400000| Complete |  0
| 329|0x000000009d500000, 0x000000009d600000, 0x000000009d600000|100%|HC|  |TAMS 0x000000009d500000| PB 0x000000009d500000| Complete |  0
|1906|0x00000000ffe00000, 0x00000000fff00000, 0x00000000fff00000|100%| O|  |TAMS 0x00000000ffe00000| PB 0x00000000ffe00000| Untracked |  0
|1907|0x00000000fff00000, 0x00000000fff1c288, 0x0000000100000000| 10%| O|  |TAMS 0x00000000fff00000| PB 0x00000000fff00000| Untracked |  0

Card table byte_map: [0x000002497bc20000,0x000002497bfe0000] _byte_map_base: 0x000002497b7da000

Marking Bits: (CMBitMap*) 0x0000024963667df0
 Bits: [0x000002497bfe0000, 0x000002497ddb0000)

Polling page: 0x0000024961460000

Metaspace:

Usage:
  Non-class:      5.74 MB used.
      Class:    563.59 KB used.
       Both:      6.29 MB used.

Virtual space:
  Non-class space:       64.00 MB reserved,       5.88 MB (  9%) committed,  1 nodes.
      Class space:        1.00 GB reserved,     640.00 KB ( <1%) committed,  1 nodes.
             Both:        1.06 GB reserved,       6.50 MB ( <1%) committed. 

Chunk freelists:
   Non-Class:  10.16 MB
       Class:  15.22 MB
        Both:  25.38 MB

MaxMetaspaceSize: unlimited
CompressedClassSpaceSize: 1.00 GB
Initial GC threshold: 21.00 MB
Current GC threshold: 21.00 MB
CDS: on
 - commit_granule_bytes: 65536.
 - commit_granule_words: 8192.
 - virtual_space_node_default_size: 8388608.
 - enlarge_chunks_in_place: 1.
UseCompressedClassPointers 1, UseCompactObjectHeaders 0
Narrow klass pointer bits 32, Max shift 3
Narrow klass base: 0x0000024901000000, Narrow klass shift: 0
Encoding Range: [0x0000024901000000 - 0x0000024a01000000), (4294967296 bytes)
Klass Range:    [0x0000024901000000 - 0x0000024942000000), (1090519040 bytes)
Klass ID Range:  [8 - 1090519033) (1090519025)


Internal statistics:

num_allocs_failed_limit: 0.
num_arena_births: 142.
num_arena_deaths: 0.
num_vsnodes_births: 2.
num_vsnodes_deaths: 0.
num_space_committed: 104.
num_space_uncommitted: 0.
num_chunks_returned_to_freelist: 0.
num_chunks_taken_from_freelist: 206.
num_chunk_merges: 0.
num_chunk_splits: 117.
num_chunks_enlarged: 40.
num_inconsistent_stats: 0.

CodeHeap 'non-profiled nmethods': size=119232Kb used=734Kb max_used=734Kb free=118497Kb
 bounds [0x0000024973a40000, 0x0000024973cb0000, 0x000002497aeb0000]
CodeHeap 'profiled nmethods': size=119104Kb used=2400Kb max_used=2400Kb free=116703Kb
 bounds [0x000002496beb0000, 0x000002496c120000, 0x0000024973300000]
CodeHeap 'non-nmethods': size=7424Kb used=2440Kb max_used=3054Kb free=4983Kb
 bounds [0x0000024973300000, 0x0000024973610000, 0x0000024973a40000]
CodeCache: size=245760Kb, used=5574Kb, max_used=6188Kb, free=240183Kb
 total_blobs=2174, nmethods=1689, adapters=388, full_count=0
Compilation: enabled, stopped_count=0, restarted_count=0

Compilation events (20 events):
Event: 1.088 Thread 0x00000249465fe4d0 nmethod 1560 0x0000024973aee288 code [0x0000024973aee560, 0x0000024973af07b8]
Event: 1.109 Thread 0x00000249462a8c10 nmethod 1552 0x0000024973af0b88 code [0x0000024973af0ee0, 0x0000024973af3990]
Event: 1.126 Thread 0x0000024946117cb0 1682       4       java.nio.CharBuffer::arrayOffset (35 bytes)
Event: 1.127 Thread 0x0000024946117cb0 nmethod 1682 0x0000024973af3e08 code [0x0000024973af3f00, 0x0000024973af3fb0]
Event: 1.147 Thread 0x00000249465fe4d0 1683       4       sun.nio.cs.UTF_8::updatePositions (23 bytes)
Event: 1.149 Thread 0x00000249465fe4d0 nmethod 1683 0x0000024973af4108 code [0x0000024973af4240, 0x0000024973af44e8]
Event: 1.152 Thread 0x00000249462a8c10 1684       4       java.nio.Buffer::limit (65 bytes)
Event: 1.153 Thread 0x00000249462a8c10 nmethod 1684 0x0000024973af4588 code [0x0000024973af4680, 0x0000024973af4778]
Event: 1.166 Thread 0x00000249463a2e70 1685       4       java.lang.String::decodeASCII (46 bytes)
Event: 1.170 Thread 0x00000249463a2e70 nmethod 1685 0x0000024973af4888 code [0x0000024973af49a0, 0x0000024973af4ce0]
Event: 1.283 Thread 0x00000249465fe4d0 1686       4       java.lang.StringUTF16::newBytesLength (59 bytes)
Event: 1.283 Thread 0x00000249465fe4d0 nmethod 1686 0x0000024973af4d08 code [0x0000024973af4e00, 0x0000024973af4e88]
Event: 1.349 Thread 0x0000024946111040 1687       3       sun.nio.cs.UTF_8$Decoder::decodeArrayLoop (688 bytes)
Event: 1.353 Thread 0x0000024946111040 nmethod 1687 0x000002496c101b08 code [0x000002496c102320, 0x000002496c107b00]
Event: 1.353 Thread 0x00000249462a8c10 1688       4       sun.nio.cs.UTF_8$Decoder::decodeArrayLoop (688 bytes)
Event: 1.363 Thread 0x00000249462a8c10 nmethod 1688 0x0000024973af5008 code [0x0000024973af51c0, 0x0000024973af5b08]
Event: 1.563 Thread 0x0000024946020090 1689       4       java.io.BufferedReader::fill (170 bytes)
Event: 1.585 Thread 0x0000024946020090 nmethod 1689 0x0000024973af5c08 code [0x0000024973af5e80, 0x0000024973af7838]
Event: 1.679 Thread 0x0000024946111040 1690       3       sun.nio.cs.UTF_8$Decoder::xflow (31 bytes)
Event: 1.680 Thread 0x0000024946111040 nmethod 1690 0x000002496c107c08 code [0x000002496c107d80, 0x000002496c1082c8]

GC Heap History (15 events):
Event: 0.571 GC heap before
{Heap before GC invocations=0 (full 0):
 garbage-first heap   total reserved 1953792K, committed 124928K, used 90224K [0x0000000088c00000, 0x0000000100000000)
  region size 1024K, 47 young (48128K), 0 survivors (0K)
 Metaspace       used 3592K, committed 3712K, reserved 1114112K
  class space    used 281K, committed 320K, reserved 1048576K
}
Event: 0.575 GC heap after
{Heap after GC invocations=1 (full 0):
 garbage-first heap   total reserved 1953792K, committed 124928K, used 22448K [0x0000000088c00000, 0x0000000100000000)
  region size 1024K, 2 young (2048K), 2 survivors (2048K)
 Metaspace       used 3592K, committed 3712K, reserved 1114112K
  class space    used 281K, committed 320K, reserved 1048576K
}
Event: 0.677 GC heap before
{Heap before GC invocations=1 (full 0):
 garbage-first heap   total reserved 1953792K, committed 124928K, used 52144K [0x0000000088c00000, 0x0000000100000000)
  region size 1024K, 32 young (32768K), 2 survivors (2048K)
 Metaspace       used 4256K, committed 4352K, reserved 1114112K
  class space    used 336K, committed 384K, reserved 1048576K
}
Event: 0.682 GC heap after
{Heap after GC invocations=2 (full 0):
 garbage-first heap   total reserved 1953792K, committed 124928K, used 22640K [0x0000000088c00000, 0x0000000100000000)
  region size 1024K, 2 young (2048K), 2 survivors (2048K)
 Metaspace       used 4256K, committed 4352K, reserved 1114112K
  class space    used 336K, committed 384K, reserved 1048576K
}
Event: 0.888 GC heap before
{Heap before GC invocations=2 (full 0):
 garbage-first heap   total reserved 1953792K, committed 124928K, used 118896K [0x0000000088c00000, 0x0000000100000000)
  region size 1024K, 59 young (60416K), 2 survivors (2048K)
 Metaspace       used 5818K, committed 5952K, reserved 1114112K
  class space    used 482K, committed 512K, reserved 1048576K
}
Event: 0.892 GC heap after
{Heap after GC invocations=3 (full 0):
 garbage-first heap   total reserved 1953792K, committed 124928K, used 41246K [0x0000000088c00000, 0x0000000100000000)
  region size 1024K, 3 young (3072K), 3 survivors (3072K)
 Metaspace       used 5818K, committed 5952K, reserved 1114112K
  class space    used 482K, committed 512K, reserved 1048576K
}
Event: 0.916 GC heap before
{Heap before GC invocations=3 (full 0):
 garbage-first heap   total reserved 1953792K, committed 124928K, used 48414K [0x0000000088c00000, 0x0000000100000000)
  region size 1024K, 11 young (11264K), 3 survivors (3072K)
 Metaspace       used 5831K, committed 5952K, reserved 1114112K
  class space    used 483K, committed 512K, reserved 1048576K
}
Event: 0.919 GC heap after
{Heap after GC invocations=4 (full 0):
 garbage-first heap   total reserved 1953792K, committed 124928K, used 41471K [0x0000000088c00000, 0x0000000100000000)
  region size 1024K, 3 young (3072K), 3 survivors (3072K)
 Metaspace       used 5831K, committed 5952K, reserved 1114112K
  class space    used 483K, committed 512K, reserved 1048576K
}
Event: 1.167 GC heap before
{Heap before GC invocations=4 (full 0):
 garbage-first heap   total reserved 1953792K, committed 191488K, used 172543K [0x0000000088c00000, 0x0000000100000000)
  region size 1024K, 58 young (59392K), 3 survivors (3072K)
 Metaspace       used 6437K, committed 6656K, reserved 1114112K
  class space    used 563K, committed 640K, reserved 1048576K
}
Event: 1.170 GC heap after
{Heap after GC invocations=5 (full 0):
 garbage-first heap   total reserved 1953792K, committed 191488K, used 78530K [0x0000000088c00000, 0x0000000100000000)
  region size 1024K, 3 young (3072K), 3 survivors (3072K)
 Metaspace       used 6437K, committed 6656K, reserved 1114112K
  class space    used 563K, committed 640K, reserved 1048576K
}
Event: 1.404 GC heap before
{Heap before GC invocations=5 (full 0):
 garbage-first heap   total reserved 1953792K, committed 191488K, used 157378K [0x0000000088c00000, 0x0000000100000000)
  region size 1024K, 80 young (81920K), 3 survivors (3072K)
 Metaspace       used 6437K, committed 6656K, reserved 1114112K
  class space    used 563K, committed 640K, reserved 1048576K
}
Event: 1.406 GC heap after
{Heap after GC invocations=6 (full 0):
 garbage-first heap   total reserved 1953792K, committed 191488K, used 78360K [0x0000000088c00000, 0x0000000100000000)
  region size 1024K, 3 young (3072K), 3 survivors (3072K)
 Metaspace       used 6437K, committed 6656K, reserved 1114112K
  class space    used 563K, committed 640K, reserved 1048576K
}
Event: 1.418 GC heap before
{Heap before GC invocations=6 (full 0):
 garbage-first heap   total reserved 1953792K, committed 191488K, used 81432K [0x0000000088c00000, 0x0000000100000000)
  region size 1024K, 7 young (7168K), 3 survivors (3072K)
 Metaspace       used 6437K, committed 6656K, reserved 1114112K
  class space    used 563K, committed 640K, reserved 1048576K
}
Event: 1.420 GC heap after
{Heap after GC invocations=7 (full 0):
 garbage-first heap   total reserved 1953792K, committed 191488K, used 78447K [0x0000000088c00000, 0x0000000100000000)
  region size 1024K, 3 young (3072K), 3 survivors (3072K)
 Metaspace       used 6437K, committed 6656K, reserved 1114112K
  class space    used 563K, committed 640K, reserved 1048576K
}
Event: 1.722 GC heap before
{Heap before GC invocations=7 (full 0):
 garbage-first heap   total reserved 1953792K, committed 339968K, used 308847K [0x0000000088c00000, 0x0000000100000000)
  region size 1024K, 83 young (84992K), 3 survivors (3072K)
 Metaspace       used 6437K, committed 6656K, reserved 1114112K
  class space    used 563K, committed 640K, reserved 1048576K
}

Dll operation events (11 events):
Event: 0.016 Loaded shared library C:\Users\Sami Elshariff\.jdks\openjdk-24.0.1\bin\java.dll
Event: 0.048 Loaded shared library C:\Users\Sami Elshariff\.jdks\openjdk-24.0.1\bin\jsvml.dll
Event: 0.095 Loaded shared library C:\Users\Sami Elshariff\.jdks\openjdk-24.0.1\bin\zip.dll
Event: 0.100 Loaded shared library C:\Users\Sami Elshariff\.jdks\openjdk-24.0.1\bin\instrument.dll
Event: 0.108 Loaded shared library C:\Users\Sami Elshariff\.jdks\openjdk-24.0.1\bin\net.dll
Event: 0.111 Loaded shared library C:\Users\Sami Elshariff\.jdks\openjdk-24.0.1\bin\nio.dll
Event: 0.118 Loaded shared library C:\Users\Sami Elshariff\.jdks\openjdk-24.0.1\bin\zip.dll
Event: 0.162 Loaded shared library C:\Users\Sami Elshariff\.jdks\openjdk-24.0.1\bin\extnet.dll
Event: 0.269 Loaded shared library C:\Users\Sami Elshariff\.jdks\openjdk-24.0.1\bin\jimage.dll
Event: 0.373 Loaded shared library C:\Users\Sami Elshariff\.jdks\openjdk-24.0.1\bin\management.dll
Event: 0.407 Loaded shared library C:\Users\Sami Elshariff\.jdks\openjdk-24.0.1\bin\management_ext.dll

Deoptimization events (20 events):
Event: 1.359 Thread 0x00000249636103c0 DEOPT PACKING pc=0x000002496c106f44 sp=0x000000fb39ffebc0
Event: 1.359 Thread 0x00000249636103c0 DEOPT UNPACKING pc=0x0000024973355722 sp=0x000000fb39ffe118 mode 0
Event: 1.360 Thread 0x00000249636103c0 DEOPT PACKING pc=0x000002496c106f44 sp=0x000000fb39ffeb20
Event: 1.360 Thread 0x00000249636103c0 DEOPT UNPACKING pc=0x0000024973355722 sp=0x000000fb39ffe078 mode 0
Event: 1.360 Thread 0x00000249636103c0 DEOPT PACKING pc=0x000002496c106f44 sp=0x000000fb39ffeb20
Event: 1.360 Thread 0x00000249636103c0 DEOPT UNPACKING pc=0x0000024973355722 sp=0x000000fb39ffe078 mode 0
Event: 1.360 Thread 0x00000249636103c0 DEOPT PACKING pc=0x000002496c106f44 sp=0x000000fb39ffebc0
Event: 1.360 Thread 0x00000249636103c0 DEOPT UNPACKING pc=0x0000024973355722 sp=0x000000fb39ffe118 mode 0
Event: 1.361 Thread 0x00000249636103c0 DEOPT PACKING pc=0x000002496c106f44 sp=0x000000fb39ffebc0
Event: 1.361 Thread 0x00000249636103c0 DEOPT UNPACKING pc=0x0000024973355722 sp=0x000000fb39ffe118 mode 0
Event: 1.361 Thread 0x00000249636103c0 DEOPT PACKING pc=0x000002496c106f44 sp=0x000000fb39ffebc0
Event: 1.361 Thread 0x00000249636103c0 DEOPT UNPACKING pc=0x0000024973355722 sp=0x000000fb39ffe118 mode 0
Event: 1.361 Thread 0x00000249636103c0 DEOPT PACKING pc=0x000002496c106f44 sp=0x000000fb39ffebc0
Event: 1.361 Thread 0x00000249636103c0 DEOPT UNPACKING pc=0x0000024973355722 sp=0x000000fb39ffe118 mode 0
Event: 1.362 Thread 0x00000249636103c0 DEOPT PACKING pc=0x000002496c106f44 sp=0x000000fb39ffeb20
Event: 1.362 Thread 0x00000249636103c0 DEOPT UNPACKING pc=0x0000024973355722 sp=0x000000fb39ffe078 mode 0
Event: 1.362 Thread 0x00000249636103c0 DEOPT PACKING pc=0x000002496c106f44 sp=0x000000fb39ffebc0
Event: 1.362 Thread 0x00000249636103c0 DEOPT UNPACKING pc=0x0000024973355722 sp=0x000000fb39ffe118 mode 0
Event: 1.362 Thread 0x00000249636103c0 DEOPT PACKING pc=0x000002496c106f44 sp=0x000000fb39ffebc0
Event: 1.362 Thread 0x00000249636103c0 DEOPT UNPACKING pc=0x0000024973355722 sp=0x000000fb39ffe118 mode 0

Classes loaded (20 events):
Event: 0.991 Loading class java/lang/foreign/MemorySegment
Event: 0.991 Loading class java/lang/foreign/MemorySegment done
Event: 1.000 Loading class javax/management/MalformedObjectNameException
Event: 1.000 Loading class javax/management/MalformedObjectNameException done
Event: 1.007 Loading class java/lang/invoke/BoundMethodHandle$Species_LLLL
Event: 1.007 Loading class java/lang/invoke/BoundMethodHandle$Species_LLLL done
Event: 1.012 Loading class java/lang/invoke/BoundMethodHandle$Species_LLLLL
Event: 1.012 Loading class java/lang/invoke/BoundMethodHandle$Species_LLLLL done
Event: 1.016 Loading class java/lang/invoke/BoundMethodHandle$Species_LLLLLL
Event: 1.016 Loading class java/lang/invoke/BoundMethodHandle$Species_LLLLLL done
Event: 1.042 Loading class sun/reflect/misc/MethodUtil
Event: 1.042 Loading class sun/reflect/misc/MethodUtil done
Event: 1.042 Loading class sun/reflect/misc/MethodUtil$1
Event: 1.043 Loading class sun/reflect/misc/MethodUtil$1 done
Event: 1.044 Loading class java/security/AllPermissionCollection
Event: 1.044 Loading class java/security/AllPermissionCollection done
Event: 1.044 Loading class java/security/UnresolvedPermission
Event: 1.044 Loading class java/security/UnresolvedPermission done
Event: 1.045 Loading class java/lang/IllegalAccessException
Event: 1.045 Loading class java/lang/IllegalAccessException done

Classes unloaded (0 events):
No events

Classes redefined (0 events):
No events

Internal exceptions (20 events):
Event: 0.535 Thread 0x0000024900a59a30 Exception <a 'java/lang/NoSuchMethodError'{0x000000008e1656f0}: 'int java.lang.invoke.DirectMethodHandle$Holder.invokeSpecial(java.lang.Object, java.lang.Object, java.lang.Object)'> (0x000000008e1656f0) 
thrown [s\open\src\hotspot\share\interpreter\linkResolver.cpp, line 805]
Event: 0.608 Thread 0x0000024900a59a30 Exception <a 'java/lang/NoSuchMethodError'{0x000000008fbe02c8}: 'java.lang.Object java.lang.invoke.DirectMethodHandle$Holder.invokeStaticInit(java.lang.Object, java.lang.Object, java.lang.Object)'> (0x000000008fbe02c8) 
thrown [s\open\src\hotspot\share\interpreter\linkResolver.cpp, line 805]
Event: 0.778 Thread 0x0000024900a59a30 Exception <a 'java/lang/NoSuchMethodError'{0x000000008ec90fc8}: 'java.lang.Object java.lang.invoke.DirectMethodHandle$Holder.invokeStaticInit(java.lang.Object, int, int, int, int)'> (0x000000008ec90fc8) 
thrown [s\open\src\hotspot\share\interpreter\linkResolver.cpp, line 805]
Event: 0.809 Thread 0x0000024900a59a30 Exception <a 'java/lang/NoSuchMethodError'{0x000000008e013798}: 'java.lang.Object java.lang.invoke.DirectMethodHandle$Holder.invokeStaticInit(java.lang.Object, java.lang.Object, int, int, int, int)'> (0x000000008e013798) 
thrown [s\open\src\hotspot\share\interpreter\linkResolver.cpp, line 805]
Event: 0.837 Thread 0x0000024900a59a30 Exception <a 'java/lang/ClassNotFoundException'{0x000000008e02ad10}: javax/management/remote/rmi/RMIServerImpl_Skel> (0x000000008e02ad10) 
thrown [s\open\src\hotspot\share\classfile\systemDictionary.cpp, line 327]
Event: 0.855 Thread 0x0000024900a59a30 Exception <a 'java/lang/NoSuchMethodError'{0x0000000089d06c88}: 'long java.lang.invoke.DirectMethodHandle$Holder.invokeSpecial(java.lang.Object, java.lang.Object)'> (0x0000000089d06c88) 
thrown [s\open\src\hotspot\share\interpreter\linkResolver.cpp, line 805]
Event: 0.855 Thread 0x0000024900a59a30 Exception <a 'java/lang/NoSuchMethodError'{0x0000000089d0eb40}: 'long java.lang.invoke.Invokers$Holder.invokeExact_MT(java.lang.Object, java.lang.Object)'> (0x0000000089d0eb40) 
thrown [s\open\src\hotspot\share\interpreter\linkResolver.cpp, line 805]
Event: 0.952 Thread 0x00000249464261e0 Exception <a 'java/lang/NoSuchMethodError'{0x000000008f842440}: static [B.<clinit>()V> (0x000000008f842440) 
thrown [s\open\src\hotspot\share\prims\jni.cpp, line 1108]
Event: 0.958 Thread 0x00000249464261e0 Exception <a 'java/lang/NoSuchMethodError'{0x000000008f843d90}: 'java.lang.Object java.lang.invoke.DirectMethodHandle$Holder.invokeInterface(java.lang.Object, java.lang.Object, java.lang.Object)'> (0x000000008f843d90) 
thrown [s\open\src\hotspot\share\interpreter\linkResolver.cpp, line 805]
Event: 0.967 Thread 0x0000024947927110 Exception <a 'java/lang/NoSuchMethodError'{0x000000008f189ee8}: 'java.lang.Object java.lang.invoke.DirectMethodHandle$Holder.invokeSpecial(java.lang.Object, java.lang.Object, java.lang.Object, java.lang.Object, long)'> (0x000000008f189ee8) 
thrown [s\open\src\hotspot\share\interpreter\linkResolver.cpp, line 805]
Event: 0.970 Thread 0x0000024947927110 Exception <a 'java/lang/NoSuchMethodError'{0x000000008f199eb0}: 'java.lang.Object java.lang.invoke.Invokers$Holder.linkToTargetMethod(java.lang.Object, long, java.lang.Object)'> (0x000000008f199eb0) 
thrown [s\open\src\hotspot\share\interpreter\linkResolver.cpp, line 805]
Event: 0.970 Thread 0x00000249464261e0 Exception <a 'java/lang/ClassNotFoundException'{0x000000008f863fc8}: javax/management/remote/rmi/RMIConnectionImpl_Skel> (0x000000008f863fc8) 
thrown [s\open\src\hotspot\share\classfile\systemDictionary.cpp, line 327]
Event: 0.988 Thread 0x00000249464261e0 Exception <a 'java/lang/NoSuchMethodError'{0x000000008f09b650}: 'java.lang.Object java.lang.invoke.DirectMethodHandle$Holder.invokeInterface(java.lang.Object, java.lang.Object)'> (0x000000008f09b650) 
thrown [s\open\src\hotspot\share\interpreter\linkResolver.cpp, line 805]
Event: 1.004 Thread 0x00000249464261e0 Exception <a 'java/lang/NoSuchMethodError'{0x000000008ec909d0}: 'int java.lang.invoke.DelegatingMethodHandle$Holder.reinvoke_L(java.lang.Object, java.lang.Object, java.lang.Object, java.lang.Object, java.lang.Object)'> (0x000000008ec909d0) 
thrown [s\open\src\hotspot\share\interpreter\linkResolver.cpp, line 805]
Event: 1.014 Thread 0x00000249464261e0 Exception <a 'java/lang/NoSuchMethodError'{0x000000008eb9fcc8}: 'java.lang.Object java.lang.invoke.DirectMethodHandle$Holder.invokeStatic(java.lang.Object, java.lang.Object, java.lang.Object, java.lang.Object, java.lang.Object, java.lang.Object, java.lang.Object, java.lang.Object)'> (0x000000008eb9fcc8) 
thrown [s\open\src\hotspot\share\interpreter\linkResolver.cpp, line 805]
Event: 1.018 Thread 0x00000249464261e0 Exception <a 'java/lang/NoSuchMethodError'{0x000000008e910be0}: 'java.lang.Object java.lang.invoke.DirectMethodHandle$Holder.invokeStatic(java.lang.Object, java.lang.Object, java.lang.Object, java.lang.Object, java.lang.Object, java.lang.Object, java.lang.Object, java.lang.Object, java.lang.Object)'> (0x000000008e910be0) 
thrown [s\open\src\hotspot\share\interpreter\linkResolver.cpp, line 805]
Event: 1.022 Thread 0x00000249464261e0 Exception <a 'java/lang/NoSuchMethodError'{0x000000008e924090}: 'java.lang.Object java.lang.invoke.Invokers$Holder.invokeExact_MT(java.lang.Object, java.lang.Object, java.lang.Object, java.lang.Object, java.lang.Object, java.lang.Object)'> (0x000000008e924090) 
thrown [s\open\src\hotspot\share\interpreter\linkResolver.cpp, line 805]
Event: 1.035 Thread 0x00000249464261e0 Exception <a 'java/lang/NoSuchMethodError'{0x000000008e92fe70}: 'java.lang.Object java.lang.invoke.DirectMethodHandle$Holder.invokeInterface(java.lang.Object, java.lang.Object, java.lang.Object, java.lang.Object, java.lang.Object)'> (0x000000008e92fe70) 
thrown [s\open\src\hotspot\share\interpreter\linkResolver.cpp, line 805]
Event: 1.049 Thread 0x00000249464261e0 Exception <a 'java/lang/NoSuchMethodError'{0x000000008e40f5a8}: 'double java.lang.invoke.DirectMethodHandle$Holder.invokeInterface(java.lang.Object, java.lang.Object)'> (0x000000008e40f5a8) 
thrown [s\open\src\hotspot\share\interpreter\linkResolver.cpp, line 805]
Event: 1.051 Thread 0x00000249464261e0 Exception <a 'java/lang/NoSuchMethodError'{0x000000008e420218}: 'double java.lang.invoke.DelegatingMethodHandle$Holder.reinvoke_L(java.lang.Object, java.lang.Object)'> (0x000000008e420218) 
thrown [s\open\src\hotspot\share\interpreter\linkResolver.cpp, line 805]

VM Operations (20 events):
Event: 0.682 Executing VM operation: G1TryInitiateConcMark (G1 Humongous Allocation) done
Event: 0.748 Executing VM operation: HandshakeAllThreads (Deoptimize)
Event: 0.748 Executing VM operation: HandshakeAllThreads (Deoptimize) done
Event: 0.835 Executing VM operation: HandshakeAllThreads (Deoptimize)
Event: 0.835 Executing VM operation: HandshakeAllThreads (Deoptimize) done
Event: 0.836 Executing VM operation: HandshakeAllThreads (Deoptimize)
Event: 0.836 Executing VM operation: HandshakeAllThreads (Deoptimize) done
Event: 0.888 Executing VM operation: G1CollectForAllocation (G1 Evacuation Pause)
Event: 0.892 Executing VM operation: G1CollectForAllocation (G1 Evacuation Pause) done
Event: 0.916 Executing VM operation: G1TryInitiateConcMark (G1 Humongous Allocation)
Event: 0.919 Executing VM operation: G1TryInitiateConcMark (G1 Humongous Allocation) done
Event: 0.968 Executing VM operation: HandshakeAllThreads (Deoptimize)
Event: 0.969 Executing VM operation: HandshakeAllThreads (Deoptimize) done
Event: 1.167 Executing VM operation: G1CollectForAllocation (G1 Evacuation Pause)
Event: 1.170 Executing VM operation: G1CollectForAllocation (G1 Evacuation Pause) done
Event: 1.403 Executing VM operation: G1CollectForAllocation (G1 Evacuation Pause)
Event: 1.406 Executing VM operation: G1CollectForAllocation (G1 Evacuation Pause) done
Event: 1.418 Executing VM operation: G1TryInitiateConcMark (G1 Humongous Allocation)
Event: 1.420 Executing VM operation: G1TryInitiateConcMark (G1 Humongous Allocation) done
Event: 1.722 Executing VM operation: G1CollectForAllocation (G1 Evacuation Pause)

Memory protections (0 events):
No events

Nmethod flushes (0 events):
No events

Events (20 events):
Event: 0.080 Thread 0x0000024900a6b320 Thread added: 0x00000249460fbb10
Event: 0.082 Thread 0x0000024900a6b320 Thread added: 0x0000024946111040
Event: 0.089 Thread 0x00000249460fbb10 Thread added: 0x0000024946117cb0
Event: 0.105 Thread 0x00000249636103c0 Thread added: 0x00000249462f14f0
Event: 0.145 Thread 0x00000249636103c0 Thread added: 0x0000024946268be0
Event: 0.145 Thread 0x00000249636103c0 Thread added: 0x0000024946269b30
Event: 0.182 Thread 0x00000249460fbb10 Thread added: 0x00000249462c8e00
Event: 0.182 Thread 0x00000249460fbb10 Thread added: 0x00000249463a2e70
Event: 0.217 Thread 0x00000249463a2e70 Thread added: 0x00000249462a8c10
Event: 0.217 Thread 0x00000249463a2e70 Thread added: 0x00000249465fe4d0
Event: 0.220 Thread 0x00000249462a8c10 Thread added: 0x00000249466a1bb0
Event: 0.849 Thread 0x0000024900a59a30 Thread added: 0x00000249468515f0
Event: 0.915 Thread 0x00000249468515f0 Thread added: 0x00000249464261e0
Event: 0.938 Thread 0x00000249466a1bb0 Thread exited: 0x00000249466a1bb0
Event: 0.951 Thread 0x00000249464261e0 Thread added: 0x0000024947700810
Event: 0.966 Thread 0x00000249464261e0 Thread added: 0x0000024947927110
Event: 1.563 Thread 0x00000249462c8e00 Thread exited: 0x00000249462c8e00
Event: 1.563 Thread 0x00000249465fe4d0 Thread exited: 0x00000249465fe4d0
Event: 1.679 Thread 0x00000249462a8c10 Thread exited: 0x00000249462a8c10
Event: 1.679 Thread 0x00000249463a2e70 Thread exited: 0x00000249463a2e70


Dynamic libraries:
0x00007ff6f0c20000 - 0x00007ff6f0c2e000 	C:\Users\Sami Elshariff\.jdks\openjdk-24.0.1\bin\java.exe
0x00007ff88c3a0000 - 0x00007ff88c606000 	C:\WINDOWS\SYSTEM32\ntdll.dll
0x00007ff88a8e0000 - 0x00007ff88a9a9000 	C:\WINDOWS\System32\KERNEL32.DLL
0x00007ff889aa0000 - 0x00007ff889e6c000 	C:\WINDOWS\System32\KERNELBASE.dll
0x00007ff889770000 - 0x00007ff8898bb000 	C:\WINDOWS\System32\ucrtbase.dll
0x00007ff886230000 - 0x00007ff886246000 	C:\Users\Sami Elshariff\.jdks\openjdk-24.0.1\bin\jli.dll
0x00007ff886210000 - 0x00007ff88622b000 	C:\Users\Sami Elshariff\.jdks\openjdk-24.0.1\bin\VCRUNTIME140.dll
0x00007ff88aa20000 - 0x00007ff88abea000 	C:\WINDOWS\System32\USER32.dll
0x00007ff871070000 - 0x00007ff87130a000 	C:\WINDOWS\WinSxS\amd64_microsoft.windows.common-controls_6595b64144ccf1df_6.0.26100.3912_none_3e07963ce335137e\COMCTL32.dll
0x00007ff88a130000 - 0x00007ff88a157000 	C:\WINDOWS\System32\win32u.dll
0x00007ff88abf0000 - 0x00007ff88ac99000 	C:\WINDOWS\System32\msvcrt.dll
0x00007ff88c1d0000 - 0x00007ff88c1fb000 	C:\WINDOWS\System32\GDI32.dll
0x00007ff8898c0000 - 0x00007ff8899f2000 	C:\WINDOWS\System32\gdi32full.dll
0x00007ff889f00000 - 0x00007ff889fa3000 	C:\WINDOWS\System32\msvcp_win.dll
0x00007ff88c0c0000 - 0x00007ff88c0f0000 	C:\WINDOWS\System32\IMM32.DLL
0x00007ff886200000 - 0x00007ff88620c000 	C:\Users\Sami Elshariff\.jdks\openjdk-24.0.1\bin\vcruntime140_1.dll
0x00007ff85e820000 - 0x00007ff85e8ae000 	C:\Users\Sami Elshariff\.jdks\openjdk-24.0.1\bin\msvcp140.dll
0x00007ff8300c0000 - 0x00007ff830e62000 	C:\Users\Sami Elshariff\.jdks\openjdk-24.0.1\bin\server\jvm.dll
0x00007ff88bed0000 - 0x00007ff88bf82000 	C:\WINDOWS\System32\ADVAPI32.dll
0x00007ff88c110000 - 0x00007ff88c1b6000 	C:\WINDOWS\System32\sechost.dll
0x00007ff88a350000 - 0x00007ff88a466000 	C:\WINDOWS\System32\RPCRT4.dll
0x00007ff88b350000 - 0x00007ff88b3c4000 	C:\WINDOWS\System32\WS2_32.dll
0x00007ff889380000 - 0x00007ff8893de000 	C:\WINDOWS\SYSTEM32\POWRPROF.dll
0x00007ff87f6c0000 - 0x00007ff87f6f6000 	C:\WINDOWS\SYSTEM32\WINMM.dll
0x00007ff87f700000 - 0x00007ff87f70b000 	C:\WINDOWS\SYSTEM32\VERSION.dll
0x00007ff889360000 - 0x00007ff889374000 	C:\WINDOWS\SYSTEM32\UMPDC.dll
0x00007ff8882f0000 - 0x00007ff88830a000 	C:\WINDOWS\SYSTEM32\kernel.appcore.dll
0x00007ff882490000 - 0x00007ff88249a000 	C:\Users\Sami Elshariff\.jdks\openjdk-24.0.1\bin\jimage.dll
0x00007ff886ef0000 - 0x00007ff887131000 	C:\WINDOWS\SYSTEM32\DBGHELP.DLL
0x00007ff88a550000 - 0x00007ff88a8d4000 	C:\WINDOWS\System32\combase.dll
0x00007ff88c200000 - 0x00007ff88c2e0000 	C:\WINDOWS\System32\OLEAUT32.dll
0x00007ff873370000 - 0x00007ff8733a9000 	C:\WINDOWS\SYSTEM32\dbgcore.DLL
0x00007ff889a00000 - 0x00007ff889a99000 	C:\WINDOWS\System32\bcryptPrimitives.dll
0x00007ff882430000 - 0x00007ff88243f000 	C:\Users\Sami Elshariff\.jdks\openjdk-24.0.1\bin\instrument.dll
0x00007ff87a350000 - 0x00007ff87a36e000 	C:\Users\Sami Elshariff\.jdks\openjdk-24.0.1\bin\java.dll
0x00007ff88b3d0000 - 0x00007ff88b56f000 	C:\WINDOWS\System32\ole32.dll
0x00007ff88b580000 - 0x00007ff88bcad000 	C:\WINDOWS\System32\SHELL32.dll
0x00007ff889530000 - 0x00007ff8896a4000 	C:\WINDOWS\System32\wintypes.dll
0x00007ff887170000 - 0x00007ff8879c6000 	C:\WINDOWS\SYSTEM32\windows.storage.dll
0x00007ff88bdd0000 - 0x00007ff88bebf000 	C:\WINDOWS\System32\SHCORE.dll
0x00007ff88a9b0000 - 0x00007ff88aa19000 	C:\WINDOWS\System32\shlwapi.dll
0x00007ff889440000 - 0x00007ff88946f000 	C:\WINDOWS\SYSTEM32\profapi.dll
0x00007ff858320000 - 0x00007ff8583f7000 	C:\Users\Sami Elshariff\.jdks\openjdk-24.0.1\bin\jsvml.dll
0x00007ff87a2d0000 - 0x00007ff87a2e7000 	C:\Users\Sami Elshariff\.jdks\openjdk-24.0.1\bin\zip.dll
0x00007ff87a720000 - 0x00007ff87a730000 	C:\Users\Sami Elshariff\.jdks\openjdk-24.0.1\bin\net.dll
0x00007ff888860000 - 0x00007ff8888ca000 	C:\WINDOWS\system32\mswsock.dll
0x00007ff87a320000 - 0x00007ff87a336000 	C:\Users\Sami Elshariff\.jdks\openjdk-24.0.1\bin\nio.dll
0x00007ff878800000 - 0x00007ff878809000 	C:\Users\Sami Elshariff\.jdks\openjdk-24.0.1\bin\extnet.dll
0x00007ff887d80000 - 0x00007ff887ea7000 	C:\WINDOWS\SYSTEM32\DNSAPI.dll
0x00007ff887cf0000 - 0x00007ff887d23000 	C:\WINDOWS\SYSTEM32\IPHLPAPI.DLL
0x00007ff88c100000 - 0x00007ff88c10a000 	C:\WINDOWS\System32\NSI.dll
0x00007ff881140000 - 0x00007ff88114b000 	C:\Windows\System32\rasadhlp.dll
0x00007ff882c60000 - 0x00007ff882ce6000 	C:\WINDOWS\System32\fwpuclnt.dll
0x00007ff8787f0000 - 0x00007ff8787fa000 	C:\Users\Sami Elshariff\.jdks\openjdk-24.0.1\bin\management.dll
0x00007ff8787e0000 - 0x00007ff8787eb000 	C:\Users\Sami Elshariff\.jdks\openjdk-24.0.1\bin\management_ext.dll
0x00007ff88c1c0000 - 0x00007ff88c1c8000 	C:\WINDOWS\System32\PSAPI.DLL
0x00007ff888b00000 - 0x00007ff888b1c000 	C:\WINDOWS\SYSTEM32\CRYPTSP.dll
0x00007ff888250000 - 0x00007ff88828a000 	C:\WINDOWS\system32\rsaenh.dll
0x00007ff888900000 - 0x00007ff88892b000 	C:\WINDOWS\SYSTEM32\USERENV.dll
0x00007ff889410000 - 0x00007ff889436000 	C:\WINDOWS\SYSTEM32\bcrypt.dll
0x00007ff888b20000 - 0x00007ff888b2c000 	C:\WINDOWS\SYSTEM32\CRYPTBASE.dll
0x00007ff860080000 - 0x00007ff860098000 	C:\WINDOWS\system32\napinsp.dll
0x00007ff85f6e0000 - 0x00007ff85f6f2000 	C:\WINDOWS\System32\winrnr.dll
0x00007ff852f90000 - 0x00007ff852fc0000 	C:\WINDOWS\system32\nlansp_c.dll
0x00007ff880b40000 - 0x00007ff880b60000 	C:\WINDOWS\system32\wshbth.dll
0x00007ff871390000 - 0x00007ff8713de000 	C:\WINDOWS\SYSTEM32\pdh.dll

JVMTI agents:
C:\Program Files\JetBrains\IntelliJ IDEA 2025.1.1.1\lib\idea_rt.jar path:C:\Users\Sami Elshariff\.jdks\openjdk-24.0.1\bin\instrument.dll, loaded, initialized, instrumentlib options:51224

dbghelp: loaded successfully - version: 4.0.5 - missing functions: none
symbol engine: initialized successfully - sym options: 0x614 - pdb path: .;C:\Users\Sami Elshariff\.jdks\openjdk-24.0.1\bin;C:\WINDOWS\SYSTEM32;C:\WINDOWS\WinSxS\amd64_microsoft.windows.common-controls_6595b64144ccf1df_6.0.26100.3912_none_3e07963ce335137e;C:\Users\Sami Elshariff\.jdks\openjdk-24.0.1\bin\server

VM Arguments:
jvm_args: -javaagent:C:\Program Files\JetBrains\IntelliJ IDEA 2025.1.1.1\lib\idea_rt.jar=51224 -Dfile.encoding=UTF-8 -Dsun.stdout.encoding=UTF-8 -Dsun.stderr.encoding=UTF-8 
java_command: org.example.Main
java_class_path (initial): C:\Users\Sami Elshariff\IdeaProjects\D2IP\target\classes;C:\Users\Sami Elshariff\.m2\repository\com\opencsv\opencsv\5.7.1\opencsv-5.7.1.jar;C:\Users\Sami Elshariff\.m2\repository\org\apache\commons\commons-lang3\3.12.0\commons-lang3-3.12.0.jar;C:\Users\Sami Elshariff\.m2\repository\org\apache\commons\commons-text\1.10.0\commons-text-1.10.0.jar;C:\Users\Sami Elshariff\.m2\repository\commons-beanutils\commons-beanutils\1.9.4\commons-beanutils-1.9.4.jar;C:\Users\Sami Elshariff\.m2\repository\commons-logging\commons-logging\1.2\commons-logging-1.2.jar;C:\Users\Sami Elshariff\.m2\repository\commons-collections\commons-collections\3.2.2\commons-collections-3.2.2.jar;C:\Users\Sami Elshariff\.m2\repository\org\apache\commons\commons-collections4\4.4\commons-collections4-4.4.jar;C:\Users\Sami Elshariff\.m2\repository\org\apache\commons\commons-csv\1.10.0\commons-csv-1.10.0.jar
Launcher Type: SUN_STANDARD

[Global flags]
     intx CICompilerCount                          = 12                                        {product} {ergonomic}
     uint ConcGCThreads                            = 3                                         {product} {ergonomic}
     uint G1ConcRefinementThreads                  = 13                                        {product} {ergonomic}
   size_t G1HeapRegionSize                         = 1048576                                   {product} {ergonomic}
   size_t InitialHeapSize                          = 125829120                                 {product} {ergonomic}
   size_t MarkStackSize                            = 4194304                                   {product} {ergonomic}
   size_t MarkStackSizeMax                         = 536870912                                 {product} {ergonomic}
   size_t MaxHeapSize                              = 2000683008                                {product} {ergonomic}
   size_t MaxNewSize                               = 1199570944                                {product} {ergonomic}
   size_t MinHeapDeltaBytes                        = 1048576                                   {product} {ergonomic}
   size_t MinHeapSize                              = 8388608                                   {product} {ergonomic}
    uintx NonNMethodCodeHeapSize                   = 7602176                                {pd product} {ergonomic}
    uintx NonProfiledCodeHeapSize                  = 122093568                              {pd product} {ergonomic}
    uintx ProfiledCodeHeapSize                     = 121962496                              {pd product} {ergonomic}
    uintx ReservedCodeCacheSize                    = 251658240                              {pd product} {ergonomic}
     bool SegmentedCodeCache                       = true                                      {product} {ergonomic}
   size_t SoftMaxHeapSize                          = 2000683008                             {manageable} {ergonomic}
     bool UseCompressedOops                        = true                           {product lp64_product} {ergonomic}
     bool UseG1GC                                  = true                                      {product} {ergonomic}
     bool UseLargePagesIndividualAllocation        = false                                  {pd product} {ergonomic}

Logging:
Log output configuration:
 #0: stdout all=warning uptime,level,tags foldmultilines=false
 #1: stderr all=off uptime,level,tags foldmultilines=false

Environment Variables:
PATH=C:\WINDOWS\system32;C:\WINDOWS;C:\WINDOWS\System32\Wbem;C:\WINDOWS\System32\WindowsPowerShell\v1.0\;C:\WINDOWS\System32\OpenSSH\;C:\Program Files\nodejs\;C:\Program Files\Git\cmd;C:\Program Files\PowerShell\7\;C:\Users\Sami Elshariff\AppData\Local\Programs\Python\Python313\Scripts\;C:\Users\Sami Elshariff\AppData\Local\Programs\Python\Python313\;C:\Users\Sami Elshariff\AppData\Local\Programs\Python\Python312\Scripts\;C:\Users\Sami Elshariff\AppData\Local\Programs\Python\Python312\;C:\Users\Sami Elshariff\AppData\Local\Microsoft\WindowsApps;;C:\Users\Sami Elshariff\AppData\Local\Programs\Microsoft VS Code\bin;C:\ghcup\bin;C:\Users\Sami Elshariff\AppData\Roaming\npm
USERNAME=Sami Elshariff
OS=Windows_NT
PROCESSOR_IDENTIFIER=AMD64 Family 23 Model 96 Stepping 1, AuthenticAMD
TMP=C:\Users\SAMIEL~1\AppData\Local\Temp
TEMP=C:\Users\SAMIEL~1\AppData\Local\Temp




Periodic native trim disabled

---------------  S Y S T E M  ---------------

OS:
 Windows 11 , 64 bit Build 26100 (10.0.26100.3912)
OS uptime: 16 days 14:43 hours
Hyper-V role detected

CPU: total 16 (initial active 16) (16 cores per cpu, 2 threads per core) family 23 model 96 stepping 1 microcode 0x860010d, cx8, cmov, fxsr, ht, mmx, 3dnowpref, sse, sse2, sse3, ssse3, sse4a, sse4.1, sse4.2, popcnt, lzcnt, tsc, tscinvbit, avx, avx2, aes, clmul, bmi1, bmi2, adx, sha, fma, vzeroupper, clflush, clflushopt, hv, rdtscp, rdpid, f16c
Processor Information for the first 16 processors :
  Max Mhz: 2000, Current Mhz: 2000, Mhz Limit: 2000

Memory: 4k page, system-wide physical 7631M (806M free)
TotalPageFile size 31183M (AvailPageFile size 183M)
current process WorkingSet (physical memory assigned to process): 411M, peak: 412M
current process commit charge ("private bytes"): 465M, peak: 705M

vm_info: OpenJDK 64-Bit Server VM (24.0.1+9-30) for windows-amd64 JRE (24.0.1+9-30), built on 2025-03-05T07:23:45Z with MS VC++ 17.6 (VS2022)

END.
